<?xml version="1.0" encoding="UTF-8"?>
<robot generator="Robot 7.2.2 (Python 3.13.3 on win32)" generated="2025-06-01T17:49:21.583539" rpa="false" schemaversion="5">
<suite id="s1" name="SmartCliff-Admin-Project" source="C:\SmartCliff-Admin-Project">
<suite id="s1-s1" name="Tests" source="C:\SmartCliff-Admin-Project\Tests">
<suite id="s1-s1-s1" name="AboutUs Test" source="C:\SmartCliff-Admin-Project\Tests\AboutUs_Test.robot">
<test id="s1-s1-s1-t1" name="Validate about us landing page" line="10">
<kw name="Open the Browser with URL" owner="GenericResources" type="SETUP">
<kw name="Create Webdriver" owner="SeleniumLibrary">
<msg time="2025-06-01T17:49:22.345980" level="INFO">Creating an instance of the Chrome WebDriver.</msg>
<arg>${browser_name}</arg>
<doc>Creates an instance of Selenium WebDriver.</doc>
<status status="PASS" start="2025-06-01T17:49:22.345555" elapsed="1.744298"/>
</kw>
<kw name="Go To" owner="SeleniumLibrary">
<msg time="2025-06-01T17:49:24.090375" level="INFO">Opening url 'https://smart-cliff-admin.vercel.app/'</msg>
<arg>${url}</arg>
<doc>Navigates the current browser window to the provided ``url``.</doc>
<status status="PASS" start="2025-06-01T17:49:24.090132" elapsed="1.672527"/>
</kw>
<kw name="Maximize Browser Window" owner="SeleniumLibrary">
<doc>Maximizes current browser window.</doc>
<status status="PASS" start="2025-06-01T17:49:25.763096" elapsed="0.062821"/>
</kw>
<kw name="Set Selenium Implicit Wait" owner="SeleniumLibrary">
<arg>10</arg>
<doc>Sets the implicit wait value used by Selenium.</doc>
<status status="PASS" start="2025-06-01T17:49:25.826366" elapsed="0.002818"/>
</kw>
<status status="PASS" start="2025-06-01T17:49:22.344136" elapsed="3.485312"/>
</kw>
<kw name="Fill the valid Login Credentials" owner="GenericResources">
<kw name="Input Text" owner="SeleniumLibrary">
<msg time="2025-06-01T17:49:25.831796" level="INFO">Typing text 'abcraj@gmail.com' into text field 'xpath://input[@id='signin-email']'.</msg>
<arg>xpath://input[@id='signin-email']</arg>
<arg>${valid_username}</arg>
<doc>Types the given ``text`` into the text field identified by ``locator``.</doc>
<status status="PASS" start="2025-06-01T17:49:25.830981" elapsed="0.601422"/>
</kw>
<kw name="Input Password" owner="SeleniumLibrary">
<msg time="2025-06-01T17:49:26.433399" level="INFO">Typing password into text field 'xpath://input[@id='signin-password']'.</msg>
<msg time="2025-06-01T17:49:26.501391" level="INFO">Temporally setting log level to: NONE</msg>
<arg>xpath://input[@id='signin-password']</arg>
<arg>${valid_password}</arg>
<doc>Types the given password into the text field identified by ``locator``.</doc>
<status status="PASS" start="2025-06-01T17:49:26.432846" elapsed="0.276851"/>
</kw>
<kw name="Click Button" owner="SeleniumLibrary">
<msg time="2025-06-01T17:49:26.710548" level="INFO">Clicking button 'xpath://button[@id='signin-submit']'.</msg>
<arg>xpath://button[@id='signin-submit']</arg>
<doc>Clicks the button identified by ``locator``.</doc>
<status status="PASS" start="2025-06-01T17:49:26.710101" elapsed="0.183363"/>
</kw>
<status status="PASS" start="2025-06-01T17:49:25.830211" elapsed="1.063551"/>
</kw>
<kw name="click about us in side menu" owner="AboutUsResource">
<kw name="Wait Until Element Is Visible" owner="SeleniumLibrary">
<arg>${about_icon}</arg>
<arg>timeout=10s</arg>
<doc>Waits until the element ``locator`` is visible.</doc>
<status status="PASS" start="2025-06-01T17:49:26.895330" elapsed="5.676883"/>
</kw>
<kw name="Click Element" owner="SeleniumLibrary">
<msg time="2025-06-01T17:49:32.572897" level="INFO">Clicking element 'xpath://div[contains(@id,'drawer')]/div/ul/li[2]/div'.</msg>
<arg>${about_icon}</arg>
<doc>Click the element identified by ``locator``.</doc>
<status status="PASS" start="2025-06-01T17:49:32.572536" elapsed="0.128512"/>
</kw>
<kw name="Wait Until Element Is Visible" owner="SeleniumLibrary">
<arg>${about_us}</arg>
<arg>timeout=10s</arg>
<doc>Waits until the element ``locator`` is visible.</doc>
<status status="PASS" start="2025-06-01T17:49:32.701340" elapsed="0.259046"/>
</kw>
<kw name="Click Element" owner="SeleniumLibrary">
<msg time="2025-06-01T17:49:32.960879" level="INFO">Clicking element 'xpath://div[contains(@id,'drawer')]/div/ul/li[2]/div[2]/div/div/div/div[1]'.</msg>
<arg>${about_us}</arg>
<doc>Click the element identified by ``locator``.</doc>
<status status="PASS" start="2025-06-01T17:49:32.960589" elapsed="0.158799"/>
</kw>
<status status="PASS" start="2025-06-01T17:49:26.894496" elapsed="6.225060"/>
</kw>
<kw name="User should see the AboutUs control panel" owner="AboutUsResource">
<kw name="Page Should Contain" owner="SeleniumLibrary">
<msg time="2025-06-01T17:49:33.580378" level="INFO">Current page contains text 'About Us Content Panel'.</msg>
<arg>About Us Content Panel</arg>
<doc>Verifies that current page contains ``text``.</doc>
<status status="PASS" start="2025-06-01T17:49:33.120542" elapsed="0.459999"/>
</kw>
<status status="PASS" start="2025-06-01T17:49:33.120028" elapsed="0.460650"/>
</kw>
<kw name="Close browser session" owner="GenericResources" type="TEARDOWN">
<kw name="Close Browser" owner="SeleniumLibrary">
<doc>Closes the current browser.</doc>
<status status="PASS" start="2025-06-01T17:49:33.581611" elapsed="2.297674"/>
</kw>
<status status="PASS" start="2025-06-01T17:49:33.581179" elapsed="2.298285"/>
</kw>
<tag>Regression</tag>
<status status="PASS" start="2025-06-01T17:49:22.342415" elapsed="13.537296"/>
</test>
<test id="s1-s1-s1-t2" name="validate the back button in about us form filling page" line="16">
<kw name="Open the Browser with URL" owner="GenericResources" type="SETUP">
<kw name="Create Webdriver" owner="SeleniumLibrary">
<msg time="2025-06-01T17:49:35.881922" level="INFO">Creating an instance of the Chrome WebDriver.</msg>
<arg>${browser_name}</arg>
<doc>Creates an instance of Selenium WebDriver.</doc>
<status status="PASS" start="2025-06-01T17:49:35.881653" elapsed="1.458616"/>
</kw>
<kw name="Go To" owner="SeleniumLibrary">
<msg time="2025-06-01T17:49:37.340936" level="INFO">Opening url 'https://smart-cliff-admin.vercel.app/'</msg>
<arg>${url}</arg>
<doc>Navigates the current browser window to the provided ``url``.</doc>
<status status="PASS" start="2025-06-01T17:49:37.340585" elapsed="0.856656"/>
</kw>
<kw name="Maximize Browser Window" owner="SeleniumLibrary">
<doc>Maximizes current browser window.</doc>
<status status="PASS" start="2025-06-01T17:49:38.197667" elapsed="0.049572"/>
</kw>
<kw name="Set Selenium Implicit Wait" owner="SeleniumLibrary">
<arg>10</arg>
<doc>Sets the implicit wait value used by Selenium.</doc>
<status status="PASS" start="2025-06-01T17:49:38.247574" elapsed="0.001701"/>
</kw>
<status status="PASS" start="2025-06-01T17:49:35.881241" elapsed="2.368224"/>
</kw>
<kw name="Fill the valid Login Credentials" owner="GenericResources">
<kw name="Input Text" owner="SeleniumLibrary">
<msg time="2025-06-01T17:49:38.251096" level="INFO">Typing text 'abcraj@gmail.com' into text field 'xpath://input[@id='signin-email']'.</msg>
<arg>xpath://input[@id='signin-email']</arg>
<arg>${valid_username}</arg>
<doc>Types the given ``text`` into the text field identified by ``locator``.</doc>
<status status="PASS" start="2025-06-01T17:49:38.250714" elapsed="0.492215"/>
</kw>
<kw name="Input Password" owner="SeleniumLibrary">
<msg time="2025-06-01T17:49:38.743913" level="INFO">Typing password into text field 'xpath://input[@id='signin-password']'.</msg>
<msg time="2025-06-01T17:49:38.902896" level="INFO">Temporally setting log level to: NONE</msg>
<arg>xpath://input[@id='signin-password']</arg>
<arg>${valid_password}</arg>
<doc>Types the given password into the text field identified by ``locator``.</doc>
<status status="PASS" start="2025-06-01T17:49:38.743369" elapsed="0.327209"/>
</kw>
<kw name="Click Button" owner="SeleniumLibrary">
<msg time="2025-06-01T17:49:39.071193" level="INFO">Clicking button 'xpath://button[@id='signin-submit']'.</msg>
<arg>xpath://button[@id='signin-submit']</arg>
<doc>Clicks the button identified by ``locator``.</doc>
<status status="PASS" start="2025-06-01T17:49:39.070873" elapsed="0.166608"/>
</kw>
<status status="PASS" start="2025-06-01T17:49:38.250277" elapsed="0.987710"/>
</kw>
<kw name="click about us in side menu" owner="AboutUsResource">
<kw name="Wait Until Element Is Visible" owner="SeleniumLibrary">
<arg>${about_icon}</arg>
<arg>timeout=10s</arg>
<doc>Waits until the element ``locator`` is visible.</doc>
<status status="PASS" start="2025-06-01T17:49:39.238954" elapsed="3.539480"/>
</kw>
<kw name="Click Element" owner="SeleniumLibrary">
<msg time="2025-06-01T17:49:42.779154" level="INFO">Clicking element 'xpath://div[contains(@id,'drawer')]/div/ul/li[2]/div'.</msg>
<arg>${about_icon}</arg>
<doc>Click the element identified by ``locator``.</doc>
<status status="PASS" start="2025-06-01T17:49:42.778723" elapsed="0.113555"/>
</kw>
<kw name="Wait Until Element Is Visible" owner="SeleniumLibrary">
<arg>${about_us}</arg>
<arg>timeout=10s</arg>
<doc>Waits until the element ``locator`` is visible.</doc>
<status status="PASS" start="2025-06-01T17:49:42.892528" elapsed="0.254414"/>
</kw>
<kw name="Click Element" owner="SeleniumLibrary">
<msg time="2025-06-01T17:49:43.147502" level="INFO">Clicking element 'xpath://div[contains(@id,'drawer')]/div/ul/li[2]/div[2]/div/div/div/div[1]'.</msg>
<arg>${about_us}</arg>
<doc>Click the element identified by ``locator``.</doc>
<status status="PASS" start="2025-06-01T17:49:43.147164" elapsed="0.137201"/>
</kw>
<status status="PASS" start="2025-06-01T17:49:39.238491" elapsed="4.046056"/>
</kw>
<kw name="click add about us button" owner="AboutUsResource">
<kw name="Click Button" owner="SeleniumLibrary">
<msg time="2025-06-01T17:49:43.285793" level="INFO">Clicking button 'xpath://div[contains(@id,'root')]/div[1]/main/div[2]/div[1]/div[2]/button'.</msg>
<arg>${add_abt_us_btn}</arg>
<doc>Clicks the button identified by ``locator``.</doc>
<status status="PASS" start="2025-06-01T17:49:43.285524" elapsed="0.584487"/>
</kw>
<status status="PASS" start="2025-06-01T17:49:43.285123" elapsed="0.585064"/>
</kw>
<kw name="click back button in about us from" owner="AboutUsResource">
<kw name="Click Button" owner="SeleniumLibrary">
<msg time="2025-06-01T17:49:43.871759" level="INFO">Clicking button 'xpath://div[contains(@id,'root')]/div[1]/main/main/div/div/button'.</msg>
<arg>${back_btn}</arg>
<doc>Clicks the button identified by ``locator``.</doc>
<status status="PASS" start="2025-06-01T17:49:43.871308" elapsed="0.161065"/>
</kw>
<status status="PASS" start="2025-06-01T17:49:43.870709" elapsed="0.161795"/>
</kw>
<kw name="User should see the AboutUs control panel" owner="AboutUsResource">
<kw name="Page Should Contain" owner="SeleniumLibrary">
<msg time="2025-06-01T17:49:44.389065" level="INFO">Current page contains text 'About Us Content Panel'.</msg>
<arg>About Us Content Panel</arg>
<doc>Verifies that current page contains ``text``.</doc>
<status status="PASS" start="2025-06-01T17:49:44.033273" elapsed="0.355892"/>
</kw>
<status status="PASS" start="2025-06-01T17:49:44.032945" elapsed="0.356319"/>
</kw>
<kw name="Close browser session" owner="GenericResources" type="TEARDOWN">
<kw name="Close Browser" owner="SeleniumLibrary">
<doc>Closes the current browser.</doc>
<status status="PASS" start="2025-06-01T17:49:44.390194" elapsed="2.301594"/>
</kw>
<status status="PASS" start="2025-06-01T17:49:44.389766" elapsed="2.302191"/>
</kw>
<tag>Regression</tag>
<status status="PASS" start="2025-06-01T17:49:35.880537" elapsed="10.811672"/>
</test>
<test id="s1-s1-s1-t3" name="validate search in about us control panel" line="24">
<kw name="Open the Browser with URL" owner="GenericResources" type="SETUP">
<kw name="Create Webdriver" owner="SeleniumLibrary">
<msg time="2025-06-01T17:49:46.694056" level="INFO">Creating an instance of the Chrome WebDriver.</msg>
<arg>${browser_name}</arg>
<doc>Creates an instance of Selenium WebDriver.</doc>
<status status="PASS" start="2025-06-01T17:49:46.693869" elapsed="1.358521"/>
</kw>
<kw name="Go To" owner="SeleniumLibrary">
<msg time="2025-06-01T17:49:48.052782" level="INFO">Opening url 'https://smart-cliff-admin.vercel.app/'</msg>
<arg>${url}</arg>
<doc>Navigates the current browser window to the provided ``url``.</doc>
<status status="PASS" start="2025-06-01T17:49:48.052601" elapsed="1.276582"/>
</kw>
<kw name="Maximize Browser Window" owner="SeleniumLibrary">
<doc>Maximizes current browser window.</doc>
<status status="PASS" start="2025-06-01T17:49:49.329658" elapsed="0.049465"/>
</kw>
<kw name="Set Selenium Implicit Wait" owner="SeleniumLibrary">
<arg>10</arg>
<doc>Sets the implicit wait value used by Selenium.</doc>
<status status="PASS" start="2025-06-01T17:49:49.379406" elapsed="0.001796"/>
</kw>
<status status="PASS" start="2025-06-01T17:49:46.693527" elapsed="2.687857"/>
</kw>
<kw name="Fill the valid Login Credentials" owner="GenericResources">
<kw name="Input Text" owner="SeleniumLibrary">
<msg time="2025-06-01T17:49:49.382579" level="INFO">Typing text 'abcraj@gmail.com' into text field 'xpath://input[@id='signin-email']'.</msg>
<arg>xpath://input[@id='signin-email']</arg>
<arg>${valid_username}</arg>
<doc>Types the given ``text`` into the text field identified by ``locator``.</doc>
<status status="PASS" start="2025-06-01T17:49:49.382260" elapsed="0.441435"/>
</kw>
<kw name="Input Password" owner="SeleniumLibrary">
<msg time="2025-06-01T17:49:49.824520" level="INFO">Typing password into text field 'xpath://input[@id='signin-password']'.</msg>
<msg time="2025-06-01T17:49:49.895602" level="INFO">Temporally setting log level to: NONE</msg>
<arg>xpath://input[@id='signin-password']</arg>
<arg>${valid_password}</arg>
<doc>Types the given password into the text field identified by ``locator``.</doc>
<status status="PASS" start="2025-06-01T17:49:49.824029" elapsed="0.249484"/>
</kw>
<kw name="Click Button" owner="SeleniumLibrary">
<msg time="2025-06-01T17:49:50.074385" level="INFO">Clicking button 'xpath://button[@id='signin-submit']'.</msg>
<arg>xpath://button[@id='signin-submit']</arg>
<doc>Clicks the button identified by ``locator``.</doc>
<status status="PASS" start="2025-06-01T17:49:50.073945" elapsed="0.182472"/>
</kw>
<status status="PASS" start="2025-06-01T17:49:49.381856" elapsed="0.874852"/>
</kw>
<kw name="click about us in side menu" owner="AboutUsResource">
<kw name="Wait Until Element Is Visible" owner="SeleniumLibrary">
<arg>${about_icon}</arg>
<arg>timeout=10s</arg>
<doc>Waits until the element ``locator`` is visible.</doc>
<status status="PASS" start="2025-06-01T17:49:50.258190" elapsed="3.185345"/>
</kw>
<kw name="Click Element" owner="SeleniumLibrary">
<msg time="2025-06-01T17:49:53.444197" level="INFO">Clicking element 'xpath://div[contains(@id,'drawer')]/div/ul/li[2]/div'.</msg>
<arg>${about_icon}</arg>
<doc>Click the element identified by ``locator``.</doc>
<status status="PASS" start="2025-06-01T17:49:53.443855" elapsed="0.116271"/>
</kw>
<kw name="Wait Until Element Is Visible" owner="SeleniumLibrary">
<arg>${about_us}</arg>
<arg>timeout=10s</arg>
<doc>Waits until the element ``locator`` is visible.</doc>
<status status="PASS" start="2025-06-01T17:49:53.560411" elapsed="0.248108"/>
</kw>
<kw name="Click Element" owner="SeleniumLibrary">
<msg time="2025-06-01T17:49:53.808940" level="INFO">Clicking element 'xpath://div[contains(@id,'drawer')]/div/ul/li[2]/div[2]/div/div/div/div[1]'.</msg>
<arg>${about_us}</arg>
<doc>Click the element identified by ``locator``.</doc>
<status status="PASS" start="2025-06-01T17:49:53.808707" elapsed="0.143413"/>
</kw>
<status status="PASS" start="2025-06-01T17:49:50.257406" elapsed="3.694827"/>
</kw>
<kw name="Set Variable" owner="BuiltIn">
<msg time="2025-06-01T17:49:53.952815" level="INFO">${search_keyword} = test</msg>
<var>${search_keyword}</var>
<arg>test</arg>
<doc>Returns the given values which can then be assigned to a variables.</doc>
<status status="PASS" start="2025-06-01T17:49:53.952596" elapsed="0.000250"/>
</kw>
<kw name="Input Text" owner="SeleniumLibrary">
<msg time="2025-06-01T17:49:53.953331" level="INFO">Typing text 'test' into text field 'xpath://div[contains(@id,'root')]/div[1]/main/div[2]/div[1]/div[1]/div/div//input'.</msg>
<arg>${search_box}</arg>
<arg>${search_keyword}</arg>
<doc>Types the given ``text`` into the text field identified by ``locator``.</doc>
<status status="PASS" start="2025-06-01T17:49:53.953119" elapsed="0.522908"/>
</kw>
<kw name="Sleep" owner="BuiltIn">
<msg time="2025-06-01T17:49:56.477430" level="INFO">Slept 2 seconds.</msg>
<arg>2s</arg>
<doc>Pauses the test executed for the given time.</doc>
<status status="PASS" start="2025-06-01T17:49:54.476895" elapsed="2.000673"/>
</kw>
<kw name="Extract Titles From Table" owner="AboutUsResource">
<kw name="Wait Until Element Is Visible" owner="SeleniumLibrary">
<arg>${title_column}</arg>
<arg>timeout=10s</arg>
<doc>Waits until the element ``locator`` is visible.</doc>
<status status="PASS" start="2025-06-01T17:49:56.478453" elapsed="0.021380"/>
</kw>
<kw name="Get WebElements" owner="SeleniumLibrary">
<msg time="2025-06-01T17:49:56.509756" level="INFO">${title_cells} = [&lt;selenium.webdriver.remote.webelement.WebElement (session="2d301bb351e47a35629896631e73cb03", element="f.A7849932A06BE7C9817D72A3EDE27FD7.d.E2DFBEB702268BD7C985BCEDA4ABDDCA.e.137")&gt;, &lt;selenium.webdri...</msg>
<var>${title_cells}</var>
<arg>${title_column}</arg>
<doc>Returns a list of WebElement objects matching the ``locator``.</doc>
<status status="PASS" start="2025-06-01T17:49:56.500045" elapsed="0.009804"/>
</kw>
<kw name="Create List" owner="BuiltIn">
<msg time="2025-06-01T17:49:56.510338" level="INFO">@{titles} = [ ]</msg>
<var>@{titles}</var>
<doc>Returns a list containing given items.</doc>
<status status="PASS" start="2025-06-01T17:49:56.510085" elapsed="0.000295"/>
</kw>
<for flavor="IN">
<iter>
<kw name="Get Text" owner="SeleniumLibrary">
<msg time="2025-06-01T17:49:56.527268" level="INFO">${title} = Testing</msg>
<var>${title}</var>
<arg>${cell}</arg>
<doc>Returns the text value of the element identified by ``locator``.</doc>
<status status="PASS" start="2025-06-01T17:49:56.510940" elapsed="0.016396"/>
</kw>
<kw name="Append To List" owner="Collections">
<arg>${titles}</arg>
<arg>${title}</arg>
<doc>Adds ``values`` to the end of ``list``.</doc>
<status status="PASS" start="2025-06-01T17:49:56.527585" elapsed="0.000408"/>
</kw>
<kw name="Log To Console" owner="BuiltIn">
<arg>Title found: ${title}</arg>
<doc>Logs the given message to the console.</doc>
<status status="PASS" start="2025-06-01T17:49:56.528277" elapsed="0.000438"/>
</kw>
<var name="${cell}">&lt;selenium.webdriver.remote.webelement.WebElement (session="2d301bb351e47a35629896631e73cb03", element="f.A7849932A06BE7C9817D72A3EDE27FD7.d.E2DFBEB702268BD7C985BCEDA4ABDDCA.e.137")&gt;</var>
<status status="PASS" start="2025-06-01T17:49:56.510787" elapsed="0.018046"/>
</iter>
<iter>
<kw name="Get Text" owner="SeleniumLibrary">
<msg time="2025-06-01T17:49:56.538937" level="INFO">${title} = test case 1</msg>
<var>${title}</var>
<arg>${cell}</arg>
<doc>Returns the text value of the element identified by ``locator``.</doc>
<status status="PASS" start="2025-06-01T17:49:56.529194" elapsed="0.009793"/>
</kw>
<kw name="Append To List" owner="Collections">
<arg>${titles}</arg>
<arg>${title}</arg>
<doc>Adds ``values`` to the end of ``list``.</doc>
<status status="PASS" start="2025-06-01T17:49:56.539158" elapsed="0.000217"/>
</kw>
<kw name="Log To Console" owner="BuiltIn">
<arg>Title found: ${title}</arg>
<doc>Logs the given message to the console.</doc>
<status status="PASS" start="2025-06-01T17:49:56.539551" elapsed="0.000380"/>
</kw>
<var name="${cell}">&lt;selenium.webdriver.remote.webelement.WebElement (session="2d301bb351e47a35629896631e73cb03", element="f.A7849932A06BE7C9817D72A3EDE27FD7.d.E2DFBEB702268BD7C985BCEDA4ABDDCA.e.138")&gt;</var>
<status status="PASS" start="2025-06-01T17:49:56.529055" elapsed="0.010995"/>
</iter>
<iter>
<kw name="Get Text" owner="SeleniumLibrary">
<msg time="2025-06-01T17:49:56.551632" level="INFO">${title} = sample editing test case</msg>
<var>${title}</var>
<arg>${cell}</arg>
<doc>Returns the text value of the element identified by ``locator``.</doc>
<status status="PASS" start="2025-06-01T17:49:56.540468" elapsed="0.011216"/>
</kw>
<kw name="Append To List" owner="Collections">
<arg>${titles}</arg>
<arg>${title}</arg>
<doc>Adds ``values`` to the end of ``list``.</doc>
<status status="PASS" start="2025-06-01T17:49:56.551875" elapsed="0.000202"/>
</kw>
<kw name="Log To Console" owner="BuiltIn">
<arg>Title found: ${title}</arg>
<doc>Logs the given message to the console.</doc>
<status status="PASS" start="2025-06-01T17:49:56.552226" elapsed="0.000341"/>
</kw>
<var name="${cell}">&lt;selenium.webdriver.remote.webelement.WebElement (session="2d301bb351e47a35629896631e73cb03", element="f.A7849932A06BE7C9817D72A3EDE27FD7.d.E2DFBEB702268BD7C985BCEDA4ABDDCA.e.139")&gt;</var>
<status status="PASS" start="2025-06-01T17:49:56.540281" elapsed="0.012379"/>
</iter>
<var>${cell}</var>
<value>@{title_cells}</value>
<status status="PASS" start="2025-06-01T17:49:56.510501" elapsed="0.042252"/>
</for>
<return>
<value>@{titles}</value>
<status status="PASS" start="2025-06-01T17:49:56.552870" elapsed="0.000160"/>
</return>
<msg time="2025-06-01T17:49:56.553524" level="INFO">@{titles} = [ Testing | test case 1 | sample editing test case ]</msg>
<var>@{titles}</var>
<status status="PASS" start="2025-06-01T17:49:56.478105" elapsed="0.075511"/>
</kw>
<kw name="Log Many" owner="BuiltIn">
<msg time="2025-06-01T17:49:56.554259" level="INFO">Testing</msg>
<msg time="2025-06-01T17:49:56.554297" level="INFO">test case 1</msg>
<msg time="2025-06-01T17:49:56.554332" level="INFO">sample editing test case</msg>
<arg>@{titles}</arg>
<doc>Logs the given messages as separate entries using the INFO level.</doc>
<status status="PASS" start="2025-06-01T17:49:56.554061" elapsed="0.000314"/>
</kw>
<kw name="Validate Search Results" owner="AboutUsResource">
<kw name="Wait Until Element Is Visible" owner="SeleniumLibrary">
<arg>${title_column}</arg>
<arg>timeout=10s</arg>
<doc>Waits until the element ``locator`` is visible.</doc>
<status status="PASS" start="2025-06-01T17:49:56.555297" elapsed="0.022985"/>
</kw>
<kw name="Get WebElements" owner="SeleniumLibrary">
<msg time="2025-06-01T17:49:56.594233" level="INFO">${title_cells} = [&lt;selenium.webdriver.remote.webelement.WebElement (session="2d301bb351e47a35629896631e73cb03", element="f.A7849932A06BE7C9817D72A3EDE27FD7.d.E2DFBEB702268BD7C985BCEDA4ABDDCA.e.137")&gt;, &lt;selenium.webdri...</msg>
<var>${title_cells}</var>
<arg>${title_column}</arg>
<doc>Returns a list of WebElement objects matching the ``locator``.</doc>
<status status="PASS" start="2025-06-01T17:49:56.578498" elapsed="0.015798"/>
</kw>
<kw name="Should Not Be Empty" owner="BuiltIn">
<msg time="2025-06-01T17:49:56.594856" level="INFO">Length is 3.</msg>
<arg>${title_cells}</arg>
<arg>msg=No results found for search term '${search_term}'</arg>
<doc>Verifies that the given item is not empty.</doc>
<status status="PASS" start="2025-06-01T17:49:56.594519" elapsed="0.000392"/>
</kw>
<for flavor="IN">
<iter>
<kw name="Get Text" owner="SeleniumLibrary">
<msg time="2025-06-01T17:49:56.607365" level="INFO">${title} = Testing</msg>
<var>${title}</var>
<arg>${cell}</arg>
<doc>Returns the text value of the element identified by ``locator``.</doc>
<status status="PASS" start="2025-06-01T17:49:56.595297" elapsed="0.012118"/>
</kw>
<kw name="Log To Console" owner="BuiltIn">
<arg>${title}</arg>
<doc>Logs the given message to the console.</doc>
<status status="PASS" start="2025-06-01T17:49:56.607771" elapsed="0.001200"/>
</kw>
<kw name="Should Contain" owner="BuiltIn">
<arg>${title.lower()}</arg>
<arg>${search_term.lower()}</arg>
<arg>msg=Title '${title}' doesn't contain search term '${search_term}'</arg>
<doc>Fails if ``container`` does not contain ``item`` one or more times.</doc>
<status status="PASS" start="2025-06-01T17:49:56.609340" elapsed="0.001704"/>
</kw>
<var name="${cell}">&lt;selenium.webdriver.remote.webelement.WebElement (session="2d301bb351e47a35629896631e73cb03", element="f.A7849932A06BE7C9817D72A3EDE27FD7.d.E2DFBEB702268BD7C985BCEDA4ABDDCA.e.137")&gt;</var>
<status status="PASS" start="2025-06-01T17:49:56.595194" elapsed="0.015942"/>
</iter>
<iter>
<kw name="Get Text" owner="SeleniumLibrary">
<msg time="2025-06-01T17:49:56.620725" level="INFO">${title} = test case 1</msg>
<var>${title}</var>
<arg>${cell}</arg>
<doc>Returns the text value of the element identified by ``locator``.</doc>
<status status="PASS" start="2025-06-01T17:49:56.611594" elapsed="0.009196"/>
</kw>
<kw name="Log To Console" owner="BuiltIn">
<arg>${title}</arg>
<doc>Logs the given message to the console.</doc>
<status status="PASS" start="2025-06-01T17:49:56.621009" elapsed="0.000439"/>
</kw>
<kw name="Should Contain" owner="BuiltIn">
<arg>${title.lower()}</arg>
<arg>${search_term.lower()}</arg>
<arg>msg=Title '${title}' doesn't contain search term '${search_term}'</arg>
<doc>Fails if ``container`` does not contain ``item`` one or more times.</doc>
<status status="PASS" start="2025-06-01T17:49:56.621652" elapsed="0.001072"/>
</kw>
<var name="${cell}">&lt;selenium.webdriver.remote.webelement.WebElement (session="2d301bb351e47a35629896631e73cb03", element="f.A7849932A06BE7C9817D72A3EDE27FD7.d.E2DFBEB702268BD7C985BCEDA4ABDDCA.e.138")&gt;</var>
<status status="PASS" start="2025-06-01T17:49:56.611441" elapsed="0.011422"/>
</iter>
<iter>
<kw name="Get Text" owner="SeleniumLibrary">
<msg time="2025-06-01T17:49:56.633641" level="INFO">${title} = sample editing test case</msg>
<var>${title}</var>
<arg>${cell}</arg>
<doc>Returns the text value of the element identified by ``locator``.</doc>
<status status="PASS" start="2025-06-01T17:49:56.623144" elapsed="0.010546"/>
</kw>
<kw name="Log To Console" owner="BuiltIn">
<arg>${title}</arg>
<doc>Logs the given message to the console.</doc>
<status status="PASS" start="2025-06-01T17:49:56.633856" elapsed="0.000325"/>
</kw>
<kw name="Should Contain" owner="BuiltIn">
<arg>${title.lower()}</arg>
<arg>${search_term.lower()}</arg>
<arg>msg=Title '${title}' doesn't contain search term '${search_term}'</arg>
<doc>Fails if ``container`` does not contain ``item`` one or more times.</doc>
<status status="PASS" start="2025-06-01T17:49:56.634319" elapsed="0.001135"/>
</kw>
<var name="${cell}">&lt;selenium.webdriver.remote.webelement.WebElement (session="2d301bb351e47a35629896631e73cb03", element="f.A7849932A06BE7C9817D72A3EDE27FD7.d.E2DFBEB702268BD7C985BCEDA4ABDDCA.e.139")&gt;</var>
<status status="PASS" start="2025-06-01T17:49:56.623015" elapsed="0.012511"/>
</iter>
<var>${cell}</var>
<value>@{title_cells}</value>
<status status="PASS" start="2025-06-01T17:49:56.594998" elapsed="0.040580"/>
</for>
<arg>${search_keyword}</arg>
<status status="PASS" start="2025-06-01T17:49:56.554883" elapsed="0.080783"/>
</kw>
<kw name="Close browser session" owner="GenericResources" type="TEARDOWN">
<kw name="Close Browser" owner="SeleniumLibrary">
<doc>Closes the current browser.</doc>
<status status="PASS" start="2025-06-01T17:49:56.636413" elapsed="2.254278"/>
</kw>
<status status="PASS" start="2025-06-01T17:49:56.636170" elapsed="2.254744"/>
</kw>
<tag>Regression</tag>
<status status="PASS" start="2025-06-01T17:49:46.692905" elapsed="12.198261"/>
</test>
<test id="s1-s1-s1-t4" name="validate invalid search in about us control panel" line="35">
<kw name="Open the Browser with URL" owner="GenericResources" type="SETUP">
<kw name="Create Webdriver" owner="SeleniumLibrary">
<msg time="2025-06-01T17:49:58.893479" level="INFO">Creating an instance of the Chrome WebDriver.</msg>
<arg>${browser_name}</arg>
<doc>Creates an instance of Selenium WebDriver.</doc>
<status status="PASS" start="2025-06-01T17:49:58.893229" elapsed="1.476016"/>
</kw>
<kw name="Go To" owner="SeleniumLibrary">
<msg time="2025-06-01T17:50:00.369716" level="INFO">Opening url 'https://smart-cliff-admin.vercel.app/'</msg>
<arg>${url}</arg>
<doc>Navigates the current browser window to the provided ``url``.</doc>
<status status="PASS" start="2025-06-01T17:50:00.369487" elapsed="1.174869"/>
</kw>
<kw name="Maximize Browser Window" owner="SeleniumLibrary">
<doc>Maximizes current browser window.</doc>
<status status="PASS" start="2025-06-01T17:50:01.544692" elapsed="0.046696"/>
</kw>
<kw name="Set Selenium Implicit Wait" owner="SeleniumLibrary">
<arg>10</arg>
<doc>Sets the implicit wait value used by Selenium.</doc>
<status status="PASS" start="2025-06-01T17:50:01.591663" elapsed="0.001839"/>
</kw>
<status status="PASS" start="2025-06-01T17:49:58.892799" elapsed="2.700856"/>
</kw>
<kw name="Fill the valid Login Credentials" owner="GenericResources">
<kw name="Input Text" owner="SeleniumLibrary">
<msg time="2025-06-01T17:50:01.594910" level="INFO">Typing text 'abcraj@gmail.com' into text field 'xpath://input[@id='signin-email']'.</msg>
<arg>xpath://input[@id='signin-email']</arg>
<arg>${valid_username}</arg>
<doc>Types the given ``text`` into the text field identified by ``locator``.</doc>
<status status="PASS" start="2025-06-01T17:50:01.594623" elapsed="0.422552"/>
</kw>
<kw name="Input Password" owner="SeleniumLibrary">
<msg time="2025-06-01T17:50:02.018088" level="INFO">Typing password into text field 'xpath://input[@id='signin-password']'.</msg>
<msg time="2025-06-01T17:50:02.077505" level="INFO">Temporally setting log level to: NONE</msg>
<arg>xpath://input[@id='signin-password']</arg>
<arg>${valid_password}</arg>
<doc>Types the given password into the text field identified by ``locator``.</doc>
<status status="PASS" start="2025-06-01T17:50:02.017636" elapsed="0.224471"/>
</kw>
<kw name="Click Button" owner="SeleniumLibrary">
<msg time="2025-06-01T17:50:02.242504" level="INFO">Clicking button 'xpath://button[@id='signin-submit']'.</msg>
<arg>xpath://button[@id='signin-submit']</arg>
<doc>Clicks the button identified by ``locator``.</doc>
<status status="PASS" start="2025-06-01T17:50:02.242301" elapsed="0.187368"/>
</kw>
<status status="PASS" start="2025-06-01T17:50:01.594137" elapsed="0.835871"/>
</kw>
<kw name="click about us in side menu" owner="AboutUsResource">
<kw name="Wait Until Element Is Visible" owner="SeleniumLibrary">
<arg>${about_icon}</arg>
<arg>timeout=10s</arg>
<doc>Waits until the element ``locator`` is visible.</doc>
<status status="PASS" start="2025-06-01T17:50:02.431361" elapsed="3.645675"/>
</kw>
<kw name="Click Element" owner="SeleniumLibrary">
<msg time="2025-06-01T17:50:06.077722" level="INFO">Clicking element 'xpath://div[contains(@id,'drawer')]/div/ul/li[2]/div'.</msg>
<arg>${about_icon}</arg>
<doc>Click the element identified by ``locator``.</doc>
<status status="PASS" start="2025-06-01T17:50:06.077313" elapsed="0.115907"/>
</kw>
<kw name="Wait Until Element Is Visible" owner="SeleniumLibrary">
<arg>${about_us}</arg>
<arg>timeout=10s</arg>
<doc>Waits until the element ``locator`` is visible.</doc>
<status status="PASS" start="2025-06-01T17:50:06.193510" elapsed="0.251841"/>
</kw>
<kw name="Click Element" owner="SeleniumLibrary">
<msg time="2025-06-01T17:50:06.445800" level="INFO">Clicking element 'xpath://div[contains(@id,'drawer')]/div/ul/li[2]/div[2]/div/div/div/div[1]'.</msg>
<arg>${about_us}</arg>
<doc>Click the element identified by ``locator``.</doc>
<status status="PASS" start="2025-06-01T17:50:06.445549" elapsed="0.145671"/>
</kw>
<status status="PASS" start="2025-06-01T17:50:02.430729" elapsed="4.160659"/>
</kw>
<kw name="Set Variable" owner="BuiltIn">
<msg time="2025-06-01T17:50:06.592182" level="INFO">${search_keyword} = invalid text</msg>
<var>${search_keyword}</var>
<arg>invalid text</arg>
<doc>Returns the given values which can then be assigned to a variables.</doc>
<status status="PASS" start="2025-06-01T17:50:06.591884" elapsed="0.000346"/>
</kw>
<kw name="Input Text" owner="SeleniumLibrary">
<msg time="2025-06-01T17:50:06.592912" level="INFO">Typing text 'invalid text' into text field 'xpath://div[contains(@id,'root')]/div[1]/main/div[2]/div[1]/div[1]/div/div//input'.</msg>
<arg>${search_box}</arg>
<arg>${search_keyword}</arg>
<doc>Types the given ``text`` into the text field identified by ``locator``.</doc>
<status status="PASS" start="2025-06-01T17:50:06.592592" elapsed="0.607233"/>
</kw>
<kw name="page should not contain entries" owner="AboutUsResource">
<kw name="Page Should Contain" owner="SeleniumLibrary">
<msg time="2025-06-01T17:50:07.217283" level="INFO">Current page contains text 'No entries found'.</msg>
<arg>No entries found</arg>
<doc>Verifies that current page contains ``text``.</doc>
<status status="PASS" start="2025-06-01T17:50:07.200818" elapsed="0.016595"/>
</kw>
<status status="PASS" start="2025-06-01T17:50:07.200447" elapsed="0.017091"/>
</kw>
<kw name="Close browser session" owner="GenericResources" type="TEARDOWN">
<kw name="Close Browser" owner="SeleniumLibrary">
<doc>Closes the current browser.</doc>
<status status="PASS" start="2025-06-01T17:50:07.218278" elapsed="2.261518"/>
</kw>
<status status="PASS" start="2025-06-01T17:50:07.217999" elapsed="2.261966"/>
</kw>
<tag>Regression</tag>
<status status="PASS" start="2025-06-01T17:49:58.892047" elapsed="10.588245"/>
</test>
<doc>Test on About us</doc>
<status status="PASS" start="2025-06-01T17:49:21.652965" elapsed="47.828551"/>
</suite>
<suite id="s1-s1-s2" name="AboutUs Test Excel" source="C:\SmartCliff-Admin-Project\Tests\AboutUs_Test_Excel.robot">
<test id="s1-s1-s2-t1" name="AboutUs panel row addition and deletion validation" line="16">
<kw name="Open the Browser with URL" owner="GenericResources" type="SETUP">
<kw name="Create Webdriver" owner="SeleniumLibrary">
<msg time="2025-06-01T17:50:10.692011" level="INFO">Creating an instance of the Chrome WebDriver.</msg>
<arg>${browser_name}</arg>
<doc>Creates an instance of Selenium WebDriver.</doc>
<status status="PASS" start="2025-06-01T17:50:10.691816" elapsed="1.376710"/>
</kw>
<kw name="Go To" owner="SeleniumLibrary">
<msg time="2025-06-01T17:50:12.069006" level="INFO">Opening url 'https://smart-cliff-admin.vercel.app/'</msg>
<arg>${url}</arg>
<doc>Navigates the current browser window to the provided ``url``.</doc>
<status status="PASS" start="2025-06-01T17:50:12.068795" elapsed="1.646109"/>
</kw>
<kw name="Maximize Browser Window" owner="SeleniumLibrary">
<doc>Maximizes current browser window.</doc>
<status status="PASS" start="2025-06-01T17:50:13.715213" elapsed="0.045425"/>
</kw>
<kw name="Set Selenium Implicit Wait" owner="SeleniumLibrary">
<arg>10</arg>
<doc>Sets the implicit wait value used by Selenium.</doc>
<status status="PASS" start="2025-06-01T17:50:13.761032" elapsed="0.002403"/>
</kw>
<status status="PASS" start="2025-06-01T17:50:10.691402" elapsed="3.072339"/>
</kw>
<kw name="validating multiple inputs on test form validation">
<kw name="Run Keyword If" owner="BuiltIn">
<kw name="Add Valid Row">
<kw name="Fill the valid Login Credentials" owner="GenericResources">
<kw name="Input Text" owner="SeleniumLibrary">
<msg time="2025-06-01T17:50:13.770961" level="INFO">Typing text 'abcraj@gmail.com' into text field 'xpath://input[@id='signin-email']'.</msg>
<arg>xpath://input[@id='signin-email']</arg>
<arg>${valid_username}</arg>
<doc>Types the given ``text`` into the text field identified by ``locator``.</doc>
<status status="PASS" start="2025-06-01T17:50:13.770109" elapsed="0.435073"/>
</kw>
<kw name="Input Password" owner="SeleniumLibrary">
<msg time="2025-06-01T17:50:14.205928" level="INFO">Typing password into text field 'xpath://input[@id='signin-password']'.</msg>
<msg time="2025-06-01T17:50:14.263935" level="INFO">Temporally setting log level to: NONE</msg>
<arg>xpath://input[@id='signin-password']</arg>
<arg>${valid_password}</arg>
<doc>Types the given password into the text field identified by ``locator``.</doc>
<status status="PASS" start="2025-06-01T17:50:14.205564" elapsed="0.248048"/>
</kw>
<kw name="Click Button" owner="SeleniumLibrary">
<msg time="2025-06-01T17:50:14.454090" level="INFO">Clicking button 'xpath://button[@id='signin-submit']'.</msg>
<arg>xpath://button[@id='signin-submit']</arg>
<doc>Clicks the button identified by ``locator``.</doc>
<status status="PASS" start="2025-06-01T17:50:14.453860" elapsed="0.195062"/>
</kw>
<status status="PASS" start="2025-06-01T17:50:13.767905" elapsed="0.881232"/>
</kw>
<kw name="click about us in side menu" owner="AboutUsResource">
<kw name="Wait Until Element Is Visible" owner="SeleniumLibrary">
<arg>${about_icon}</arg>
<arg>timeout=10s</arg>
<doc>Waits until the element ``locator`` is visible.</doc>
<status status="PASS" start="2025-06-01T17:50:14.650101" elapsed="3.009084"/>
</kw>
<kw name="Click Element" owner="SeleniumLibrary">
<msg time="2025-06-01T17:50:17.659917" level="INFO">Clicking element 'xpath://div[contains(@id,'drawer')]/div/ul/li[2]/div'.</msg>
<arg>${about_icon}</arg>
<doc>Click the element identified by ``locator``.</doc>
<status status="PASS" start="2025-06-01T17:50:17.659568" elapsed="0.125106"/>
</kw>
<kw name="Wait Until Element Is Visible" owner="SeleniumLibrary">
<arg>${about_us}</arg>
<arg>timeout=10s</arg>
<doc>Waits until the element ``locator`` is visible.</doc>
<status status="PASS" start="2025-06-01T17:50:17.785006" elapsed="0.259378"/>
</kw>
<kw name="Click Element" owner="SeleniumLibrary">
<msg time="2025-06-01T17:50:18.044987" level="INFO">Clicking element 'xpath://div[contains(@id,'drawer')]/div/ul/li[2]/div[2]/div/div/div/div[1]'.</msg>
<arg>${about_us}</arg>
<doc>Click the element identified by ``locator``.</doc>
<status status="PASS" start="2025-06-01T17:50:18.044647" elapsed="0.157051"/>
</kw>
<status status="PASS" start="2025-06-01T17:50:14.649410" elapsed="3.552422"/>
</kw>
<kw name="click add about us button" owner="AboutUsResource">
<kw name="Click Button" owner="SeleniumLibrary">
<msg time="2025-06-01T17:50:18.202583" level="INFO">Clicking button 'xpath://div[contains(@id,'root')]/div[1]/main/div[2]/div[1]/div[2]/button'.</msg>
<arg>${add_abt_us_btn}</arg>
<doc>Clicks the button identified by ``locator``.</doc>
<status status="PASS" start="2025-06-01T17:50:18.202342" elapsed="0.971069"/>
</kw>
<status status="PASS" start="2025-06-01T17:50:18.202010" elapsed="0.971617"/>
</kw>
<kw name="fill add about us form" owner="AboutUsResource">
<kw name="Wait Until Element Is Enabled" owner="SeleniumLibrary">
<arg>${content_title_input}</arg>
<doc>Waits until the element ``locator`` is enabled.</doc>
<status status="PASS" start="2025-06-01T17:50:19.174652" elapsed="0.033511"/>
</kw>
<kw name="Input Text" owner="SeleniumLibrary">
<msg time="2025-06-01T17:50:19.208898" level="INFO">Typing text 'hello saranya' into text field 'xpath://div[contains(@id,'root')]/div[1]/main/main/div/form/div[1]/div//child::input'.</msg>
<arg>${content_title_input}</arg>
<arg>${content_text}</arg>
<doc>Types the given ``text`` into the text field identified by ``locator``.</doc>
<status status="PASS" start="2025-06-01T17:50:19.208436" elapsed="0.286960"/>
</kw>
<kw name="Wait Until Element Is Visible" owner="SeleniumLibrary">
<arg>${DROPZONE_AREA}</arg>
<doc>Waits until the element ``locator`` is visible.</doc>
<status status="PASS" start="2025-06-01T17:50:19.495661" elapsed="0.028335"/>
</kw>
<kw name="Wait Until Element Is Enabled" owner="SeleniumLibrary">
<arg>${DROPZONE_AREA}</arg>
<doc>Waits until the element ``locator`` is enabled.</doc>
<status status="PASS" start="2025-06-01T17:50:19.524426" elapsed="0.034073"/>
</kw>
<kw name="Click Element" owner="SeleniumLibrary">
<msg time="2025-06-01T17:50:19.559075" level="INFO">Clicking element 'xpath://div[contains(@id,'root')]/div[1]/main/main/div/form/div[2]/div'.</msg>
<arg>${DROPZONE_AREA}</arg>
<doc>Click the element identified by ``locator``.</doc>
<status status="PASS" start="2025-06-01T17:50:19.558721" elapsed="0.094520"/>
</kw>
<kw name="Sleep" owner="BuiltIn">
<msg time="2025-06-01T17:50:20.654193" level="INFO">Slept 1 second.</msg>
<arg>1s</arg>
<doc>Pauses the test executed for the given time.</doc>
<status status="PASS" start="2025-06-01T17:50:19.653645" elapsed="1.000855"/>
</kw>
<kw name="Set Variable" owner="BuiltIn">
<msg time="2025-06-01T17:50:20.655171" level="INFO">${file_input} = css:input[type="file"][accept="image/*"]</msg>
<var>${file_input}</var>
<arg>css:input[type="file"][accept="image/*"]</arg>
<doc>Returns the given values which can then be assigned to a variables.</doc>
<status status="PASS" start="2025-06-01T17:50:20.654811" elapsed="0.000410"/>
</kw>
<kw name="Choose File" owner="SeleniumLibrary">
<msg time="2025-06-01T17:50:20.656171" level="INFO">Sending C:\SmartCliff-Admin-Project\Resources\about_us_images\Sunlit Park Walk.jpg to browser.</msg>
<arg>${file_input}</arg>
<arg>${IMAGE_PATH}</arg>
<doc>Inputs the ``file_path`` into the file input field ``locator``.</doc>
<status status="PASS" start="2025-06-01T17:50:20.655735" elapsed="0.049411"/>
</kw>
<kw name="Click Button" owner="SeleniumLibrary">
<msg time="2025-06-01T17:50:20.705856" level="INFO">Clicking button 'xpath://div[contains(@id,'root')]/div[1]/main/main/div/form/button'.</msg>
<arg>${submit_content}</arg>
<doc>Clicks the button identified by ``locator``.</doc>
<status status="PASS" start="2025-06-01T17:50:20.705441" elapsed="0.174576"/>
</kw>
<kw name="Sleep" owner="BuiltIn">
<msg time="2025-06-01T17:50:25.880650" level="INFO">Slept 5 seconds.</msg>
<arg>5s</arg>
<doc>Pauses the test executed for the given time.</doc>
<status status="PASS" start="2025-06-01T17:50:20.880255" elapsed="5.000546"/>
</kw>
<arg>${content_text}</arg>
<status status="PASS" start="2025-06-01T17:50:19.174048" elapsed="6.707048"/>
</kw>
<kw name="Check new row is added in about us panel" owner="AboutUsResource">
<kw name="Page Should Contain" owner="SeleniumLibrary">
<msg time="2025-06-01T17:50:25.900731" level="INFO">Current page contains text 'hello saranya'.</msg>
<arg>${content_text}</arg>
<doc>Verifies that current page contains ``text``.</doc>
<status status="PASS" start="2025-06-01T17:50:25.881852" elapsed="0.019005"/>
</kw>
<arg>${content_text}</arg>
<status status="PASS" start="2025-06-01T17:50:25.881355" elapsed="0.019645"/>
</kw>
<kw name="delete the new row in about us panel" owner="AboutUsResource">
<kw name="Click Element" owner="SeleniumLibrary">
<msg time="2025-06-01T17:50:25.902115" level="INFO">Clicking element 'xpath=//td[contains(text(),'hello saranya')]//following-sibling::td//button[2]'.</msg>
<arg>xpath=//td[contains(text(),'${content_text}')]//following-sibling::td//button[2]</arg>
<doc>Click the element identified by ``locator``.</doc>
<status status="PASS" start="2025-06-01T17:50:25.901769" elapsed="0.124728"/>
</kw>
<kw name="Click Button" owner="SeleniumLibrary">
<msg time="2025-06-01T17:50:26.027188" level="INFO">Clicking button 'xpath:/html/body/div[2]/div[3]/div/div[2]/button[2]'.</msg>
<arg>${del_again}</arg>
<doc>Clicks the button identified by ``locator``.</doc>
<status status="PASS" start="2025-06-01T17:50:26.026776" elapsed="0.116325"/>
</kw>
<kw name="Sleep" owner="BuiltIn">
<msg time="2025-06-01T17:50:27.144031" level="INFO">Slept 1 second.</msg>
<arg>1s</arg>
<doc>Pauses the test executed for the given time.</doc>
<status status="PASS" start="2025-06-01T17:50:26.143337" elapsed="1.000901"/>
</kw>
<arg>${content_text}</arg>
<status status="PASS" start="2025-06-01T17:50:25.901257" elapsed="1.243092"/>
</kw>
<kw name="Logout From Current Session" owner="LogoutResource">
<kw name="Wait Until Element Is Not Visible" owner="SeleniumLibrary">
<arg>${toast}</arg>
<arg>timeout=15s</arg>
<doc>Waits until the element ``locator`` is not visible.</doc>
<status status="PASS" start="2025-06-01T17:50:27.145207" elapsed="10.013950"/>
</kw>
<kw name="Set Variable" owner="BuiltIn">
<msg time="2025-06-01T17:50:37.159598" level="INFO">${logout_success} = False</msg>
<var>${logout_success}</var>
<arg>False</arg>
<doc>Returns the given values which can then be assigned to a variables.</doc>
<status status="PASS" start="2025-06-01T17:50:37.159391" elapsed="0.000263"/>
</kw>
<while condition="${RETRY_COUNT} &lt; ${MAX_RETRIES}">
<iter>
<kw name="Click Element" owner="SeleniumLibrary">
<msg time="2025-06-01T17:50:37.160617" level="INFO">Clicking element 'xpath://*[@id="appbar"]/div/button[2]'.</msg>
<arg>${user_icon}</arg>
<doc>Click the element identified by ``locator``.</doc>
<status status="PASS" start="2025-06-01T17:50:37.160302" elapsed="0.113825"/>
</kw>
<kw name="Wait Until Element Is Visible" owner="SeleniumLibrary">
<arg>${logout_btn}</arg>
<arg>timeout=5s</arg>
<doc>Waits until the element ``locator`` is visible.</doc>
<status status="PASS" start="2025-06-01T17:50:37.274398" elapsed="0.027656"/>
</kw>
<kw name="Click Element" owner="SeleniumLibrary">
<msg time="2025-06-01T17:50:37.302606" level="INFO">Clicking element 'xpath://*[@id="account-menu"]/div[3]/ul/li[2]'.</msg>
<arg>${logout_btn}</arg>
<doc>Click the element identified by ``locator``.</doc>
<status status="PASS" start="2025-06-01T17:50:37.302305" elapsed="0.398703"/>
</kw>
<kw name="Run Keyword And Return Status" owner="BuiltIn">
<kw name="Page Should Contain Element" owner="SeleniumLibrary">
<msg time="2025-06-01T17:50:38.018240" level="INFO">Current page contains element 'xpath://*[@id="signin-submit"]'.</msg>
<arg>${login_btn}</arg>
<doc>Verifies that element ``locator`` is found on the current page.</doc>
<status status="PASS" start="2025-06-01T17:50:37.701951" elapsed="0.316473"/>
</kw>
<msg time="2025-06-01T17:50:38.018626" level="INFO">${logout_success} = True</msg>
<var>${logout_success}</var>
<arg>Page Should Contain Element</arg>
<arg>${login_btn}</arg>
<doc>Runs the given keyword with given arguments and returns the status as a Boolean value.</doc>
<status status="PASS" start="2025-06-01T17:50:37.701343" elapsed="0.317326"/>
</kw>
<kw name="Get Location" owner="SeleniumLibrary">
<msg time="2025-06-01T17:50:38.028494" level="INFO">${url} = https://smart-cliff-admin.vercel.app/</msg>
<var>${url}</var>
<doc>Returns the current browser window URL.</doc>
<status status="PASS" start="2025-06-01T17:50:38.018936" elapsed="0.009638"/>
</kw>
<kw name="Log To Console" owner="BuiltIn">
<arg>Current URL: ${url}</arg>
<doc>Logs the given message to the console.</doc>
<status status="PASS" start="2025-06-01T17:50:38.028888" elapsed="0.000671"/>
</kw>
<kw name="Exit For Loop If" owner="BuiltIn">
<msg time="2025-06-01T17:50:38.030477" level="INFO">Exiting for loop altogether.</msg>
<arg>${logout_success}</arg>
<doc>Stops executing the enclosing FOR loop if the ``condition`` is true.</doc>
<status status="PASS" start="2025-06-01T17:50:38.029995" elapsed="0.000666"/>
</kw>
<kw name="Sleep" owner="BuiltIn">
<arg>1s</arg>
<doc>Pauses the test executed for the given time.</doc>
<status status="NOT RUN" start="2025-06-01T17:50:38.030932" elapsed="0.000060"/>
</kw>
<kw name="Evaluate" owner="BuiltIn">
<var>${RETRY_COUNT}</var>
<arg>${RETRY_COUNT} + 1</arg>
<doc>Evaluates the given expression in Python and returns the result.</doc>
<status status="NOT RUN" start="2025-06-01T17:50:38.031164" elapsed="0.000060"/>
</kw>
<status status="PASS" start="2025-06-01T17:50:37.159787" elapsed="0.871526"/>
</iter>
<status status="PASS" start="2025-06-01T17:50:37.159783" elapsed="0.871639"/>
</while>
<if>
<branch type="IF" condition="not ${logout_success}">
<kw name="Fail" owner="BuiltIn">
<arg>Logout failed after ${MAX_RETRIES} retries</arg>
<doc>Fails the test with the given message and optionally alters its tags.</doc>
<status status="NOT RUN" start="2025-06-01T17:50:38.032156" elapsed="0.000056"/>
</kw>
<status status="NOT RUN" start="2025-06-01T17:50:38.031626" elapsed="0.000756"/>
</branch>
<status status="PASS" start="2025-06-01T17:50:38.031574" elapsed="0.000886"/>
</if>
<status status="PASS" start="2025-06-01T17:50:27.144719" elapsed="10.887847"/>
</kw>
<arg>${content_text}</arg>
<status status="PASS" start="2025-06-01T17:50:13.767043" elapsed="24.265602"/>
</kw>
<arg>'${test_case_name}' == 'add_valid'</arg>
<arg>Add Valid Row</arg>
<arg>${content_text}</arg>
<arg>ELSE IF</arg>
<arg>'${test_case_name}' == 'delete_valid'</arg>
<arg>Delete Valid Row</arg>
<arg>${content_text}</arg>
<arg>ELSE IF</arg>
<arg>'${test_case_name}' == 'empty_title'</arg>
<arg>Add row without title</arg>
<arg>${content_text}</arg>
<arg>ELSE IF</arg>
<arg>'${test_case_name}' == 'empty_image'</arg>
<arg>Add row without image</arg>
<arg>${content_text}</arg>
<arg>ELSE IF</arg>
<arg>'${test_case_name}' == 'remove_image'</arg>
<arg>Add row without image</arg>
<arg>${content_text}</arg>
<arg>ELSE IF</arg>
<arg>'${test_case_name}' == 'same_title'</arg>
<arg>Add row with same title</arg>
<arg>${content_text}</arg>
<arg>ELSE IF</arg>
<arg>'${test_case_name}' == 'edit_new_title'</arg>
<arg>edit title in the about us panel</arg>
<arg>${content_text}</arg>
<arg>${new_title}</arg>
<doc>Runs the given keyword with the given arguments, if ``condition`` is true.</doc>
<status status="PASS" start="2025-06-01T17:50:13.765805" elapsed="24.266944"/>
</kw>
<arg>content_text=hello saranya</arg>
<arg>test_case_name=add_valid</arg>
<status status="PASS" start="2025-06-01T17:50:13.764523" elapsed="24.268721"/>
</kw>
<kw name="Close browser session" owner="GenericResources" type="TEARDOWN">
<kw name="Close Browser" owner="SeleniumLibrary">
<doc>Closes the current browser.</doc>
<status status="PASS" start="2025-06-01T17:50:38.034396" elapsed="2.325835"/>
</kw>
<status status="PASS" start="2025-06-01T17:50:38.033840" elapsed="2.326624"/>
</kw>
<tag>Regression</tag>
<status status="PASS" start="2025-06-01T17:50:10.688964" elapsed="29.671785"/>
</test>
<test id="s1-s1-s2-t2" name="AboutUs panel row addition and deletion validation" line="16">
<kw name="Open the Browser with URL" owner="GenericResources" type="SETUP">
<kw name="Create Webdriver" owner="SeleniumLibrary">
<msg time="2025-06-01T17:50:40.364422" level="INFO">Creating an instance of the Chrome WebDriver.</msg>
<arg>${browser_name}</arg>
<doc>Creates an instance of Selenium WebDriver.</doc>
<status status="PASS" start="2025-06-01T17:50:40.364182" elapsed="1.435696"/>
</kw>
<kw name="Go To" owner="SeleniumLibrary">
<msg time="2025-06-01T17:50:41.800565" level="INFO">Opening url 'https://smart-cliff-admin.vercel.app/'</msg>
<arg>${url}</arg>
<doc>Navigates the current browser window to the provided ``url``.</doc>
<status status="PASS" start="2025-06-01T17:50:41.800212" elapsed="2.046742"/>
</kw>
<kw name="Maximize Browser Window" owner="SeleniumLibrary">
<doc>Maximizes current browser window.</doc>
<status status="PASS" start="2025-06-01T17:50:43.847283" elapsed="0.036530"/>
</kw>
<kw name="Set Selenium Implicit Wait" owner="SeleniumLibrary">
<arg>10</arg>
<doc>Sets the implicit wait value used by Selenium.</doc>
<status status="PASS" start="2025-06-01T17:50:43.884104" elapsed="0.002082"/>
</kw>
<status status="PASS" start="2025-06-01T17:50:40.363734" elapsed="3.522703"/>
</kw>
<kw name="validating multiple inputs on test form validation">
<kw name="Run Keyword If" owner="BuiltIn">
<kw name="Delete Valid Row">
<kw name="Fill the valid Login Credentials" owner="GenericResources">
<kw name="Input Text" owner="SeleniumLibrary">
<msg time="2025-06-01T17:50:43.890609" level="INFO">Typing text 'abcraj@gmail.com' into text field 'xpath://input[@id='signin-email']'.</msg>
<arg>xpath://input[@id='signin-email']</arg>
<arg>${valid_username}</arg>
<doc>Types the given ``text`` into the text field identified by ``locator``.</doc>
<status status="PASS" start="2025-06-01T17:50:43.890208" elapsed="0.845225"/>
</kw>
<kw name="Input Password" owner="SeleniumLibrary">
<msg time="2025-06-01T17:50:44.736116" level="INFO">Typing password into text field 'xpath://input[@id='signin-password']'.</msg>
<msg time="2025-06-01T17:50:44.796816" level="INFO">Temporally setting log level to: NONE</msg>
<arg>xpath://input[@id='signin-password']</arg>
<arg>${valid_password}</arg>
<doc>Types the given password into the text field identified by ``locator``.</doc>
<status status="PASS" start="2025-06-01T17:50:44.735758" elapsed="0.229414"/>
</kw>
<kw name="Click Button" owner="SeleniumLibrary">
<msg time="2025-06-01T17:50:44.966230" level="INFO">Clicking button 'xpath://button[@id='signin-submit']'.</msg>
<arg>xpath://button[@id='signin-submit']</arg>
<doc>Clicks the button identified by ``locator``.</doc>
<status status="PASS" start="2025-06-01T17:50:44.965646" elapsed="0.255594"/>
</kw>
<status status="PASS" start="2025-06-01T17:50:43.889483" elapsed="1.332071"/>
</kw>
<kw name="click about us in side menu" owner="AboutUsResource">
<kw name="Wait Until Element Is Visible" owner="SeleniumLibrary">
<arg>${about_icon}</arg>
<arg>timeout=10s</arg>
<doc>Waits until the element ``locator`` is visible.</doc>
<status status="PASS" start="2025-06-01T17:50:45.222758" elapsed="3.751002"/>
</kw>
<kw name="Click Element" owner="SeleniumLibrary">
<msg time="2025-06-01T17:50:48.974491" level="INFO">Clicking element 'xpath://div[contains(@id,'drawer')]/div/ul/li[2]/div'.</msg>
<arg>${about_icon}</arg>
<doc>Click the element identified by ``locator``.</doc>
<status status="PASS" start="2025-06-01T17:50:48.974072" elapsed="0.123411"/>
</kw>
<kw name="Wait Until Element Is Visible" owner="SeleniumLibrary">
<arg>${about_us}</arg>
<arg>timeout=10s</arg>
<doc>Waits until the element ``locator`` is visible.</doc>
<status status="PASS" start="2025-06-01T17:50:49.097801" elapsed="0.256504"/>
</kw>
<kw name="Click Element" owner="SeleniumLibrary">
<msg time="2025-06-01T17:50:49.354986" level="INFO">Clicking element 'xpath://div[contains(@id,'drawer')]/div/ul/li[2]/div[2]/div/div/div/div[1]'.</msg>
<arg>${about_us}</arg>
<doc>Click the element identified by ``locator``.</doc>
<status status="PASS" start="2025-06-01T17:50:49.354602" elapsed="0.156777"/>
</kw>
<status status="PASS" start="2025-06-01T17:50:45.222035" elapsed="4.289499"/>
</kw>
<kw name="click add about us button" owner="AboutUsResource">
<kw name="Click Button" owner="SeleniumLibrary">
<msg time="2025-06-01T17:50:49.512344" level="INFO">Clicking button 'xpath://div[contains(@id,'root')]/div[1]/main/div[2]/div[1]/div[2]/button'.</msg>
<arg>${add_abt_us_btn}</arg>
<doc>Clicks the button identified by ``locator``.</doc>
<status status="PASS" start="2025-06-01T17:50:49.512095" elapsed="0.522261"/>
</kw>
<status status="PASS" start="2025-06-01T17:50:49.511755" elapsed="0.522800"/>
</kw>
<kw name="fill add about us form" owner="AboutUsResource">
<kw name="Wait Until Element Is Enabled" owner="SeleniumLibrary">
<arg>${content_title_input}</arg>
<doc>Waits until the element ``locator`` is enabled.</doc>
<status status="PASS" start="2025-06-01T17:50:50.035461" elapsed="0.033208"/>
</kw>
<kw name="Input Text" owner="SeleniumLibrary">
<msg time="2025-06-01T17:50:50.069429" level="INFO">Typing text 'delete' into text field 'xpath://div[contains(@id,'root')]/div[1]/main/main/div/form/div[1]/div//child::input'.</msg>
<arg>${content_title_input}</arg>
<arg>${content_text}</arg>
<doc>Types the given ``text`` into the text field identified by ``locator``.</doc>
<status status="PASS" start="2025-06-01T17:50:50.068963" elapsed="0.196556"/>
</kw>
<kw name="Wait Until Element Is Visible" owner="SeleniumLibrary">
<arg>${DROPZONE_AREA}</arg>
<doc>Waits until the element ``locator`` is visible.</doc>
<status status="PASS" start="2025-06-01T17:50:50.265783" elapsed="0.022829"/>
</kw>
<kw name="Wait Until Element Is Enabled" owner="SeleniumLibrary">
<arg>${DROPZONE_AREA}</arg>
<doc>Waits until the element ``locator`` is enabled.</doc>
<status status="PASS" start="2025-06-01T17:50:50.288873" elapsed="0.027947"/>
</kw>
<kw name="Click Element" owner="SeleniumLibrary">
<msg time="2025-06-01T17:50:50.317461" level="INFO">Clicking element 'xpath://div[contains(@id,'root')]/div[1]/main/main/div/form/div[2]/div'.</msg>
<arg>${DROPZONE_AREA}</arg>
<doc>Click the element identified by ``locator``.</doc>
<status status="PASS" start="2025-06-01T17:50:50.317112" elapsed="0.088015"/>
</kw>
<kw name="Sleep" owner="BuiltIn">
<msg time="2025-06-01T17:50:51.406210" level="INFO">Slept 1 second.</msg>
<arg>1s</arg>
<doc>Pauses the test executed for the given time.</doc>
<status status="PASS" start="2025-06-01T17:50:50.405408" elapsed="1.001035"/>
</kw>
<kw name="Set Variable" owner="BuiltIn">
<msg time="2025-06-01T17:50:51.407068" level="INFO">${file_input} = css:input[type="file"][accept="image/*"]</msg>
<var>${file_input}</var>
<arg>css:input[type="file"][accept="image/*"]</arg>
<doc>Returns the given values which can then be assigned to a variables.</doc>
<status status="PASS" start="2025-06-01T17:50:51.406686" elapsed="0.000735"/>
</kw>
<kw name="Choose File" owner="SeleniumLibrary">
<msg time="2025-06-01T17:50:51.408266" level="INFO">Sending C:\SmartCliff-Admin-Project\Resources\about_us_images\Sunlit Park Walk.jpg to browser.</msg>
<arg>${file_input}</arg>
<arg>${IMAGE_PATH}</arg>
<doc>Inputs the ``file_path`` into the file input field ``locator``.</doc>
<status status="PASS" start="2025-06-01T17:50:51.407733" elapsed="0.063737"/>
</kw>
<kw name="Click Button" owner="SeleniumLibrary">
<msg time="2025-06-01T17:50:51.472339" level="INFO">Clicking button 'xpath://div[contains(@id,'root')]/div[1]/main/main/div/form/button'.</msg>
<arg>${submit_content}</arg>
<doc>Clicks the button identified by ``locator``.</doc>
<status status="PASS" start="2025-06-01T17:50:51.471854" elapsed="0.242026"/>
</kw>
<kw name="Sleep" owner="BuiltIn">
<msg time="2025-06-01T17:50:56.715202" level="INFO">Slept 5 seconds.</msg>
<arg>5s</arg>
<doc>Pauses the test executed for the given time.</doc>
<status status="PASS" start="2025-06-01T17:50:51.714237" elapsed="5.001124"/>
</kw>
<arg>${content_text}</arg>
<status status="PASS" start="2025-06-01T17:50:50.034862" elapsed="6.680649"/>
</kw>
<kw name="Check new row is added in about us panel" owner="AboutUsResource">
<kw name="Page Should Contain" owner="SeleniumLibrary">
<msg time="2025-06-01T17:50:56.734390" level="INFO">Current page contains text 'delete'.</msg>
<arg>${content_text}</arg>
<doc>Verifies that current page contains ``text``.</doc>
<status status="PASS" start="2025-06-01T17:50:56.716278" elapsed="0.018220"/>
</kw>
<arg>${content_text}</arg>
<status status="PASS" start="2025-06-01T17:50:56.715780" elapsed="0.018850"/>
</kw>
<kw name="delete the new row in about us panel" owner="AboutUsResource">
<kw name="Click Element" owner="SeleniumLibrary">
<msg time="2025-06-01T17:50:56.735667" level="INFO">Clicking element 'xpath=//td[contains(text(),'delete')]//following-sibling::td//button[2]'.</msg>
<arg>xpath=//td[contains(text(),'${content_text}')]//following-sibling::td//button[2]</arg>
<doc>Click the element identified by ``locator``.</doc>
<status status="PASS" start="2025-06-01T17:50:56.735332" elapsed="0.146435"/>
</kw>
<kw name="Click Button" owner="SeleniumLibrary">
<msg time="2025-06-01T17:50:56.882402" level="INFO">Clicking button 'xpath:/html/body/div[2]/div[3]/div/div[2]/button[2]'.</msg>
<arg>${del_again}</arg>
<doc>Clicks the button identified by ``locator``.</doc>
<status status="PASS" start="2025-06-01T17:50:56.882066" elapsed="0.111090"/>
</kw>
<kw name="Sleep" owner="BuiltIn">
<msg time="2025-06-01T17:50:57.994132" level="INFO">Slept 1 second.</msg>
<arg>1s</arg>
<doc>Pauses the test executed for the given time.</doc>
<status status="PASS" start="2025-06-01T17:50:56.993422" elapsed="1.000853"/>
</kw>
<arg>${content_text}</arg>
<status status="PASS" start="2025-06-01T17:50:56.734861" elapsed="1.259565"/>
</kw>
<kw name="the specified row should be removed in about us panel" owner="AboutUsResource">
<kw name="Page Should Not Contain" owner="SeleniumLibrary">
<msg time="2025-06-01T17:51:18.020750" level="INFO">Current page does not contain text 'delete'.</msg>
<arg>${content_text}</arg>
<doc>Verifies the current page does not contain ``text``.</doc>
<status status="PASS" start="2025-06-01T17:50:57.995170" elapsed="20.025665"/>
</kw>
<arg>${content_text}</arg>
<status status="PASS" start="2025-06-01T17:50:57.994692" elapsed="20.026290"/>
</kw>
<arg>${content_text}</arg>
<status status="PASS" start="2025-06-01T17:50:43.888782" elapsed="34.132293"/>
</kw>
<arg>'${test_case_name}' == 'add_valid'</arg>
<arg>Add Valid Row</arg>
<arg>${content_text}</arg>
<arg>ELSE IF</arg>
<arg>'${test_case_name}' == 'delete_valid'</arg>
<arg>Delete Valid Row</arg>
<arg>${content_text}</arg>
<arg>ELSE IF</arg>
<arg>'${test_case_name}' == 'empty_title'</arg>
<arg>Add row without title</arg>
<arg>${content_text}</arg>
<arg>ELSE IF</arg>
<arg>'${test_case_name}' == 'empty_image'</arg>
<arg>Add row without image</arg>
<arg>${content_text}</arg>
<arg>ELSE IF</arg>
<arg>'${test_case_name}' == 'remove_image'</arg>
<arg>Add row without image</arg>
<arg>${content_text}</arg>
<arg>ELSE IF</arg>
<arg>'${test_case_name}' == 'same_title'</arg>
<arg>Add row with same title</arg>
<arg>${content_text}</arg>
<arg>ELSE IF</arg>
<arg>'${test_case_name}' == 'edit_new_title'</arg>
<arg>edit title in the about us panel</arg>
<arg>${content_text}</arg>
<arg>${new_title}</arg>
<doc>Runs the given keyword with the given arguments, if ``condition`` is true.</doc>
<status status="PASS" start="2025-06-01T17:50:43.887925" elapsed="34.133253"/>
</kw>
<arg>content_text=delete</arg>
<arg>test_case_name=delete_valid</arg>
<status status="PASS" start="2025-06-01T17:50:43.887203" elapsed="34.134217"/>
</kw>
<kw name="Close browser session" owner="GenericResources" type="TEARDOWN">
<kw name="Close Browser" owner="SeleniumLibrary">
<doc>Closes the current browser.</doc>
<status status="PASS" start="2025-06-01T17:51:18.022504" elapsed="2.322286"/>
</kw>
<status status="PASS" start="2025-06-01T17:51:18.021992" elapsed="2.322935"/>
</kw>
<tag>Regression</tag>
<status status="PASS" start="2025-06-01T17:50:40.361548" elapsed="39.983620"/>
</test>
<test id="s1-s1-s2-t3" name="AboutUs panel row addition and deletion validation" line="16">
<kw name="Open the Browser with URL" owner="GenericResources" type="SETUP">
<kw name="Create Webdriver" owner="SeleniumLibrary">
<msg time="2025-06-01T17:51:20.349619" level="INFO">Creating an instance of the Chrome WebDriver.</msg>
<arg>${browser_name}</arg>
<doc>Creates an instance of Selenium WebDriver.</doc>
<status status="PASS" start="2025-06-01T17:51:20.349415" elapsed="2.268131"/>
</kw>
<kw name="Go To" owner="SeleniumLibrary">
<msg time="2025-06-01T17:51:22.618121" level="INFO">Opening url 'https://smart-cliff-admin.vercel.app/'</msg>
<arg>${url}</arg>
<doc>Navigates the current browser window to the provided ``url``.</doc>
<status status="PASS" start="2025-06-01T17:51:22.617816" elapsed="0.890541"/>
</kw>
<kw name="Maximize Browser Window" owner="SeleniumLibrary">
<doc>Maximizes current browser window.</doc>
<status status="PASS" start="2025-06-01T17:51:23.508751" elapsed="0.041272"/>
</kw>
<kw name="Set Selenium Implicit Wait" owner="SeleniumLibrary">
<arg>10</arg>
<doc>Sets the implicit wait value used by Selenium.</doc>
<status status="PASS" start="2025-06-01T17:51:23.550355" elapsed="0.001930"/>
</kw>
<status status="PASS" start="2025-06-01T17:51:20.349013" elapsed="3.203463"/>
</kw>
<kw name="validating multiple inputs on test form validation">
<kw name="Run Keyword If" owner="BuiltIn">
<kw name="Add row without title">
<kw name="Fill the valid Login Credentials" owner="GenericResources">
<kw name="Input Text" owner="SeleniumLibrary">
<msg time="2025-06-01T17:51:23.556213" level="INFO">Typing text 'abcraj@gmail.com' into text field 'xpath://input[@id='signin-email']'.</msg>
<arg>xpath://input[@id='signin-email']</arg>
<arg>${valid_username}</arg>
<doc>Types the given ``text`` into the text field identified by ``locator``.</doc>
<status status="PASS" start="2025-06-01T17:51:23.555865" elapsed="0.351126"/>
</kw>
<kw name="Input Password" owner="SeleniumLibrary">
<msg time="2025-06-01T17:51:23.907833" level="INFO">Typing password into text field 'xpath://input[@id='signin-password']'.</msg>
<msg time="2025-06-01T17:51:24.033356" level="INFO">Temporally setting log level to: NONE</msg>
<arg>xpath://input[@id='signin-password']</arg>
<arg>${valid_password}</arg>
<doc>Types the given password into the text field identified by ``locator``.</doc>
<status status="PASS" start="2025-06-01T17:51:23.907362" elapsed="0.302114"/>
</kw>
<kw name="Click Button" owner="SeleniumLibrary">
<msg time="2025-06-01T17:51:24.210191" level="INFO">Clicking button 'xpath://button[@id='signin-submit']'.</msg>
<arg>xpath://button[@id='signin-submit']</arg>
<doc>Clicks the button identified by ``locator``.</doc>
<status status="PASS" start="2025-06-01T17:51:24.209829" elapsed="0.167216"/>
</kw>
<status status="PASS" start="2025-06-01T17:51:23.555405" elapsed="0.821881"/>
</kw>
<kw name="click about us in side menu" owner="AboutUsResource">
<kw name="Wait Until Element Is Visible" owner="SeleniumLibrary">
<arg>${about_icon}</arg>
<arg>timeout=10s</arg>
<doc>Waits until the element ``locator`` is visible.</doc>
<status status="PASS" start="2025-06-01T17:51:24.378073" elapsed="4.385290"/>
</kw>
<kw name="Click Element" owner="SeleniumLibrary">
<msg time="2025-06-01T17:51:28.764153" level="INFO">Clicking element 'xpath://div[contains(@id,'drawer')]/div/ul/li[2]/div'.</msg>
<arg>${about_icon}</arg>
<doc>Click the element identified by ``locator``.</doc>
<status status="PASS" start="2025-06-01T17:51:28.763714" elapsed="0.121735"/>
</kw>
<kw name="Wait Until Element Is Visible" owner="SeleniumLibrary">
<arg>${about_us}</arg>
<arg>timeout=10s</arg>
<doc>Waits until the element ``locator`` is visible.</doc>
<status status="PASS" start="2025-06-01T17:51:28.885751" elapsed="0.251473"/>
</kw>
<kw name="Click Element" owner="SeleniumLibrary">
<msg time="2025-06-01T17:51:29.137834" level="INFO">Clicking element 'xpath://div[contains(@id,'drawer')]/div/ul/li[2]/div[2]/div/div/div/div[1]'.</msg>
<arg>${about_us}</arg>
<doc>Click the element identified by ``locator``.</doc>
<status status="PASS" start="2025-06-01T17:51:29.137528" elapsed="0.224780"/>
</kw>
<status status="PASS" start="2025-06-01T17:51:24.377601" elapsed="4.984895"/>
</kw>
<kw name="click add about us button" owner="AboutUsResource">
<kw name="Click Button" owner="SeleniumLibrary">
<msg time="2025-06-01T17:51:29.363520" level="INFO">Clicking button 'xpath://div[contains(@id,'root')]/div[1]/main/div[2]/div[1]/div[2]/button'.</msg>
<arg>${add_abt_us_btn}</arg>
<doc>Clicks the button identified by ``locator``.</doc>
<status status="PASS" start="2025-06-01T17:51:29.363229" elapsed="0.614850"/>
</kw>
<status status="PASS" start="2025-06-01T17:51:29.362782" elapsed="0.615546"/>
</kw>
<kw name="fill add about us form" owner="AboutUsResource">
<kw name="Wait Until Element Is Enabled" owner="SeleniumLibrary">
<arg>${content_title_input}</arg>
<doc>Waits until the element ``locator`` is enabled.</doc>
<status status="PASS" start="2025-06-01T17:51:29.979466" elapsed="0.050054"/>
</kw>
<kw name="Input Text" owner="SeleniumLibrary">
<msg time="2025-06-01T17:51:30.030199" level="INFO">Typing text '' into text field 'xpath://div[contains(@id,'root')]/div[1]/main/main/div/form/div[1]/div//child::input'.</msg>
<arg>${content_title_input}</arg>
<arg>${content_text}</arg>
<doc>Types the given ``text`` into the text field identified by ``locator``.</doc>
<status status="PASS" start="2025-06-01T17:51:30.029798" elapsed="0.092315"/>
</kw>
<kw name="Wait Until Element Is Visible" owner="SeleniumLibrary">
<arg>${DROPZONE_AREA}</arg>
<doc>Waits until the element ``locator`` is visible.</doc>
<status status="PASS" start="2025-06-01T17:51:30.122409" elapsed="0.026217"/>
</kw>
<kw name="Wait Until Element Is Enabled" owner="SeleniumLibrary">
<arg>${DROPZONE_AREA}</arg>
<doc>Waits until the element ``locator`` is enabled.</doc>
<status status="PASS" start="2025-06-01T17:51:30.148817" elapsed="0.029410"/>
</kw>
<kw name="Click Element" owner="SeleniumLibrary">
<msg time="2025-06-01T17:51:30.178868" level="INFO">Clicking element 'xpath://div[contains(@id,'root')]/div[1]/main/main/div/form/div[2]/div'.</msg>
<arg>${DROPZONE_AREA}</arg>
<doc>Click the element identified by ``locator``.</doc>
<status status="PASS" start="2025-06-01T17:51:30.178502" elapsed="0.088917"/>
</kw>
<kw name="Sleep" owner="BuiltIn">
<msg time="2025-06-01T17:51:31.268339" level="INFO">Slept 1 second.</msg>
<arg>1s</arg>
<doc>Pauses the test executed for the given time.</doc>
<status status="PASS" start="2025-06-01T17:51:30.267767" elapsed="1.000877"/>
</kw>
<kw name="Set Variable" owner="BuiltIn">
<msg time="2025-06-01T17:51:31.269644" level="INFO">${file_input} = css:input[type="file"][accept="image/*"]</msg>
<var>${file_input}</var>
<arg>css:input[type="file"][accept="image/*"]</arg>
<doc>Returns the given values which can then be assigned to a variables.</doc>
<status status="PASS" start="2025-06-01T17:51:31.269133" elapsed="0.000610"/>
</kw>
<kw name="Choose File" owner="SeleniumLibrary">
<msg time="2025-06-01T17:51:31.270383" level="INFO">Sending C:\SmartCliff-Admin-Project\Resources\about_us_images\Sunlit Park Walk.jpg to browser.</msg>
<arg>${file_input}</arg>
<arg>${IMAGE_PATH}</arg>
<doc>Inputs the ``file_path`` into the file input field ``locator``.</doc>
<status status="PASS" start="2025-06-01T17:51:31.270122" elapsed="0.045880"/>
</kw>
<kw name="Click Button" owner="SeleniumLibrary">
<msg time="2025-06-01T17:51:31.316634" level="INFO">Clicking button 'xpath://div[contains(@id,'root')]/div[1]/main/main/div/form/button'.</msg>
<arg>${submit_content}</arg>
<doc>Clicks the button identified by ``locator``.</doc>
<status status="PASS" start="2025-06-01T17:51:31.316286" elapsed="0.182366"/>
</kw>
<kw name="Sleep" owner="BuiltIn">
<msg time="2025-06-01T17:51:36.499578" level="INFO">Slept 5 seconds.</msg>
<arg>5s</arg>
<doc>Pauses the test executed for the given time.</doc>
<status status="PASS" start="2025-06-01T17:51:31.498940" elapsed="5.000871"/>
</kw>
<arg>${content_text}</arg>
<status status="PASS" start="2025-06-01T17:51:29.978792" elapsed="6.521306"/>
</kw>
<kw name="User should see title warning" owner="AboutUsResource">
<kw name="Page Should Contain" owner="SeleniumLibrary">
<msg time="2025-06-01T17:51:36.519642" level="INFO">Current page contains text 'Title is required'.</msg>
<arg>Title is required</arg>
<doc>Verifies that current page contains ``text``.</doc>
<status status="PASS" start="2025-06-01T17:51:36.501423" elapsed="0.018364"/>
</kw>
<status status="PASS" start="2025-06-01T17:51:36.500617" elapsed="0.019312"/>
</kw>
<arg>${content_text}</arg>
<status status="PASS" start="2025-06-01T17:51:23.554746" elapsed="12.965298"/>
</kw>
<arg>'${test_case_name}' == 'add_valid'</arg>
<arg>Add Valid Row</arg>
<arg>${content_text}</arg>
<arg>ELSE IF</arg>
<arg>'${test_case_name}' == 'delete_valid'</arg>
<arg>Delete Valid Row</arg>
<arg>${content_text}</arg>
<arg>ELSE IF</arg>
<arg>'${test_case_name}' == 'empty_title'</arg>
<arg>Add row without title</arg>
<arg>${content_text}</arg>
<arg>ELSE IF</arg>
<arg>'${test_case_name}' == 'empty_image'</arg>
<arg>Add row without image</arg>
<arg>${content_text}</arg>
<arg>ELSE IF</arg>
<arg>'${test_case_name}' == 'remove_image'</arg>
<arg>Add row without image</arg>
<arg>${content_text}</arg>
<arg>ELSE IF</arg>
<arg>'${test_case_name}' == 'same_title'</arg>
<arg>Add row with same title</arg>
<arg>${content_text}</arg>
<arg>ELSE IF</arg>
<arg>'${test_case_name}' == 'edit_new_title'</arg>
<arg>edit title in the about us panel</arg>
<arg>${content_text}</arg>
<arg>${new_title}</arg>
<doc>Runs the given keyword with the given arguments, if ``condition`` is true.</doc>
<status status="PASS" start="2025-06-01T17:51:23.553654" elapsed="12.966474"/>
</kw>
<arg>content_text=</arg>
<arg>test_case_name=empty_title</arg>
<status status="PASS" start="2025-06-01T17:51:23.552958" elapsed="12.967321"/>
</kw>
<kw name="Close browser session" owner="GenericResources" type="TEARDOWN">
<kw name="Close Browser" owner="SeleniumLibrary">
<doc>Closes the current browser.</doc>
<status status="PASS" start="2025-06-01T17:51:36.521271" elapsed="3.800509"/>
</kw>
<status status="PASS" start="2025-06-01T17:51:36.520831" elapsed="3.801154"/>
</kw>
<tag>Regression</tag>
<status status="PASS" start="2025-06-01T17:51:20.346328" elapsed="19.975892"/>
</test>
<test id="s1-s1-s2-t4" name="AboutUs panel row addition and deletion validation" line="16">
<kw name="Open the Browser with URL" owner="GenericResources" type="SETUP">
<kw name="Create Webdriver" owner="SeleniumLibrary">
<msg time="2025-06-01T17:51:40.326033" level="INFO">Creating an instance of the Chrome WebDriver.</msg>
<arg>${browser_name}</arg>
<doc>Creates an instance of Selenium WebDriver.</doc>
<status status="PASS" start="2025-06-01T17:51:40.325711" elapsed="1.441257"/>
</kw>
<kw name="Go To" owner="SeleniumLibrary">
<msg time="2025-06-01T17:51:41.767572" level="INFO">Opening url 'https://smart-cliff-admin.vercel.app/'</msg>
<arg>${url}</arg>
<doc>Navigates the current browser window to the provided ``url``.</doc>
<status status="PASS" start="2025-06-01T17:51:41.767287" elapsed="0.824414"/>
</kw>
<kw name="Maximize Browser Window" owner="SeleniumLibrary">
<doc>Maximizes current browser window.</doc>
<status status="PASS" start="2025-06-01T17:51:42.591947" elapsed="0.040292"/>
</kw>
<kw name="Set Selenium Implicit Wait" owner="SeleniumLibrary">
<arg>10</arg>
<doc>Sets the implicit wait value used by Selenium.</doc>
<status status="PASS" start="2025-06-01T17:51:42.632852" elapsed="0.002620"/>
</kw>
<status status="PASS" start="2025-06-01T17:51:40.325331" elapsed="2.310358"/>
</kw>
<kw name="validating multiple inputs on test form validation">
<kw name="Run Keyword If" owner="BuiltIn">
<kw name="Add row without image">
<kw name="Fill the valid Login Credentials" owner="GenericResources">
<kw name="Input Text" owner="SeleniumLibrary">
<msg time="2025-06-01T17:51:42.639999" level="INFO">Typing text 'abcraj@gmail.com' into text field 'xpath://input[@id='signin-email']'.</msg>
<arg>xpath://input[@id='signin-email']</arg>
<arg>${valid_username}</arg>
<doc>Types the given ``text`` into the text field identified by ``locator``.</doc>
<status status="PASS" start="2025-06-01T17:51:42.639598" elapsed="0.400363"/>
</kw>
<kw name="Input Password" owner="SeleniumLibrary">
<msg time="2025-06-01T17:51:43.040903" level="INFO">Typing password into text field 'xpath://input[@id='signin-password']'.</msg>
<msg time="2025-06-01T17:51:43.115373" level="INFO">Temporally setting log level to: NONE</msg>
<arg>xpath://input[@id='signin-password']</arg>
<arg>${valid_password}</arg>
<doc>Types the given password into the text field identified by ``locator``.</doc>
<status status="PASS" start="2025-06-01T17:51:43.040353" elapsed="0.278207"/>
</kw>
<kw name="Click Button" owner="SeleniumLibrary">
<msg time="2025-06-01T17:51:43.319034" level="INFO">Clicking button 'xpath://button[@id='signin-submit']'.</msg>
<arg>xpath://button[@id='signin-submit']</arg>
<doc>Clicks the button identified by ``locator``.</doc>
<status status="PASS" start="2025-06-01T17:51:43.318789" elapsed="0.344084"/>
</kw>
<status status="PASS" start="2025-06-01T17:51:42.639184" elapsed="1.024010"/>
</kw>
<kw name="click about us in side menu" owner="AboutUsResource">
<kw name="Wait Until Element Is Visible" owner="SeleniumLibrary">
<arg>${about_icon}</arg>
<arg>timeout=10s</arg>
<doc>Waits until the element ``locator`` is visible.</doc>
<status status="PASS" start="2025-06-01T17:51:43.664353" elapsed="4.629410"/>
</kw>
<kw name="Click Element" owner="SeleniumLibrary">
<msg time="2025-06-01T17:51:48.294550" level="INFO">Clicking element 'xpath://div[contains(@id,'drawer')]/div/ul/li[2]/div'.</msg>
<arg>${about_icon}</arg>
<doc>Click the element identified by ``locator``.</doc>
<status status="PASS" start="2025-06-01T17:51:48.294123" elapsed="0.114288"/>
</kw>
<kw name="Wait Until Element Is Visible" owner="SeleniumLibrary">
<arg>${about_us}</arg>
<arg>timeout=10s</arg>
<doc>Waits until the element ``locator`` is visible.</doc>
<status status="PASS" start="2025-06-01T17:51:48.408744" elapsed="0.249607"/>
</kw>
<kw name="Click Element" owner="SeleniumLibrary">
<msg time="2025-06-01T17:51:48.659138" level="INFO">Clicking element 'xpath://div[contains(@id,'drawer')]/div/ul/li[2]/div[2]/div/div/div/div[1]'.</msg>
<arg>${about_us}</arg>
<doc>Click the element identified by ``locator``.</doc>
<status status="PASS" start="2025-06-01T17:51:48.658707" elapsed="0.216330"/>
</kw>
<status status="PASS" start="2025-06-01T17:51:43.663627" elapsed="5.211557"/>
</kw>
<kw name="click add about us button" owner="AboutUsResource">
<kw name="Click Button" owner="SeleniumLibrary">
<msg time="2025-06-01T17:51:48.876306" level="INFO">Clicking button 'xpath://div[contains(@id,'root')]/div[1]/main/div[2]/div[1]/div[2]/button'.</msg>
<arg>${add_abt_us_btn}</arg>
<doc>Clicks the button identified by ``locator``.</doc>
<status status="PASS" start="2025-06-01T17:51:48.875981" elapsed="1.097293"/>
</kw>
<status status="PASS" start="2025-06-01T17:51:48.875482" elapsed="1.098004"/>
</kw>
<kw name="fill add about us form without image" owner="AboutUsResource">
<kw name="Wait Until Element Is Enabled" owner="SeleniumLibrary">
<arg>${content_title_input}</arg>
<doc>Waits until the element ``locator`` is enabled.</doc>
<status status="PASS" start="2025-06-01T17:51:49.974537" elapsed="0.034757"/>
</kw>
<kw name="Input Text" owner="SeleniumLibrary">
<msg time="2025-06-01T17:51:50.010110" level="INFO">Typing text 'empty image' into text field 'xpath://div[contains(@id,'root')]/div[1]/main/main/div/form/div[1]/div//child::input'.</msg>
<arg>${content_title_input}</arg>
<arg>${content_text}</arg>
<doc>Types the given ``text`` into the text field identified by ``locator``.</doc>
<status status="PASS" start="2025-06-01T17:51:50.009659" elapsed="0.274608"/>
</kw>
<kw name="Click Button" owner="SeleniumLibrary">
<msg time="2025-06-01T17:51:50.284731" level="INFO">Clicking button 'xpath://div[contains(@id,'root')]/div[1]/main/main/div/form/button'.</msg>
<arg>${submit_content}</arg>
<doc>Clicks the button identified by ``locator``.</doc>
<status status="PASS" start="2025-06-01T17:51:50.284476" elapsed="0.129442"/>
</kw>
<arg>${content_text}</arg>
<status status="PASS" start="2025-06-01T17:51:49.973817" elapsed="0.440274"/>
</kw>
<kw name="User should see image warning" owner="AboutUsResource">
<kw name="Page Should Contain" owner="SeleniumLibrary">
<msg time="2025-06-01T17:51:50.431606" level="INFO">Current page contains text 'Image is required'.</msg>
<arg>Image is required</arg>
<doc>Verifies that current page contains ``text``.</doc>
<status status="PASS" start="2025-06-01T17:51:50.414788" elapsed="0.016958"/>
</kw>
<status status="PASS" start="2025-06-01T17:51:50.414325" elapsed="0.017559"/>
</kw>
<arg>${content_text}</arg>
<status status="PASS" start="2025-06-01T17:51:42.638637" elapsed="7.793334"/>
</kw>
<arg>'${test_case_name}' == 'add_valid'</arg>
<arg>Add Valid Row</arg>
<arg>${content_text}</arg>
<arg>ELSE IF</arg>
<arg>'${test_case_name}' == 'delete_valid'</arg>
<arg>Delete Valid Row</arg>
<arg>${content_text}</arg>
<arg>ELSE IF</arg>
<arg>'${test_case_name}' == 'empty_title'</arg>
<arg>Add row without title</arg>
<arg>${content_text}</arg>
<arg>ELSE IF</arg>
<arg>'${test_case_name}' == 'empty_image'</arg>
<arg>Add row without image</arg>
<arg>${content_text}</arg>
<arg>ELSE IF</arg>
<arg>'${test_case_name}' == 'remove_image'</arg>
<arg>Add row without image</arg>
<arg>${content_text}</arg>
<arg>ELSE IF</arg>
<arg>'${test_case_name}' == 'same_title'</arg>
<arg>Add row with same title</arg>
<arg>${content_text}</arg>
<arg>ELSE IF</arg>
<arg>'${test_case_name}' == 'edit_new_title'</arg>
<arg>edit title in the about us panel</arg>
<arg>${content_text}</arg>
<arg>${new_title}</arg>
[...]
<status status="PASS" start="2025-06-01T18:02:47.412288" elapsed="0.016940"/>
</iter>
<iter>
<kw name="Get Text" owner="SeleniumLibrary">
<msg time="2025-06-01T18:02:47.444531" level="INFO">${text} = 2022-23
B2B: HTD, upskilling
B2I: skilling</msg>
<var>${text}</var>
<arg>${row}</arg>
<doc>Returns the text value of the element identified by ``locator``.</doc>
<status status="PASS" start="2025-06-01T18:02:47.429788" elapsed="0.014816"/>
</kw>
<kw name="Log To Console" owner="BuiltIn">
<arg>${text}</arg>
<doc>Logs the given message to the console.</doc>
<status status="PASS" start="2025-06-01T18:02:47.445119" elapsed="0.000715"/>
</kw>
<kw name="Append To List" owner="Collections">
<arg>${rows_page}</arg>
<arg>${text}</arg>
<doc>Adds ``values`` to the end of ``list``.</doc>
<status status="PASS" start="2025-06-01T18:02:47.446183" elapsed="0.000396"/>
</kw>
<var name="${row}">&lt;selenium.webdriver.remote.webelement.WebElement (session="d0a76ec3cd0d6141eb807e06b94d51d1", element="f.D73570D0E1BD3D61848084867FCC8A5D.d.287BF288591CB37FEA40CB41455F16FF.e.114")&gt;</var>
<status status="PASS" start="2025-06-01T18:02:47.429512" elapsed="0.017167"/>
</iter>
<iter>
<kw name="Get Text" owner="SeleniumLibrary">
<msg time="2025-06-01T18:02:47.459707" level="INFO">${text} = 2023-24
B2B: HTD
B2I: skilling, Placement Trainning
CSR: Degree Programing, Skilling</msg>
<var>${text}</var>
<arg>${row}</arg>
<doc>Returns the text value of the element identified by ``locator``.</doc>
<status status="PASS" start="2025-06-01T18:02:47.447116" elapsed="0.012660"/>
</kw>
<kw name="Log To Console" owner="BuiltIn">
<arg>${text}</arg>
<doc>Logs the given message to the console.</doc>
<status status="PASS" start="2025-06-01T18:02:47.460019" elapsed="0.001071"/>
</kw>
<kw name="Append To List" owner="Collections">
<arg>${rows_page}</arg>
<arg>${text}</arg>
<doc>Adds ``values`` to the end of ``list``.</doc>
<status status="PASS" start="2025-06-01T18:02:47.461427" elapsed="0.000373"/>
</kw>
<var name="${row}">&lt;selenium.webdriver.remote.webelement.WebElement (session="d0a76ec3cd0d6141eb807e06b94d51d1", element="f.D73570D0E1BD3D61848084867FCC8A5D.d.287BF288591CB37FEA40CB41455F16FF.e.115")&gt;</var>
<status status="PASS" start="2025-06-01T18:02:47.446901" elapsed="0.015019"/>
</iter>
<iter>
<kw name="Get Text" owner="SeleniumLibrary">
<msg time="2025-06-01T18:02:47.476082" level="INFO">${text} = 2024-25
B2B: HTD, Upskilling, COE
B2I: Skilling, Placement Traing, Degree Program
CSR: Skilling, Degree Program</msg>
<var>${text}</var>
<arg>${row}</arg>
<doc>Returns the text value of the element identified by ``locator``.</doc>
<status status="PASS" start="2025-06-01T18:02:47.462370" elapsed="0.013781"/>
</kw>
<kw name="Log To Console" owner="BuiltIn">
<arg>${text}</arg>
<doc>Logs the given message to the console.</doc>
<status status="PASS" start="2025-06-01T18:02:47.476454" elapsed="0.000653"/>
</kw>
<kw name="Append To List" owner="Collections">
<arg>${rows_page}</arg>
<arg>${text}</arg>
<doc>Adds ``values`` to the end of ``list``.</doc>
<status status="PASS" start="2025-06-01T18:02:47.477422" elapsed="0.000295"/>
</kw>
<var name="${row}">&lt;selenium.webdriver.remote.webelement.WebElement (session="d0a76ec3cd0d6141eb807e06b94d51d1", element="f.D73570D0E1BD3D61848084867FCC8A5D.d.287BF288591CB37FEA40CB41455F16FF.e.116")&gt;</var>
<status status="PASS" start="2025-06-01T18:02:47.462151" elapsed="0.015656"/>
</iter>
<var>${row}</var>
<value>@{rows_page_elements}</value>
<status status="PASS" start="2025-06-01T18:02:47.396759" elapsed="0.081215"/>
</for>
<kw name="Log Many" owner="BuiltIn">
<msg time="2025-06-01T18:02:47.478773" level="INFO">2021-22
B2B: HTD</msg>
<msg time="2025-06-01T18:02:47.478870" level="INFO">2021-22
B2B: HTD
B2C:</msg>
<msg time="2025-06-01T18:02:47.478909" level="INFO">2022-23
B2B: HTD, upskilling
B2I: skilling</msg>
<msg time="2025-06-01T18:02:47.478933" level="INFO">2023-24
B2B: HTD
B2I: skilling, Placement Trainning
CSR: Degree Programing, Skilling</msg>
<msg time="2025-06-01T18:02:47.478957" level="INFO">2024-25
B2B: HTD, Upskilling, COE
B2I: Skilling, Placement Traing, Degree Program
CSR: Skilling, Degree Program</msg>
<arg>@{rows_page}</arg>
<doc>Logs the given messages as separate entries using the INFO level.</doc>
<status status="PASS" start="2025-06-01T18:02:47.478422" elapsed="0.000586"/>
</kw>
<return>
<value>${rows_page}</value>
<status status="PASS" start="2025-06-01T18:02:47.479108" elapsed="0.000111"/>
</return>
<msg time="2025-06-01T18:02:47.479591" level="INFO">@{list2} = [ 2021-22
B2B: HTD | 2021-22
B2B: HTD
B2C: | 2022-23
B2B: HTD, upskilling
B2I: skilling | 2023-24
B2B: HTD
B2I: skilling, Placement Trainning
CSR: Degree Programing, Skilling | 2024-25
B2B: HTD, Upski...</msg>
<var>@{list2}</var>
<status status="PASS" start="2025-06-01T18:02:47.385833" elapsed="0.093841"/>
</kw>
<kw name="Close browser session" owner="GenericResources" type="TEARDOWN">
<kw name="Close Browser" owner="SeleniumLibrary">
<doc>Closes the current browser.</doc>
<status status="PASS" start="2025-06-01T18:02:47.480790" elapsed="2.279600"/>
</kw>
<status status="PASS" start="2025-06-01T18:02:47.480357" elapsed="2.280197"/>
</kw>
<tag>Regression</tag>
<status status="PASS" start="2025-06-01T18:02:38.476430" elapsed="11.284518"/>
</test>
<test id="s1-s1-s10-t8" name="validate pageination is dropdown is working" line="80">
<kw name="Open the Browser with URL" owner="GenericResources" type="SETUP">
<kw name="Create Webdriver" owner="SeleniumLibrary">
<msg time="2025-06-01T18:02:49.763096" level="INFO">Creating an instance of the Chrome WebDriver.</msg>
<arg>${browser_name}</arg>
<doc>Creates an instance of Selenium WebDriver.</doc>
<status status="PASS" start="2025-06-01T18:02:49.762849" elapsed="1.453611"/>
</kw>
<kw name="Go To" owner="SeleniumLibrary">
<msg time="2025-06-01T18:02:51.217061" level="INFO">Opening url 'https://smart-cliff-admin.vercel.app/'</msg>
<arg>${url}</arg>
<doc>Navigates the current browser window to the provided ``url``.</doc>
<status status="PASS" start="2025-06-01T18:02:51.216774" elapsed="0.839245"/>
</kw>
<kw name="Maximize Browser Window" owner="SeleniumLibrary">
<doc>Maximizes current browser window.</doc>
<status status="PASS" start="2025-06-01T18:02:52.056313" elapsed="0.053955"/>
</kw>
<kw name="Set Selenium Implicit Wait" owner="SeleniumLibrary">
<arg>10</arg>
<doc>Sets the implicit wait value used by Selenium.</doc>
<status status="PASS" start="2025-06-01T18:02:52.110574" elapsed="0.001841"/>
</kw>
<status status="PASS" start="2025-06-01T18:02:49.762379" elapsed="2.350199"/>
</kw>
<kw name="Fill the valid Login Credentials" owner="GenericResources">
<kw name="Input Text" owner="SeleniumLibrary">
<msg time="2025-06-01T18:02:52.113898" level="INFO">Typing text 'abcraj@gmail.com' into text field 'xpath://input[@id='signin-email']'.</msg>
<arg>xpath://input[@id='signin-email']</arg>
<arg>${valid_username}</arg>
<doc>Types the given ``text`` into the text field identified by ``locator``.</doc>
<status status="PASS" start="2025-06-01T18:02:52.113605" elapsed="0.425249"/>
</kw>
<kw name="Input Password" owner="SeleniumLibrary">
<msg time="2025-06-01T18:02:52.539690" level="INFO">Typing password into text field 'xpath://input[@id='signin-password']'.</msg>
<msg time="2025-06-01T18:02:52.599266" level="INFO">Temporally setting log level to: NONE</msg>
<arg>xpath://input[@id='signin-password']</arg>
<arg>${valid_password}</arg>
<doc>Types the given password into the text field identified by ``locator``.</doc>
<status status="PASS" start="2025-06-01T18:02:52.539267" elapsed="0.271249"/>
</kw>
<kw name="Click Button" owner="SeleniumLibrary">
<msg time="2025-06-01T18:02:52.811051" level="INFO">Clicking button 'xpath://button[@id='signin-submit']'.</msg>
<arg>xpath://button[@id='signin-submit']</arg>
<doc>Clicks the button identified by ``locator``.</doc>
<status status="PASS" start="2025-06-01T18:02:52.810816" elapsed="0.293547"/>
</kw>
<status status="PASS" start="2025-06-01T18:02:52.113146" elapsed="0.991402"/>
</kw>
<kw name="click yearly service in side menu" owner="YearlyService_Resource">
<kw name="Wait Until Element Is Visible" owner="SeleniumLibrary">
<arg>${about_icon}</arg>
<arg>timeout=10s</arg>
<doc>Waits until the element ``locator`` is visible.</doc>
<status status="PASS" start="2025-06-01T18:02:53.105553" elapsed="3.255404"/>
</kw>
<kw name="Click Element" owner="SeleniumLibrary">
<msg time="2025-06-01T18:02:56.361777" level="INFO">Clicking element 'xpath://div[contains(@id,'drawer')]/div/ul/li[2]/div'.</msg>
<arg>${about_icon}</arg>
<doc>Click the element identified by ``locator``.</doc>
<status status="PASS" start="2025-06-01T18:02:56.361364" elapsed="0.112230"/>
</kw>
<kw name="Wait Until Element Is Visible" owner="SeleniumLibrary">
<arg>${yearly_service_btn}</arg>
<arg>timeout=10s</arg>
<doc>Waits until the element ``locator`` is visible.</doc>
<status status="PASS" start="2025-06-01T18:02:56.473860" elapsed="0.272245"/>
</kw>
<kw name="Click Element" owner="SeleniumLibrary">
<msg time="2025-06-01T18:02:56.747167" level="INFO">Clicking element 'xpath://div[contains(@id,'drawer')]/div/ul/li[2]/div[2]/div/div/div/div[4]'.</msg>
<arg>${yearly_service_btn}</arg>
<doc>Click the element identified by ``locator``.</doc>
<status status="PASS" start="2025-06-01T18:02:56.746626" elapsed="0.143334"/>
</kw>
<status status="PASS" start="2025-06-01T18:02:53.105063" elapsed="3.785053"/>
</kw>
<kw name="click dropdown and change value to" owner="YearlyService_Resource">
<kw name="Click Element" owner="SeleniumLibrary">
<msg time="2025-06-01T18:02:56.891418" level="INFO">Clicking element 'xpath://*[@id="root"]/div[1]/main/div[3]/div[2]/div[2]/div/div[2]//div'.</msg>
<arg>${yearly_Serv_page_drop}</arg>
<doc>Click the element identified by ``locator``.</doc>
<status status="PASS" start="2025-06-01T18:02:56.891085" elapsed="0.547662"/>
</kw>
<kw name="Click Element" owner="SeleniumLibrary">
<msg time="2025-06-01T18:02:57.439416" level="INFO">Clicking element '//div[@id="menu-"]/div[3]//ul/li[contains(text(),10)]'.</msg>
<arg>//div[@id="menu-"]/div[3]//ul/li[contains(text(),${dropdown_val})]</arg>
<doc>Click the element identified by ``locator``.</doc>
<status status="PASS" start="2025-06-01T18:02:57.439026" elapsed="0.125904"/>
</kw>
<arg>${dropdown_Val}</arg>
<status status="PASS" start="2025-06-01T18:02:56.890525" elapsed="0.674610"/>
</kw>
<kw name="Retrive the rows in page" owner="YearlyService_Resource">
<kw name="Get Element Count" owner="SeleniumLibrary">
<msg time="2025-06-01T18:02:57.581113" level="INFO">${rows_page_1} = 7</msg>
<var>${rows_page_1}</var>
<arg>${yearly_serv_table_rows}</arg>
<doc>Returns the number of elements matching ``locator``.</doc>
<status status="PASS" start="2025-06-01T18:02:57.566093" elapsed="0.015091"/>
</kw>
<kw name="Log To Console" owner="BuiltIn">
<arg>Rows on first page: ${rows_page_1}</arg>
<doc>Logs the given message to the console.</doc>
<status status="PASS" start="2025-06-01T18:02:57.581412" elapsed="0.000465"/>
</kw>
<return>
<value>${rows_page_1}</value>
<status status="PASS" start="2025-06-01T18:02:57.582008" elapsed="0.000088"/>
</return>
<msg time="2025-06-01T18:02:57.582339" level="INFO">${rows_page_1} = 7</msg>
<var>${rows_page_1}</var>
<status status="PASS" start="2025-06-01T18:02:57.565660" elapsed="0.016720"/>
</kw>
<kw name="the row count should be changed" owner="YearlyService_Resource">
<kw name="Convert To Integer" owner="BuiltIn">
<msg time="2025-06-01T18:02:57.584007" level="INFO">${retrived_count} = 7</msg>
<var>${retrived_count}</var>
<arg>${retrived_count}</arg>
<doc>Converts the given item to an integer number.</doc>
<status status="PASS" start="2025-06-01T18:02:57.583651" elapsed="0.000403"/>
</kw>
<kw name="Convert To Integer" owner="BuiltIn">
<msg time="2025-06-01T18:02:57.584641" level="INFO">${expected_count} = 10</msg>
<var>${expected_count}</var>
<arg>${expected_count}</arg>
<doc>Converts the given item to an integer number.</doc>
<status status="PASS" start="2025-06-01T18:02:57.584263" elapsed="0.000425"/>
</kw>
<kw name="Run Keyword And Return Status" owner="BuiltIn">
<kw name="Evaluate" owner="BuiltIn">
<arg>${retrived_count} &gt; 5 and ${retrived_count} &lt;= ${expected_count}</arg>
<doc>Evaluates the given expression in Python and returns the result.</doc>
<status status="PASS" start="2025-06-01T18:02:57.585220" elapsed="0.001010"/>
</kw>
<msg time="2025-06-01T18:02:57.586466" level="INFO">${result} = True</msg>
<var>${result}</var>
<arg>Evaluate</arg>
<arg>${retrived_count} &gt; 5 and ${retrived_count} &lt;= ${expected_count}</arg>
<doc>Runs the given keyword with given arguments and returns the status as a Boolean value.</doc>
<status status="PASS" start="2025-06-01T18:02:57.584902" elapsed="0.001614"/>
</kw>
<return>
<value>${result}</value>
<status status="PASS" start="2025-06-01T18:02:57.586640" elapsed="0.000099"/>
</return>
<msg time="2025-06-01T18:02:57.587001" level="INFO">${pagination_works} = True</msg>
<var>${pagination_works}</var>
<arg>${rows_page_1}</arg>
<arg>${dropdown_Val}</arg>
<status status="PASS" start="2025-06-01T18:02:57.582925" elapsed="0.004130"/>
</kw>
<kw name="Should Be True" owner="BuiltIn">
<arg>${pagination_works}</arg>
<doc>Fails if the given condition is not true.</doc>
<status status="PASS" start="2025-06-01T18:02:57.587558" elapsed="0.000392"/>
</kw>
<kw name="Close browser session" owner="GenericResources" type="TEARDOWN">
<kw name="Close Browser" owner="SeleniumLibrary">
<doc>Closes the current browser.</doc>
<status status="PASS" start="2025-06-01T18:02:57.589114" elapsed="2.279661"/>
</kw>
<status status="PASS" start="2025-06-01T18:02:57.588630" elapsed="2.280271"/>
</kw>
<tag>Regression</tag>
<status status="PASS" start="2025-06-01T18:02:49.761628" elapsed="10.107483"/>
</test>
<doc>Test on About us</doc>
<status status="PASS" start="2025-06-01T18:01:16.393796" elapsed="103.476209"/>
</suite>
<status status="FAIL" start="2025-06-01T17:49:21.649850" elapsed="818.221636"/>
</suite>
<status status="FAIL" start="2025-06-01T17:49:21.586938" elapsed="818.286034"/>
</suite>
<statistics>
<total>
<stat pass="44" fail="4" skip="0">All Tests</stat>
</total>
<tag>
<stat pass="44" fail="4" skip="0">Regression</stat>
<stat pass="5" fail="0" skip="0">smoke</stat>
</tag>
<suite>
<stat name="SmartCliff-Admin-Project" id="s1" pass="44" fail="4" skip="0">SmartCliff-Admin-Project</stat>
<stat name="Tests" id="s1-s1" pass="44" fail="4" skip="0">SmartCliff-Admin-Project.Tests</stat>
<stat name="AboutUs Test" id="s1-s1-s1" pass="4" fail="0" skip="0">SmartCliff-Admin-Project.Tests.AboutUs Test</stat>
<stat name="AboutUs Test Excel" id="s1-s1-s2" pass="7" fail="0" skip="0">SmartCliff-Admin-Project.Tests.AboutUs Test Excel</stat>
<stat name="LoginTest" id="s1-s1-s3" pass="4" fail="0" skip="0">SmartCliff-Admin-Project.Tests.LoginTest</stat>
<stat name="LogoutTest" id="s1-s1-s4" pass="1" fail="0" skip="0">SmartCliff-Admin-Project.Tests.LogoutTest</stat>
<stat name="ShineTest" id="s1-s1-s5" pass="5" fail="0" skip="0">SmartCliff-Admin-Project.Tests.ShineTest</stat>
<stat name="ShineTest Excel" id="s1-s1-s6" pass="5" fail="0" skip="0">SmartCliff-Admin-Project.Tests.ShineTest Excel</stat>
<stat name="Vision Mission" id="s1-s1-s7" pass="4" fail="0" skip="0">SmartCliff-Admin-Project.Tests.Vision Mission</stat>
<stat name="Vision Mission Excel" id="s1-s1-s8" pass="1" fail="4" skip="0">SmartCliff-Admin-Project.Tests.Vision Mission Excel</stat>
<stat name="YearlyService Excel Test" id="s1-s1-s9" pass="5" fail="0" skip="0">SmartCliff-Admin-Project.Tests.YearlyService Excel Test</stat>
<stat name="YearlyService Test" id="s1-s1-s10" pass="8" fail="0" skip="0">SmartCliff-Admin-Project.Tests.YearlyService Test</stat>
</suite>
</statistics>
<errors>
<msg time="2025-06-01T17:50:40.361643" level="WARN">Multiple tests with name 'AboutUs panel row addition and deletion validation' executed in suite 'SmartCliff-Admin-Project.Tests.AboutUs Test Excel'.</msg>
<msg time="2025-06-01T17:51:20.346470" level="WARN">Multiple tests with name 'AboutUs panel row addition and deletion validation' executed in suite 'SmartCliff-Admin-Project.Tests.AboutUs Test Excel'.</msg>
<msg time="2025-06-01T17:51:40.323237" level="WARN">Multiple tests with name 'AboutUs panel row addition and deletion validation' executed in suite 'SmartCliff-Admin-Project.Tests.AboutUs Test Excel'.</msg>
<msg time="2025-06-01T17:51:52.711637" level="WARN">Multiple tests with name 'AboutUs panel row addition and deletion validation' executed in suite 'SmartCliff-Admin-Project.Tests.AboutUs Test Excel'.</msg>
<msg time="2025-06-01T17:52:03.423134" level="WARN">Multiple tests with name 'AboutUs panel row addition and deletion validation' executed in suite 'SmartCliff-Admin-Project.Tests.AboutUs Test Excel'.</msg>
<msg time="2025-06-01T17:52:21.786330" level="WARN">Multiple tests with name 'AboutUs panel row addition and deletion validation' executed in suite 'SmartCliff-Admin-Project.Tests.AboutUs Test Excel'.</msg>
<msg time="2025-06-01T17:52:49.957739" level="WARN">Multiple tests with name 'Validate Login with' executed in suite 'SmartCliff-Admin-Project.Tests.LoginTest'.</msg>
<msg time="2025-06-01T17:52:55.359436" level="WARN">Multiple tests with name 'Validate Login with' executed in suite 'SmartCliff-Admin-Project.Tests.LoginTest'.</msg>
<msg time="2025-06-01T17:53:01.323910" level="WARN">Multiple tests with name 'Validate Login with' executed in suite 'SmartCliff-Admin-Project.Tests.LoginTest'.</msg>
<msg time="2025-06-01T17:55:01.862972" level="WARN">Multiple tests with name 'Verify the Shine' executed in suite 'SmartCliff-Admin-Project.Tests.ShineTest Excel'.</msg>
<msg time="2025-06-01T17:55:17.025957" level="WARN">Multiple tests with name 'Verify the Shine' executed in suite 'SmartCliff-Admin-Project.Tests.ShineTest Excel'.</msg>
<msg time="2025-06-01T17:55:28.393602" level="WARN">Multiple tests with name 'Verify the Shine' executed in suite 'SmartCliff-Admin-Project.Tests.ShineTest Excel'.</msg>
<msg time="2025-06-01T17:55:51.167175" level="WARN">Multiple tests with name 'Verify the Shine' executed in suite 'SmartCliff-Admin-Project.Tests.ShineTest Excel'.</msg>
<msg time="2025-06-01T17:57:19.654411" level="WARN">Multiple tests with name 'Verify the Vision and Mission' executed in suite 'SmartCliff-Admin-Project.Tests.Vision Mission Excel'.</msg>
<msg time="2025-06-01T17:57:42.228738" level="WARN">Multiple tests with name 'Verify the Vision and Mission' executed in suite 'SmartCliff-Admin-Project.Tests.Vision Mission Excel'.</msg>
<msg time="2025-06-01T17:58:03.923873" level="WARN">Multiple tests with name 'Verify the Vision and Mission' executed in suite 'SmartCliff-Admin-Project.Tests.Vision Mission Excel'.</msg>
<msg time="2025-06-01T17:58:45.809391" level="WARN">Multiple tests with name 'Verify the Vision and Mission' executed in suite 'SmartCliff-Admin-Project.Tests.Vision Mission Excel'.</msg>
<msg time="2025-06-01T17:59:31.416180" level="WARN">Multiple tests with name 'Yearly service panel row addition and deletion validation' executed in suite 'SmartCliff-Admin-Project.Tests.YearlyService Excel Test'.</msg>
<msg time="2025-06-01T18:00:10.217104" level="WARN">Multiple tests with name 'Yearly service panel row addition and deletion validation' executed in suite 'SmartCliff-Admin-Project.Tests.YearlyService Excel Test'.</msg>
<msg time="2025-06-01T18:00:23.208582" level="WARN">Multiple tests with name 'Yearly service panel row addition and deletion validation' executed in suite 'SmartCliff-Admin-Project.Tests.YearlyService Excel Test'.</msg>
<msg time="2025-06-01T18:00:42.360016" level="WARN">Multiple tests with name 'Yearly service panel row addition and deletion validation' executed in suite 'SmartCliff-Admin-Project.Tests.YearlyService Excel Test'.</msg>
</errors>
</robot>
