<?xml version="1.0" encoding="UTF-8"?>
<robot generator="Robot 7.2.2 (Python 3.13.3 on win32)" generated="2025-05-29T19:52:57.233631" rpa="false" schemaversion="5">
<suite id="s1" name="SmartCliff-Admin-Project" source="C:\SmartCliff-Admin-Project">
<suite id="s1-s1" name="Tests" source="C:\SmartCliff-Admin-Project\Tests">
<suite id="s1-s1-s1" name="AboutUs Test" source="C:\SmartCliff-Admin-Project\Tests\AboutUs_Test.robot">
<test id="s1-s1-s1-t1" name="Validate about us landing page" line="10">
<kw name="Open the Browser with URL" owner="GenericResources" type="SETUP">
<kw name="Create Webdriver" owner="SeleniumLibrary">
<msg time="2025-05-29T19:52:57.887041" level="INFO">Creating an instance of the Chrome WebDriver.</msg>
<arg>${browser_name}</arg>
<doc>Creates an instance of Selenium WebDriver.</doc>
<status status="PASS" start="2025-05-29T19:52:57.886438" elapsed="3.425059"/>
</kw>
<kw name="Go To" owner="SeleniumLibrary">
<msg time="2025-05-29T19:53:01.312216" level="INFO">Opening url 'https://smart-cliff-admin.vercel.app/'</msg>
<arg>${url}</arg>
<doc>Navigates the current browser window to the provided ``url``.</doc>
<status status="PASS" start="2025-05-29T19:53:01.311841" elapsed="1.028481"/>
</kw>
<kw name="Maximize Browser Window" owner="SeleniumLibrary">
<doc>Maximizes current browser window.</doc>
<status status="PASS" start="2025-05-29T19:53:02.340875" elapsed="0.070332"/>
</kw>
<kw name="Set Selenium Implicit Wait" owner="SeleniumLibrary">
<arg>10</arg>
<doc>Sets the implicit wait value used by Selenium.</doc>
<status status="PASS" start="2025-05-29T19:53:02.411805" elapsed="0.003916"/>
</kw>
<status status="PASS" start="2025-05-29T19:52:57.884165" elapsed="4.531803"/>
</kw>
<kw name="Fill the valid Login Credentials" owner="GenericResources">
<kw name="Input Text" owner="SeleniumLibrary">
<msg time="2025-05-29T19:53:02.418337" level="INFO">Typing text 'abcraj@gmail.com' into text field 'xpath://input[@id='signin-email']'.</msg>
<arg>xpath://input[@id='signin-email']</arg>
<arg>${valid_username}</arg>
<doc>Types the given ``text`` into the text field identified by ``locator``.</doc>
<status status="PASS" start="2025-05-29T19:53:02.417397" elapsed="0.436490"/>
</kw>
<kw name="Input Password" owner="SeleniumLibrary">
<msg time="2025-05-29T19:53:02.855152" level="INFO">Typing password into text field 'xpath://input[@id='signin-password']'.</msg>
<msg time="2025-05-29T19:53:02.912984" level="INFO">Temporally setting log level to: NONE</msg>
<arg>xpath://input[@id='signin-password']</arg>
<arg>${valid_password}</arg>
<doc>Types the given password into the text field identified by ``locator``.</doc>
<status status="PASS" start="2025-05-29T19:53:02.854426" elapsed="0.196471"/>
</kw>
<kw name="Click Button" owner="SeleniumLibrary">
<msg time="2025-05-29T19:53:03.051457" level="INFO">Clicking button 'xpath://button[@id='signin-submit']'.</msg>
<arg>xpath://button[@id='signin-submit']</arg>
<doc>Clicks the button identified by ``locator``.</doc>
<status status="PASS" start="2025-05-29T19:53:03.051168" elapsed="0.164494"/>
</kw>
<status status="PASS" start="2025-05-29T19:53:02.416782" elapsed="0.799098"/>
</kw>
<kw name="click about us in side menu" owner="AboutUsResource">
<kw name="Wait Until Element Is Visible" owner="SeleniumLibrary">
<arg>${about_icon}</arg>
<arg>timeout=10s</arg>
<doc>Waits until the element ``locator`` is visible.</doc>
<status status="PASS" start="2025-05-29T19:53:03.216847" elapsed="3.563437"/>
</kw>
<kw name="Click Element" owner="SeleniumLibrary">
<msg time="2025-05-29T19:53:06.781677" level="INFO">Clicking element 'xpath://div[contains(@id,'drawer')]/div/ul/li[2]/div'.</msg>
<arg>${about_icon}</arg>
<doc>Click the element identified by ``locator``.</doc>
<status status="PASS" start="2025-05-29T19:53:06.780909" elapsed="0.186266"/>
</kw>
<kw name="Wait Until Element Is Visible" owner="SeleniumLibrary">
<arg>${about_us}</arg>
<arg>timeout=10s</arg>
<doc>Waits until the element ``locator`` is visible.</doc>
<status status="PASS" start="2025-05-29T19:53:06.967769" elapsed="0.281270"/>
</kw>
<kw name="Click Element" owner="SeleniumLibrary">
<msg time="2025-05-29T19:53:07.249649" level="INFO">Clicking element 'xpath://div[contains(@id,'drawer')]/div/ul/li[2]/div[2]/div/div/div/div[1]'.</msg>
<arg>${about_us}</arg>
<doc>Click the element identified by ``locator``.</doc>
<status status="PASS" start="2025-05-29T19:53:07.249323" elapsed="0.211136"/>
</kw>
<status status="PASS" start="2025-05-29T19:53:03.216402" elapsed="4.244465"/>
</kw>
<kw name="User should see the AboutUs control panel" owner="AboutUsResource">
<kw name="Page Should Contain" owner="SeleniumLibrary">
<msg time="2025-05-29T19:53:07.827839" level="INFO">Current page contains text 'About Us Content Panel'.</msg>
<arg>About Us Content Panel</arg>
<doc>Verifies that current page contains ``text``.</doc>
<status status="PASS" start="2025-05-29T19:53:07.462485" elapsed="0.365634"/>
</kw>
<status status="PASS" start="2025-05-29T19:53:07.461690" elapsed="0.366605"/>
</kw>
<kw name="Close browser session" owner="GenericResources" type="TEARDOWN">
<kw name="Close Browser" owner="SeleniumLibrary">
<doc>Closes the current browser.</doc>
<status status="PASS" start="2025-05-29T19:53:07.830126" elapsed="2.320667"/>
</kw>
<status status="PASS" start="2025-05-29T19:53:07.829427" elapsed="2.321582"/>
</kw>
<status status="PASS" start="2025-05-29T19:52:57.882436" elapsed="12.268968"/>
</test>
<test id="s1-s1-s1-t2" name="validate the back button in about us form filling page" line="15">
<kw name="Open the Browser with URL" owner="GenericResources" type="SETUP">
<kw name="Create Webdriver" owner="SeleniumLibrary">
<msg time="2025-05-29T19:53:10.154243" level="INFO">Creating an instance of the Chrome WebDriver.</msg>
<arg>${browser_name}</arg>
<doc>Creates an instance of Selenium WebDriver.</doc>
<status status="PASS" start="2025-05-29T19:53:10.154014" elapsed="1.545022"/>
</kw>
<kw name="Go To" owner="SeleniumLibrary">
<msg time="2025-05-29T19:53:11.699628" level="INFO">Opening url 'https://smart-cliff-admin.vercel.app/'</msg>
<arg>${url}</arg>
<doc>Navigates the current browser window to the provided ``url``.</doc>
<status status="PASS" start="2025-05-29T19:53:11.699355" elapsed="1.365249"/>
</kw>
<kw name="Maximize Browser Window" owner="SeleniumLibrary">
<doc>Maximizes current browser window.</doc>
<status status="PASS" start="2025-05-29T19:53:13.064956" elapsed="0.071108"/>
</kw>
<kw name="Set Selenium Implicit Wait" owner="SeleniumLibrary">
<arg>10</arg>
<doc>Sets the implicit wait value used by Selenium.</doc>
<status status="PASS" start="2025-05-29T19:53:13.136456" elapsed="0.002953"/>
</kw>
<status status="PASS" start="2025-05-29T19:53:10.153591" elapsed="2.986062"/>
</kw>
<kw name="Fill the valid Login Credentials" owner="GenericResources">
<kw name="Input Text" owner="SeleniumLibrary">
<msg time="2025-05-29T19:53:13.141324" level="INFO">Typing text 'abcraj@gmail.com' into text field 'xpath://input[@id='signin-email']'.</msg>
<arg>xpath://input[@id='signin-email']</arg>
<arg>${valid_username}</arg>
<doc>Types the given ``text`` into the text field identified by ``locator``.</doc>
<status status="PASS" start="2025-05-29T19:53:13.140863" elapsed="0.392275"/>
</kw>
<kw name="Input Password" owner="SeleniumLibrary">
<msg time="2025-05-29T19:53:13.534093" level="INFO">Typing password into text field 'xpath://input[@id='signin-password']'.</msg>
<msg time="2025-05-29T19:53:13.583895" level="INFO">Temporally setting log level to: NONE</msg>
<arg>xpath://input[@id='signin-password']</arg>
<arg>${valid_password}</arg>
<doc>Types the given password into the text field identified by ``locator``.</doc>
<status status="PASS" start="2025-05-29T19:53:13.533583" elapsed="0.196788"/>
</kw>
<kw name="Click Button" owner="SeleniumLibrary">
<msg time="2025-05-29T19:53:13.730890" level="INFO">Clicking button 'xpath://button[@id='signin-submit']'.</msg>
<arg>xpath://button[@id='signin-submit']</arg>
<doc>Clicks the button identified by ``locator``.</doc>
<status status="PASS" start="2025-05-29T19:53:13.730638" elapsed="0.148041"/>
</kw>
<status status="PASS" start="2025-05-29T19:53:13.140292" elapsed="0.738840"/>
</kw>
<kw name="click about us in side menu" owner="AboutUsResource">
<kw name="Wait Until Element Is Visible" owner="SeleniumLibrary">
<arg>${about_icon}</arg>
<arg>timeout=10s</arg>
<doc>Waits until the element ``locator`` is visible.</doc>
<status status="PASS" start="2025-05-29T19:53:13.879852" elapsed="3.169214"/>
</kw>
<kw name="Click Element" owner="SeleniumLibrary">
<msg time="2025-05-29T19:53:17.049884" level="INFO">Clicking element 'xpath://div[contains(@id,'drawer')]/div/ul/li[2]/div'.</msg>
<arg>${about_icon}</arg>
<doc>Click the element identified by ``locator``.</doc>
<status status="PASS" start="2025-05-29T19:53:17.049446" elapsed="0.157173"/>
</kw>
<kw name="Wait Until Element Is Visible" owner="SeleniumLibrary">
<arg>${about_us}</arg>
<arg>timeout=10s</arg>
<doc>Waits until the element ``locator`` is visible.</doc>
<status status="PASS" start="2025-05-29T19:53:17.207048" elapsed="0.038889"/>
</kw>
<kw name="Click Element" owner="SeleniumLibrary">
<msg time="2025-05-29T19:53:17.246766" level="INFO">Clicking element 'xpath://div[contains(@id,'drawer')]/div/ul/li[2]/div[2]/div/div/div/div[1]'.</msg>
<arg>${about_us}</arg>
<doc>Click the element identified by ``locator``.</doc>
<status status="PASS" start="2025-05-29T19:53:17.246348" elapsed="0.274098"/>
</kw>
<status status="PASS" start="2025-05-29T19:53:13.879532" elapsed="3.641187"/>
</kw>
<kw name="click add about us button" owner="AboutUsResource">
<kw name="Click Button" owner="SeleniumLibrary">
<msg time="2025-05-29T19:53:17.522337" level="INFO">Clicking button 'xpath://div[contains(@id,'root')]/div[1]/main/div[2]/div[1]/div[2]/button'.</msg>
<arg>${add_abt_us_btn}</arg>
<doc>Clicks the button identified by ``locator``.</doc>
<status status="PASS" start="2025-05-29T19:53:17.522055" elapsed="1.044734"/>
</kw>
<status status="PASS" start="2025-05-29T19:53:17.521608" elapsed="1.045406"/>
</kw>
<kw name="click back button in about us from" owner="AboutUsResource">
<kw name="Click Button" owner="SeleniumLibrary">
<msg time="2025-05-29T19:53:18.568401" level="INFO">Clicking button 'xpath://div[contains(@id,'root')]/div[1]/main/main/div/div/button'.</msg>
<arg>${back_btn}</arg>
<doc>Clicks the button identified by ``locator``.</doc>
<status status="PASS" start="2025-05-29T19:53:18.568079" elapsed="0.207570"/>
</kw>
<status status="PASS" start="2025-05-29T19:53:18.567614" elapsed="0.208230"/>
</kw>
<kw name="User should see the AboutUs control panel" owner="AboutUsResource">
<kw name="Page Should Contain" owner="SeleniumLibrary">
<msg time="2025-05-29T19:53:19.207154" level="INFO">Current page contains text 'About Us Content Panel'.</msg>
<arg>About Us Content Panel</arg>
<doc>Verifies that current page contains ``text``.</doc>
<status status="PASS" start="2025-05-29T19:53:18.777288" elapsed="0.430010"/>
</kw>
<status status="PASS" start="2025-05-29T19:53:18.776588" elapsed="0.430851"/>
</kw>
<kw name="Close browser session" owner="GenericResources" type="TEARDOWN">
<kw name="Close Browser" owner="SeleniumLibrary">
<doc>Closes the current browser.</doc>
<status status="PASS" start="2025-05-29T19:53:19.208362" elapsed="2.344417"/>
</kw>
<status status="PASS" start="2025-05-29T19:53:19.208003" elapsed="2.344962"/>
</kw>
<status status="PASS" start="2025-05-29T19:53:10.152635" elapsed="11.400650"/>
</test>
<test id="s1-s1-s1-t3" name="validate search in about us control panel" line="22">
<kw name="Open the Browser with URL" owner="GenericResources" type="SETUP">
<kw name="Create Webdriver" owner="SeleniumLibrary">
<msg time="2025-05-29T19:53:21.555518" level="INFO">Creating an instance of the Chrome WebDriver.</msg>
<arg>${browser_name}</arg>
<doc>Creates an instance of Selenium WebDriver.</doc>
<status status="PASS" start="2025-05-29T19:53:21.555304" elapsed="1.613421"/>
</kw>
<kw name="Go To" owner="SeleniumLibrary">
<msg time="2025-05-29T19:53:23.169411" level="INFO">Opening url 'https://smart-cliff-admin.vercel.app/'</msg>
<arg>${url}</arg>
<doc>Navigates the current browser window to the provided ``url``.</doc>
<status status="PASS" start="2025-05-29T19:53:23.169098" elapsed="1.021180"/>
</kw>
<kw name="Maximize Browser Window" owner="SeleniumLibrary">
<doc>Maximizes current browser window.</doc>
<status status="PASS" start="2025-05-29T19:53:24.190804" elapsed="0.106203"/>
</kw>
<kw name="Set Selenium Implicit Wait" owner="SeleniumLibrary">
<arg>10</arg>
<doc>Sets the implicit wait value used by Selenium.</doc>
<status status="PASS" start="2025-05-29T19:53:24.297577" elapsed="0.002179"/>
</kw>
<status status="PASS" start="2025-05-29T19:53:21.554930" elapsed="2.745281"/>
</kw>
<kw name="Fill the valid Login Credentials" owner="GenericResources">
<kw name="Input Text" owner="SeleniumLibrary">
<msg time="2025-05-29T19:53:24.302275" level="INFO">Typing text 'abcraj@gmail.com' into text field 'xpath://input[@id='signin-email']'.</msg>
<arg>xpath://input[@id='signin-email']</arg>
<arg>${valid_username}</arg>
<doc>Types the given ``text`` into the text field identified by ``locator``.</doc>
<status status="PASS" start="2025-05-29T19:53:24.301763" elapsed="0.401437"/>
</kw>
<kw name="Input Password" owner="SeleniumLibrary">
<msg time="2025-05-29T19:53:24.703936" level="INFO">Typing password into text field 'xpath://input[@id='signin-password']'.</msg>
<msg time="2025-05-29T19:53:24.751134" level="INFO">Temporally setting log level to: NONE</msg>
<arg>xpath://input[@id='signin-password']</arg>
<arg>${valid_password}</arg>
<doc>Types the given password into the text field identified by ``locator``.</doc>
<status status="PASS" start="2025-05-29T19:53:24.703565" elapsed="0.178906"/>
</kw>
<kw name="Click Button" owner="SeleniumLibrary">
<msg time="2025-05-29T19:53:24.883128" level="INFO">Clicking button 'xpath://button[@id='signin-submit']'.</msg>
<arg>xpath://button[@id='signin-submit']</arg>
<doc>Clicks the button identified by ``locator``.</doc>
<status status="PASS" start="2025-05-29T19:53:24.882792" elapsed="0.144581"/>
</kw>
<status status="PASS" start="2025-05-29T19:53:24.301028" elapsed="0.726616"/>
</kw>
<kw name="click about us in side menu" owner="AboutUsResource">
<kw name="Wait Until Element Is Visible" owner="SeleniumLibrary">
<arg>${about_icon}</arg>
<arg>timeout=10s</arg>
<doc>Waits until the element ``locator`` is visible.</doc>
<status status="PASS" start="2025-05-29T19:53:25.029016" elapsed="3.228274"/>
</kw>
<kw name="Click Element" owner="SeleniumLibrary">
<msg time="2025-05-29T19:53:28.258576" level="INFO">Clicking element 'xpath://div[contains(@id,'drawer')]/div/ul/li[2]/div'.</msg>
<arg>${about_icon}</arg>
<doc>Click the element identified by ``locator``.</doc>
<status status="PASS" start="2025-05-29T19:53:28.257861" elapsed="0.173583"/>
</kw>
<kw name="Wait Until Element Is Visible" owner="SeleniumLibrary">
<arg>${about_us}</arg>
<arg>timeout=10s</arg>
<doc>Waits until the element ``locator`` is visible.</doc>
<status status="PASS" start="2025-05-29T19:53:28.431801" elapsed="0.264831"/>
</kw>
<kw name="Click Element" owner="SeleniumLibrary">
<msg time="2025-05-29T19:53:28.697340" level="INFO">Clicking element 'xpath://div[contains(@id,'drawer')]/div/ul/li[2]/div[2]/div/div/div/div[1]'.</msg>
<arg>${about_us}</arg>
<doc>Click the element identified by ``locator``.</doc>
<status status="PASS" start="2025-05-29T19:53:28.696954" elapsed="0.176973"/>
</kw>
<status status="PASS" start="2025-05-29T19:53:25.028260" elapsed="3.845892"/>
</kw>
<kw name="Set Variable" owner="BuiltIn">
<msg time="2025-05-29T19:53:28.875237" level="INFO">${search_keyword} = test</msg>
<var>${search_keyword}</var>
<arg>test</arg>
<doc>Returns the given values which can then be assigned to a variables.</doc>
<status status="PASS" start="2025-05-29T19:53:28.874774" elapsed="0.000530"/>
</kw>
<kw name="Input Text" owner="SeleniumLibrary">
<msg time="2025-05-29T19:53:28.876475" level="INFO">Typing text 'test' into text field 'xpath://div[contains(@id,'root')]/div[1]/main/div[2]/div[1]/div[1]/div/div//input'.</msg>
<arg>${search_box}</arg>
<arg>${search_keyword}</arg>
<doc>Types the given ``text`` into the text field identified by ``locator``.</doc>
<status status="PASS" start="2025-05-29T19:53:28.876042" elapsed="0.668403"/>
</kw>
<kw name="Sleep" owner="BuiltIn">
<msg time="2025-05-29T19:53:31.546007" level="INFO">Slept 2 seconds.</msg>
<arg>2s</arg>
<doc>Pauses the test executed for the given time.</doc>
<status status="PASS" start="2025-05-29T19:53:29.545044" elapsed="2.001249"/>
</kw>
<kw name="Extract Titles From Table" owner="AboutUsResource">
<kw name="Wait Until Element Is Visible" owner="SeleniumLibrary">
<arg>${title_column}</arg>
<arg>timeout=10s</arg>
<doc>Waits until the element ``locator`` is visible.</doc>
<status status="PASS" start="2025-05-29T19:53:31.547911" elapsed="0.029875"/>
</kw>
<kw name="Get WebElements" owner="SeleniumLibrary">
<msg time="2025-05-29T19:53:31.592501" level="INFO">${title_cells} = [&lt;selenium.webdriver.remote.webelement.WebElement (session="68c42c5ef1f085c16b5258db72d30120", element="f.79A3198B2CFD63CD9450C4C18EDA0D0C.d.D9DDEB4EF12505012B51DAE0E5101762.e.114")&gt;, &lt;selenium.webdri...</msg>
<var>${title_cells}</var>
<arg>${title_column}</arg>
<doc>Returns a list of WebElement objects matching the ``locator``.</doc>
<status status="PASS" start="2025-05-29T19:53:31.578164" elapsed="0.014415"/>
</kw>
<kw name="Create List" owner="BuiltIn">
<msg time="2025-05-29T19:53:31.593180" level="INFO">@{titles} = [ ]</msg>
<var>@{titles}</var>
<doc>Returns a list containing given items.</doc>
<status status="PASS" start="2025-05-29T19:53:31.592900" elapsed="0.000321"/>
</kw>
<for flavor="IN">
<iter>
<kw name="Get Text" owner="SeleniumLibrary">
<msg time="2025-05-29T19:53:31.613785" level="INFO">${title} = Testing</msg>
<var>${title}</var>
<arg>${cell}</arg>
<doc>Returns the text value of the element identified by ``locator``.</doc>
<status status="PASS" start="2025-05-29T19:53:31.593797" elapsed="0.020059"/>
</kw>
<kw name="Append To List" owner="Collections">
<arg>${titles}</arg>
<arg>${title}</arg>
<doc>Adds ``values`` to the end of ``list``.</doc>
<status status="PASS" start="2025-05-29T19:53:31.614122" elapsed="0.000344"/>
</kw>
<kw name="Log To Console" owner="BuiltIn">
<arg>Title found: ${title}</arg>
<doc>Logs the given message to the console.</doc>
<status status="PASS" start="2025-05-29T19:53:31.614649" elapsed="0.000504"/>
</kw>
<var name="${cell}">&lt;selenium.webdriver.remote.webelement.WebElement (session="68c42c5ef1f085c16b5258db72d30120", element="f.79A3198B2CFD63CD9450C4C18EDA0D0C.d.D9DDEB4EF12505012B51DAE0E5101762.e.114")&gt;</var>
<status status="PASS" start="2025-05-29T19:53:31.593636" elapsed="0.021628"/>
</iter>
<iter>
<kw name="Get Text" owner="SeleniumLibrary">
<msg time="2025-05-29T19:53:31.629518" level="INFO">${title} = test case 1</msg>
<var>${title}</var>
<arg>${cell}</arg>
<doc>Returns the text value of the element identified by ``locator``.</doc>
<status status="PASS" start="2025-05-29T19:53:31.615713" elapsed="0.013875"/>
</kw>
<kw name="Append To List" owner="Collections">
<arg>${titles}</arg>
<arg>${title}</arg>
<doc>Adds ``values`` to the end of ``list``.</doc>
<status status="PASS" start="2025-05-29T19:53:31.629860" elapsed="0.000248"/>
</kw>
<kw name="Log To Console" owner="BuiltIn">
<arg>Title found: ${title}</arg>
<doc>Logs the given message to the console.</doc>
<status status="PASS" start="2025-05-29T19:53:31.630247" elapsed="0.000451"/>
</kw>
<var name="${cell}">&lt;selenium.webdriver.remote.webelement.WebElement (session="68c42c5ef1f085c16b5258db72d30120", element="f.79A3198B2CFD63CD9450C4C18EDA0D0C.d.D9DDEB4EF12505012B51DAE0E5101762.e.115")&gt;</var>
<status status="PASS" start="2025-05-29T19:53:31.615533" elapsed="0.015288"/>
</iter>
<var>${cell}</var>
<value>@{title_cells}</value>
<status status="PASS" start="2025-05-29T19:53:31.593361" elapsed="0.037650"/>
</for>
<return>
<value>@{titles}</value>
<status status="PASS" start="2025-05-29T19:53:31.631220" elapsed="0.000127"/>
</return>
<msg time="2025-05-29T19:53:31.631803" level="INFO">@{titles} = [ Testing | test case 1 ]</msg>
<var>@{titles}</var>
<status status="PASS" start="2025-05-29T19:53:31.547325" elapsed="0.084556"/>
</kw>
<kw name="Log Many" owner="BuiltIn">
<msg time="2025-05-29T19:53:31.632757" level="INFO">Testing</msg>
<msg time="2025-05-29T19:53:31.632801" level="INFO">test case 1</msg>
<arg>@{titles}</arg>
<doc>Logs the given messages as separate entries using the INFO level.</doc>
<status status="PASS" start="2025-05-29T19:53:31.632533" elapsed="0.000319"/>
</kw>
<kw name="Validate Search Results" owner="AboutUsResource">
<kw name="Wait Until Element Is Visible" owner="SeleniumLibrary">
<arg>${title_column}</arg>
<arg>timeout=10s</arg>
<doc>Waits until the element ``locator`` is visible.</doc>
<status status="PASS" start="2025-05-29T19:53:31.633587" elapsed="0.024873"/>
</kw>
<kw name="Get WebElements" owner="SeleniumLibrary">
<msg time="2025-05-29T19:53:31.671714" level="INFO">${title_cells} = [&lt;selenium.webdriver.remote.webelement.WebElement (session="68c42c5ef1f085c16b5258db72d30120", element="f.79A3198B2CFD63CD9450C4C18EDA0D0C.d.D9DDEB4EF12505012B51DAE0E5101762.e.114")&gt;, &lt;selenium.webdri...</msg>
<var>${title_cells}</var>
<arg>${title_column}</arg>
<doc>Returns a list of WebElement objects matching the ``locator``.</doc>
<status status="PASS" start="2025-05-29T19:53:31.658965" elapsed="0.012891"/>
</kw>
<kw name="Should Not Be Empty" owner="BuiltIn">
<msg time="2025-05-29T19:53:31.673229" level="INFO">Length is 2.</msg>
<arg>${title_cells}</arg>
<arg>msg=No results found for search term '${search_term}'</arg>
<doc>Verifies that the given item is not empty.</doc>
<status status="PASS" start="2025-05-29T19:53:31.672433" elapsed="0.000952"/>
</kw>
<for flavor="IN">
<iter>
<kw name="Get Text" owner="SeleniumLibrary">
<msg time="2025-05-29T19:53:31.687292" level="INFO">${title} = Testing</msg>
<var>${title}</var>
<arg>${cell}</arg>
<doc>Returns the text value of the element identified by ``locator``.</doc>
<status status="PASS" start="2025-05-29T19:53:31.674109" elapsed="0.013502"/>
</kw>
<kw name="Log To Console" owner="BuiltIn">
<arg>${title}</arg>
<doc>Logs the given message to the console.</doc>
<status status="PASS" start="2025-05-29T19:53:31.688344" elapsed="0.001216"/>
</kw>
<kw name="Should Contain" owner="BuiltIn">
<arg>${title.lower()}</arg>
<arg>${search_term.lower()}</arg>
<arg>msg=Title '${title}' doesn't contain search term '${search_term}'</arg>
<doc>Fails if ``container`` does not contain ``item`` one or more times.</doc>
<status status="PASS" start="2025-05-29T19:53:31.690012" elapsed="0.001897"/>
</kw>
<var name="${cell}">&lt;selenium.webdriver.remote.webelement.WebElement (session="68c42c5ef1f085c16b5258db72d30120", element="f.79A3198B2CFD63CD9450C4C18EDA0D0C.d.D9DDEB4EF12505012B51DAE0E5101762.e.114")&gt;</var>
<status status="PASS" start="2025-05-29T19:53:31.673923" elapsed="0.018126"/>
</iter>
<iter>
<kw name="Get Text" owner="SeleniumLibrary">
<msg time="2025-05-29T19:53:31.705198" level="INFO">${title} = test case 1</msg>
<var>${title}</var>
<arg>${cell}</arg>
<doc>Returns the text value of the element identified by ``locator``.</doc>
<status status="PASS" start="2025-05-29T19:53:31.692461" elapsed="0.012891"/>
</kw>
<kw name="Log To Console" owner="BuiltIn">
<arg>${title}</arg>
<doc>Logs the given message to the console.</doc>
<status status="PASS" start="2025-05-29T19:53:31.705978" elapsed="0.002152"/>
</kw>
<kw name="Should Contain" owner="BuiltIn">
<arg>${title.lower()}</arg>
<arg>${search_term.lower()}</arg>
<arg>msg=Title '${title}' doesn't contain search term '${search_term}'</arg>
<doc>Fails if ``container`` does not contain ``item`` one or more times.</doc>
<status status="PASS" start="2025-05-29T19:53:31.708719" elapsed="0.001774"/>
</kw>
<var name="${cell}">&lt;selenium.webdriver.remote.webelement.WebElement (session="68c42c5ef1f085c16b5258db72d30120", element="f.79A3198B2CFD63CD9450C4C18EDA0D0C.d.D9DDEB4EF12505012B51DAE0E5101762.e.115")&gt;</var>
<status status="PASS" start="2025-05-29T19:53:31.692256" elapsed="0.018350"/>
</iter>
<var>${cell}</var>
<value>@{title_cells}</value>
<status status="PASS" start="2025-05-29T19:53:31.673576" elapsed="0.037236"/>
</for>
<arg>${search_keyword}</arg>
<status status="PASS" start="2025-05-29T19:53:31.633227" elapsed="0.077750"/>
</kw>
<kw name="Close browser session" owner="GenericResources" type="TEARDOWN">
<kw name="Close Browser" owner="SeleniumLibrary">
<doc>Closes the current browser.</doc>
<status status="PASS" start="2025-05-29T19:53:31.712208" elapsed="2.303091"/>
</kw>
<status status="PASS" start="2025-05-29T19:53:31.711833" elapsed="2.303746"/>
</kw>
<status status="PASS" start="2025-05-29T19:53:21.554172" elapsed="12.461837"/>
</test>
<doc>Test on About us</doc>
<status status="PASS" start="2025-05-29T19:52:57.297512" elapsed="36.719966"/>
</suite>
<suite id="s1-s1-s2" name="AboutUs Test Excel" source="C:\SmartCliff-Admin-Project\Tests\AboutUs_Test_Excel.robot">
<test id="s1-s1-s2-t1" name="AboutUs panel row addition and deletion validation" line="15">
<kw name="Open the Browser with URL" owner="GenericResources" type="SETUP">
<kw name="Create Webdriver" owner="SeleniumLibrary">
<msg time="2025-05-29T19:53:35.610992" level="INFO">Creating an instance of the Chrome WebDriver.</msg>
<arg>${browser_name}</arg>
<doc>Creates an instance of Selenium WebDriver.</doc>
<status status="PASS" start="2025-05-29T19:53:35.610765" elapsed="1.626174"/>
</kw>
<kw name="Go To" owner="SeleniumLibrary">
<msg time="2025-05-29T19:53:37.237607" level="INFO">Opening url 'https://smart-cliff-admin.vercel.app/'</msg>
<arg>${url}</arg>
<doc>Navigates the current browser window to the provided ``url``.</doc>
<status status="PASS" start="2025-05-29T19:53:37.237304" elapsed="1.068618"/>
</kw>
<kw name="Maximize Browser Window" owner="SeleniumLibrary">
<doc>Maximizes current browser window.</doc>
<status status="PASS" start="2025-05-29T19:53:38.306601" elapsed="0.067480"/>
</kw>
<kw name="Set Selenium Implicit Wait" owner="SeleniumLibrary">
<arg>10</arg>
<doc>Sets the implicit wait value used by Selenium.</doc>
<status status="PASS" start="2025-05-29T19:53:38.375079" elapsed="0.002252"/>
</kw>
<status status="PASS" start="2025-05-29T19:53:35.610104" elapsed="2.767420"/>
</kw>
<kw name="validating multiple inputs on test form validation">
<kw name="Run Keyword If" owner="BuiltIn">
<kw name="Add Valid Row">
<kw name="Fill the valid Login Credentials" owner="GenericResources">
<kw name="Input Text" owner="SeleniumLibrary">
<msg time="2025-05-29T19:53:38.380580" level="INFO">Typing text 'abcraj@gmail.com' into text field 'xpath://input[@id='signin-email']'.</msg>
<arg>xpath://input[@id='signin-email']</arg>
<arg>${valid_username}</arg>
<doc>Types the given ``text`` into the text field identified by ``locator``.</doc>
<status status="PASS" start="2025-05-29T19:53:38.380027" elapsed="0.368325"/>
</kw>
<kw name="Input Password" owner="SeleniumLibrary">
<msg time="2025-05-29T19:53:38.749004" level="INFO">Typing password into text field 'xpath://input[@id='signin-password']'.</msg>
<msg time="2025-05-29T19:53:38.796784" level="INFO">Temporally setting log level to: NONE</msg>
<arg>xpath://input[@id='signin-password']</arg>
<arg>${valid_password}</arg>
<doc>Types the given password into the text field identified by ``locator``.</doc>
<status status="PASS" start="2025-05-29T19:53:38.748672" elapsed="0.247053"/>
</kw>
<kw name="Click Button" owner="SeleniumLibrary">
<msg time="2025-05-29T19:53:38.996396" level="INFO">Clicking button 'xpath://button[@id='signin-submit']'.</msg>
<arg>xpath://button[@id='signin-submit']</arg>
<doc>Clicks the button identified by ``locator``.</doc>
<status status="PASS" start="2025-05-29T19:53:38.996029" elapsed="0.166661"/>
</kw>
<status status="PASS" start="2025-05-29T19:53:38.379750" elapsed="0.783120"/>
</kw>
<kw name="click about us in side menu" owner="AboutUsResource">
<kw name="Wait Until Element Is Visible" owner="SeleniumLibrary">
<arg>${about_icon}</arg>
<arg>timeout=10s</arg>
<doc>Waits until the element ``locator`` is visible.</doc>
<status status="PASS" start="2025-05-29T19:53:39.163596" elapsed="5.933075"/>
</kw>
<kw name="Click Element" owner="SeleniumLibrary">
<msg time="2025-05-29T19:53:45.097289" level="INFO">Clicking element 'xpath://div[contains(@id,'drawer')]/div/ul/li[2]/div'.</msg>
<arg>${about_icon}</arg>
<doc>Click the element identified by ``locator``.</doc>
<status status="PASS" start="2025-05-29T19:53:45.096974" elapsed="2.207017"/>
</kw>
<kw name="Wait Until Element Is Visible" owner="SeleniumLibrary">
<arg>${about_us}</arg>
<arg>timeout=10s</arg>
<doc>Waits until the element ``locator`` is visible.</doc>
<status status="PASS" start="2025-05-29T19:53:47.304329" elapsed="0.031762"/>
</kw>
<kw name="Click Element" owner="SeleniumLibrary">
<msg time="2025-05-29T19:53:47.337007" level="INFO">Clicking element 'xpath://div[contains(@id,'drawer')]/div/ul/li[2]/div[2]/div/div/div/div[1]'.</msg>
<arg>${about_us}</arg>
<doc>Click the element identified by ``locator``.</doc>
<status status="PASS" start="2025-05-29T19:53:47.336492" elapsed="0.200740"/>
</kw>
<status status="PASS" start="2025-05-29T19:53:39.163123" elapsed="8.374323"/>
</kw>
<kw name="click add about us button" owner="AboutUsResource">
<kw name="Click Button" owner="SeleniumLibrary">
<msg time="2025-05-29T19:53:47.538562" level="INFO">Clicking button 'xpath://div[contains(@id,'root')]/div[1]/main/div[2]/div[1]/div[2]/button'.</msg>
<arg>${add_abt_us_btn}</arg>
<doc>Clicks the button identified by ``locator``.</doc>
<status status="PASS" start="2025-05-29T19:53:47.538244" elapsed="0.633460"/>
</kw>
<status status="PASS" start="2025-05-29T19:53:47.537737" elapsed="0.634296"/>
</kw>
<kw name="fill add about us form" owner="AboutUsResource">
<kw name="Wait Until Element Is Enabled" owner="SeleniumLibrary">
<arg>${content_title_input}</arg>
<doc>Waits until the element ``locator`` is enabled.</doc>
<status status="PASS" start="2025-05-29T19:53:48.173217" elapsed="0.032678"/>
</kw>
<kw name="Input Text" owner="SeleniumLibrary">
<msg time="2025-05-29T19:53:48.206719" level="INFO">Typing text 'hello saranya' into text field 'xpath://div[contains(@id,'root')]/div[1]/main/main/div/form/div[1]/div//child::input'.</msg>
<arg>${content_title_input}</arg>
<arg>${content_text}</arg>
<doc>Types the given ``text`` into the text field identified by ``locator``.</doc>
<status status="PASS" start="2025-05-29T19:53:48.206143" elapsed="0.323500"/>
</kw>
<kw name="Wait Until Element Is Visible" owner="SeleniumLibrary">
<arg>${DROPZONE_AREA}</arg>
<doc>Waits until the element ``locator`` is visible.</doc>
<status status="PASS" start="2025-05-29T19:53:48.529903" elapsed="0.024113"/>
</kw>
<kw name="Wait Until Element Is Enabled" owner="SeleniumLibrary">
<arg>${DROPZONE_AREA}</arg>
<doc>Waits until the element ``locator`` is enabled.</doc>
<status status="PASS" start="2025-05-29T19:53:48.554341" elapsed="0.028192"/>
</kw>
<kw name="Click Element" owner="SeleniumLibrary">
<msg time="2025-05-29T19:53:48.583129" level="INFO">Clicking element 'xpath://div[contains(@id,'root')]/div[1]/main/main/div/form/div[2]/div'.</msg>
<arg>${DROPZONE_AREA}</arg>
<doc>Click the element identified by ``locator``.</doc>
<status status="PASS" start="2025-05-29T19:53:48.582790" elapsed="0.088333"/>
</kw>
<kw name="Sleep" owner="BuiltIn">
<msg time="2025-05-29T19:53:49.672520" level="INFO">Slept 1 second.</msg>
<arg>1s</arg>
<doc>Pauses the test executed for the given time.</doc>
<status status="PASS" start="2025-05-29T19:53:48.671427" elapsed="1.001353"/>
</kw>
<kw name="Set Variable" owner="BuiltIn">
<msg time="2025-05-29T19:53:49.673625" level="INFO">${file_input} = css:input[type="file"][accept="image/*"]</msg>
<var>${file_input}</var>
<arg>css:input[type="file"][accept="image/*"]</arg>
<doc>Returns the given values which can then be assigned to a variables.</doc>
<status status="PASS" start="2025-05-29T19:53:49.673197" elapsed="0.000498"/>
</kw>
<kw name="Choose File" owner="SeleniumLibrary">
<msg time="2025-05-29T19:53:49.674638" level="INFO">Sending C:\SmartCliff-Admin-Project\Resources\about_us_images\Sunlit Park Walk.jpg to browser.</msg>
<arg>${file_input}</arg>
<arg>${IMAGE_PATH}</arg>
<doc>Inputs the ``file_path`` into the file input field ``locator``.</doc>
<status status="PASS" start="2025-05-29T19:53:49.674179" elapsed="0.049421"/>
</kw>
<kw name="Click Button" owner="SeleniumLibrary">
<msg time="2025-05-29T19:53:49.724227" level="INFO">Clicking button 'xpath://div[contains(@id,'root')]/div[1]/main/main/div/form/button'.</msg>
<arg>${submit_content}</arg>
<doc>Clicks the button identified by ``locator``.</doc>
<status status="PASS" start="2025-05-29T19:53:49.723842" elapsed="0.183424"/>
</kw>
<kw name="Sleep" owner="BuiltIn">
<msg time="2025-05-29T19:53:54.908488" level="INFO">Slept 5 seconds.</msg>
<arg>5s</arg>
<doc>Pauses the test executed for the given time.</doc>
<status status="PASS" start="2025-05-29T19:53:49.907582" elapsed="5.001197"/>
</kw>
<arg>${content_text}</arg>
<status status="PASS" start="2025-05-29T19:53:48.172635" elapsed="6.736432"/>
</kw>
<kw name="Check new row is added in about us panel" owner="AboutUsResource">
<kw name="Page Should Contain" owner="SeleniumLibrary">
<msg time="2025-05-29T19:53:54.932054" level="INFO">Current page contains text 'hello saranya'.</msg>
<arg>${content_text}</arg>
<doc>Verifies that current page contains ``text``.</doc>
<status status="PASS" start="2025-05-29T19:53:54.910017" elapsed="0.022203"/>
</kw>
<arg>${content_text}</arg>
<status status="PASS" start="2025-05-29T19:53:54.909505" elapsed="0.022867"/>
</kw>
<kw name="delete the new row in about us panel" owner="AboutUsResource">
<kw name="Click Element" owner="SeleniumLibrary">
<msg time="2025-05-29T19:53:54.933323" level="INFO">Clicking element 'xpath=//td[contains(text(),'hello saranya')]//following-sibling::td//button[2]'.</msg>
<arg>xpath=//td[contains(text(),'${content_text}')]//following-sibling::td//button[2]</arg>
<doc>Click the element identified by ``locator``.</doc>
<status status="PASS" start="2025-05-29T19:53:54.933061" elapsed="0.157415"/>
</kw>
<kw name="Click Button" owner="SeleniumLibrary">
<msg time="2025-05-29T19:53:55.091662" level="INFO">Clicking button 'xpath:/html/body/div[2]/div[3]/div/div[2]/button[2]'.</msg>
<arg>${del_again}</arg>
<doc>Clicks the button identified by ``locator``.</doc>
<status status="PASS" start="2025-05-29T19:53:55.091049" elapsed="0.141167"/>
</kw>
<kw name="Sleep" owner="BuiltIn">
<msg time="2025-05-29T19:53:56.233476" level="INFO">Slept 1 second.</msg>
<arg>1s</arg>
<doc>Pauses the test executed for the given time.</doc>
<status status="PASS" start="2025-05-29T19:53:55.232564" elapsed="1.001240"/>
</kw>
<arg>${content_text}</arg>
<status status="PASS" start="2025-05-29T19:53:54.932632" elapsed="1.301428"/>
</kw>
<kw name="Logout From Current Session" owner="LogoutResource">
<kw name="Wait Until Element Is Not Visible" owner="SeleniumLibrary">
<arg>${toast}</arg>
<arg>timeout=15s</arg>
<doc>Waits until the element ``locator`` is not visible.</doc>
<status status="PASS" start="2025-05-29T19:53:56.235798" elapsed="10.012981"/>
</kw>
<kw name="Set Variable" owner="BuiltIn">
<msg time="2025-05-29T19:54:06.249340" level="INFO">${logout_success} = False</msg>
<var>${logout_success}</var>
<arg>False</arg>
<doc>Returns the given values which can then be assigned to a variables.</doc>
<status status="PASS" start="2025-05-29T19:54:06.249096" elapsed="0.000285"/>
</kw>
<while condition="${RETRY_COUNT} &lt; ${MAX_RETRIES}">
<iter>
<kw name="Click Element" owner="SeleniumLibrary">
<msg time="2025-05-29T19:54:06.250217" level="INFO">Clicking element 'xpath://*[@id="appbar"]/div/button[2]'.</msg>
<arg>${user_icon}</arg>
<doc>Click the element identified by ``locator``.</doc>
<status status="PASS" start="2025-05-29T19:54:06.249979" elapsed="0.130249"/>
</kw>
<kw name="Wait Until Element Is Visible" owner="SeleniumLibrary">
<arg>${logout_btn}</arg>
<arg>timeout=5s</arg>
<doc>Waits until the element ``locator`` is visible.</doc>
<status status="PASS" start="2025-05-29T19:54:06.380652" elapsed="0.036252"/>
</kw>
<kw name="Click Element" owner="SeleniumLibrary">
<msg time="2025-05-29T19:54:06.417914" level="INFO">Clicking element 'xpath://*[@id="account-menu"]/div[3]/ul/li[2]'.</msg>
<arg>${logout_btn}</arg>
<doc>Click the element identified by ``locator``.</doc>
<status status="PASS" start="2025-05-29T19:54:06.417320" elapsed="0.585119"/>
</kw>
<kw name="Run Keyword And Return Status" owner="BuiltIn">
<kw name="Page Should Contain Element" owner="SeleniumLibrary">
<msg time="2025-05-29T19:54:17.241780" level="INFO" html="true">&lt;/td&gt;&lt;/tr&gt;&lt;tr&gt;&lt;td colspan="3"&gt;&lt;a href="selenium-screenshot-1.png"&gt;&lt;img src="selenium-screenshot-1.png" width="800px"&gt;&lt;/a&gt;</msg>
<msg time="2025-05-29T19:54:17.242154" level="FAIL">Page should have contained element 'xpath://*[@id="signin-submit"]' but did not.</msg>
<arg>${login_btn}</arg>
<doc>Verifies that element ``locator`` is found on the current page.</doc>
<status status="FAIL" start="2025-05-29T19:54:07.003168" elapsed="10.242592">Page should have contained element 'xpath://*[@id="signin-submit"]' but did not.</status>
</kw>
<msg time="2025-05-29T19:54:17.246007" level="INFO">${logout_success} = False</msg>
<var>${logout_success}</var>
<arg>Page Should Contain Element</arg>
<arg>${login_btn}</arg>
<doc>Runs the given keyword with given arguments and returns the status as a Boolean value.</doc>
<status status="PASS" start="2025-05-29T19:54:07.002836" elapsed="10.243216"/>
</kw>
<kw name="Get Location" owner="SeleniumLibrary">
<msg time="2025-05-29T19:54:17.256360" level="INFO">${url} = https://smart-cliff-admin.vercel.app/about/aboutus-control</msg>
<var>${url}</var>
<doc>Returns the current browser window URL.</doc>
<status status="PASS" start="2025-05-29T19:54:17.246272" elapsed="0.010256"/>
</kw>
<kw name="Log To Console" owner="BuiltIn">
<arg>Current URL: ${url}</arg>
<doc>Logs the given message to the console.</doc>
<status status="PASS" start="2025-05-29T19:54:17.256899" elapsed="0.000735"/>
</kw>
<kw name="Exit For Loop If" owner="BuiltIn">
<arg>${logout_success}</arg>
<doc>Stops executing the enclosing FOR loop if the ``condition`` is true.</doc>
<status status="PASS" start="2025-05-29T19:54:17.257954" elapsed="0.000430"/>
</kw>
<kw name="Sleep" owner="BuiltIn">
<msg time="2025-05-29T19:54:18.259677" level="INFO">Slept 1 second.</msg>
<arg>1s</arg>
<doc>Pauses the test executed for the given time.</doc>
<status status="PASS" start="2025-05-29T19:54:17.258984" elapsed="1.000998"/>
</kw>
<kw name="Evaluate" owner="BuiltIn">
<msg time="2025-05-29T19:54:18.260990" level="INFO">${RETRY_COUNT} = 1</msg>
<var>${RETRY_COUNT}</var>
<arg>${RETRY_COUNT} + 1</arg>
<doc>Evaluates the given expression in Python and returns the result.</doc>
<status status="PASS" start="2025-05-29T19:54:18.260440" elapsed="0.000618"/>
</kw>
<status status="PASS" start="2025-05-29T19:54:06.249487" elapsed="12.011699"/>
</iter>
<iter>
<kw name="Click Element" owner="SeleniumLibrary">
<msg time="2025-05-29T19:54:18.262382" level="INFO">Clicking element 'xpath://*[@id="appbar"]/div/button[2]'.</msg>
<arg>${user_icon}</arg>
<doc>Click the element identified by ``locator``.</doc>
<status status="PASS" start="2025-05-29T19:54:18.261933" elapsed="0.131028"/>
</kw>
<kw name="Wait Until Element Is Visible" owner="SeleniumLibrary">
<arg>${logout_btn}</arg>
<arg>timeout=5s</arg>
<doc>Waits until the element ``locator`` is visible.</doc>
<status status="PASS" start="2025-05-29T19:54:18.393704" elapsed="0.038708"/>
</kw>
<kw name="Click Element" owner="SeleniumLibrary">
<msg time="2025-05-29T19:54:18.433265" level="INFO">Clicking element 'xpath://*[@id="account-menu"]/div[3]/ul/li[2]'.</msg>
<arg>${logout_btn}</arg>
<doc>Click the element identified by ``locator``.</doc>
<status status="PASS" start="2025-05-29T19:54:18.432829" elapsed="0.482651"/>
</kw>
<kw name="Run Keyword And Return Status" owner="BuiltIn">
<kw name="Page Should Contain Element" owner="SeleniumLibrary">
<msg time="2025-05-29T19:54:18.931259" level="INFO">Current page contains element 'xpath://*[@id="signin-submit"]'.</msg>
<arg>${login_btn}</arg>
<doc>Verifies that element ``locator`` is found on the current page.</doc>
<status status="PASS" start="2025-05-29T19:54:18.916560" elapsed="0.014866"/>
</kw>
<msg time="2025-05-29T19:54:18.931648" level="INFO">${logout_success} = True</msg>
<var>${logout_success}</var>
<arg>Page Should Contain Element</arg>
<arg>${login_btn}</arg>
<doc>Runs the given keyword with given arguments and returns the status as a Boolean value.</doc>
<status status="PASS" start="2025-05-29T19:54:18.916132" elapsed="0.015554"/>
</kw>
<kw name="Get Location" owner="SeleniumLibrary">
<msg time="2025-05-29T19:54:18.942584" level="INFO">${url} = https://smart-cliff-admin.vercel.app/</msg>
<var>${url}</var>
<doc>Returns the current browser window URL.</doc>
<status status="PASS" start="2025-05-29T19:54:18.931909" elapsed="0.010805"/>
</kw>
<kw name="Log To Console" owner="BuiltIn">
<arg>Current URL: ${url}</arg>
<doc>Logs the given message to the console.</doc>
<status status="PASS" start="2025-05-29T19:54:18.943268" elapsed="0.000950"/>
</kw>
<kw name="Exit For Loop If" owner="BuiltIn">
<msg time="2025-05-29T19:54:18.945110" level="INFO">Exiting for loop altogether.</msg>
<arg>${logout_success}</arg>
<doc>Stops executing the enclosing FOR loop if the ``condition`` is true.</doc>
<status status="PASS" start="2025-05-29T19:54:18.944726" elapsed="0.000543"/>
</kw>
<kw name="Sleep" owner="BuiltIn">
<arg>1s</arg>
<doc>Pauses the test executed for the given time.</doc>
<status status="NOT RUN" start="2025-05-29T19:54:18.945546" elapsed="0.000057"/>
</kw>
<kw name="Evaluate" owner="BuiltIn">
<var>${RETRY_COUNT}</var>
<arg>${RETRY_COUNT} + 1</arg>
<doc>Evaluates the given expression in Python and returns the result.</doc>
<status status="NOT RUN" start="2025-05-29T19:54:18.945798" elapsed="0.000062"/>
</kw>
<status status="PASS" start="2025-05-29T19:54:18.261299" elapsed="0.684634"/>
</iter>
<status status="PASS" start="2025-05-29T19:54:06.249484" elapsed="12.696537"/>
</while>
<if>
<branch type="IF" condition="not ${logout_success}">
<kw name="Fail" owner="BuiltIn">
<arg>Logout failed after ${MAX_RETRIES} retries</arg>
<doc>Fails the test with the given message and optionally alters its tags.</doc>
<status status="NOT RUN" start="2025-05-29T19:54:18.946711" elapsed="0.000045"/>
</kw>
<status status="NOT RUN" start="2025-05-29T19:54:18.946257" elapsed="0.000566"/>
</branch>
<status status="PASS" start="2025-05-29T19:54:18.946186" elapsed="0.000709"/>
</if>
<status status="PASS" start="2025-05-29T19:53:56.234958" elapsed="22.712047"/>
</kw>
<arg>${content_text}</arg>
<status status="PASS" start="2025-05-29T19:53:38.379356" elapsed="40.567742"/>
</kw>
<arg>'${test_case_name}' == 'add_valid'</arg>
<arg>Add Valid Row</arg>
<arg>${content_text}</arg>
<arg>ELSE IF</arg>
<arg>'${test_case_name}' == 'delete_valid'</arg>
<arg>Delete Valid Row</arg>
<arg>${content_text}</arg>
<arg>ELSE IF</arg>
<arg>'${test_case_name}' == 'empty_title'</arg>
<arg>Add row without title</arg>
<arg>${content_text}</arg>
<doc>Runs the given keyword with the given arguments, if ``condition`` is true.</doc>
<status status="PASS" start="2025-05-29T19:53:38.378770" elapsed="40.568410"/>
</kw>
<arg>content_text=hello saranya</arg>
<arg>test_case_name=add_valid</arg>
<status status="PASS" start="2025-05-29T19:53:38.378110" elapsed="40.569185"/>
</kw>
<kw name="Close browser session" owner="GenericResources" type="TEARDOWN">
<kw name="Close Browser" owner="SeleniumLibrary">
<doc>Closes the current browser.</doc>
<status status="PASS" start="2025-05-29T19:54:18.948268" elapsed="2.386703"/>
</kw>
<status status="PASS" start="2025-05-29T19:54:18.947882" elapsed="2.387392"/>
</kw>
<status status="PASS" start="2025-05-29T19:53:35.607142" elapsed="45.728545"/>
</test>
<test id="s1-s1-s2-t2" name="AboutUs panel row addition and deletion validation" line="15">
<kw name="Open the Browser with URL" owner="GenericResources" type="SETUP">
<kw name="Create Webdriver" owner="SeleniumLibrary">
<msg time="2025-05-29T19:54:21.339634" level="INFO">Creating an instance of the Chrome WebDriver.</msg>
<arg>${browser_name}</arg>
<doc>Creates an instance of Selenium WebDriver.</doc>
<status status="PASS" start="2025-05-29T19:54:21.339428" elapsed="1.538012"/>
</kw>
<kw name="Go To" owner="SeleniumLibrary">
<msg time="2025-05-29T19:54:22.878208" level="INFO">Opening url 'https://smart-cliff-admin.vercel.app/'</msg>
<arg>${url}</arg>
<doc>Navigates the current browser window to the provided ``url``.</doc>
<status status="PASS" start="2025-05-29T19:54:22.877858" elapsed="0.147254"/>
</kw>
<kw name="Maximize Browser Window" owner="SeleniumLibrary">
<doc>Maximizes current browser window.</doc>
<status status="PASS" start="2025-05-29T19:54:23.025600" elapsed="1.033842"/>
</kw>
<kw name="Set Selenium Implicit Wait" owner="SeleniumLibrary">
<arg>10</arg>
<doc>Sets the implicit wait value used by Selenium.</doc>
<status status="PASS" start="2025-05-29T19:54:24.059958" elapsed="0.002720"/>
</kw>
<status status="PASS" start="2025-05-29T19:54:21.339059" elapsed="2.723863"/>
</kw>
<kw name="validating multiple inputs on test form validation">
<kw name="Run Keyword If" owner="BuiltIn">
<kw name="Delete Valid Row">
<kw name="Fill the valid Login Credentials" owner="GenericResources">
<kw name="Input Text" owner="SeleniumLibrary">
<msg time="2025-05-29T19:54:24.067928" level="INFO">Typing text 'abcraj@gmail.com' into text field 'xpath://input[@id='signin-email']'.</msg>
<arg>xpath://input[@id='signin-email']</arg>
<arg>${valid_username}</arg>
<doc>Types the given ``text`` into the text field identified by ``locator``.</doc>
<status status="PASS" start="2025-05-29T19:54:24.067440" elapsed="0.385132"/>
</kw>
<kw name="Input Password" owner="SeleniumLibrary">
<msg time="2025-05-29T19:54:24.453348" level="INFO">Typing password into text field 'xpath://input[@id='signin-password']'.</msg>
<msg time="2025-05-29T19:54:24.576338" level="INFO">Temporally setting log level to: NONE</msg>
<arg>xpath://input[@id='signin-password']</arg>
<arg>${valid_password}</arg>
<doc>Types the given password into the text field identified by ``locator``.</doc>
<status status="PASS" start="2025-05-29T19:54:24.452928" elapsed="0.345904"/>
</kw>
<kw name="Click Button" owner="SeleniumLibrary">
<msg time="2025-05-29T19:54:24.799544" level="INFO">Clicking button 'xpath://button[@id='signin-submit']'.</msg>
<arg>xpath://button[@id='signin-submit']</arg>
<doc>Clicks the button identified by ``locator``.</doc>
<status status="PASS" start="2025-05-29T19:54:24.799203" elapsed="0.142823"/>
</kw>
<status status="PASS" start="2025-05-29T19:54:24.066704" elapsed="0.875541"/>
</kw>
<kw name="click about us in side menu" owner="AboutUsResource">
<kw name="Wait Until Element Is Visible" owner="SeleniumLibrary">
<arg>${about_icon}</arg>
<arg>timeout=10s</arg>
<doc>Waits until the element ``locator`` is visible.</doc>
<status status="PASS" start="2025-05-29T19:54:24.943124" elapsed="3.513401"/>
</kw>
<kw name="Click Element" owner="SeleniumLibrary">
<msg time="2025-05-29T19:54:28.457578" level="INFO">Clicking element 'xpath://div[contains(@id,'drawer')]/div/ul/li[2]/div'.</msg>
<arg>${about_icon}</arg>
<doc>Click the element identified by ``locator``.</doc>
<status status="PASS" start="2025-05-29T19:54:28.456946" elapsed="0.182091"/>
</kw>
<kw name="Wait Until Element Is Visible" owner="SeleniumLibrary">
<arg>${about_us}</arg>
<arg>timeout=10s</arg>
<doc>Waits until the element ``locator`` is visible.</doc>
<status status="PASS" start="2025-05-29T19:54:28.639442" elapsed="0.280915"/>
</kw>
<kw name="Click Element" owner="SeleniumLibrary">
<msg time="2025-05-29T19:54:28.921338" level="INFO">Clicking element 'xpath://div[contains(@id,'drawer')]/div/ul/li[2]/div[2]/div/div/div/div[1]'.</msg>
<arg>${about_us}</arg>
<doc>Click the element identified by ``locator``.</doc>
<status status="PASS" start="2025-05-29T19:54:28.920786" elapsed="0.181779"/>
</kw>
<status status="PASS" start="2025-05-29T19:54:24.942603" elapsed="4.160251"/>
</kw>
<kw name="click add about us button" owner="AboutUsResource">
<kw name="Click Button" owner="SeleniumLibrary">
<msg time="2025-05-29T19:54:29.104431" level="INFO">Clicking button 'xpath://div[contains(@id,'root')]/div[1]/main/div[2]/div[1]/div[2]/button'.</msg>
<arg>${add_abt_us_btn}</arg>
<doc>Clicks the button identified by ``locator``.</doc>
<status status="PASS" start="2025-05-29T19:54:29.103974" elapsed="0.647859"/>
</kw>
<status status="PASS" start="2025-05-29T19:54:29.103239" elapsed="0.648941"/>
</kw>
<kw name="fill add about us form" owner="AboutUsResource">
<kw name="Wait Until Element Is Enabled" owner="SeleniumLibrary">
<arg>${content_title_input}</arg>
<doc>Waits until the element ``locator`` is enabled.</doc>
<status status="PASS" start="2025-05-29T19:54:29.753489" elapsed="0.044652"/>
</kw>
<kw name="Input Text" owner="SeleniumLibrary">
<msg time="2025-05-29T19:54:29.798828" level="INFO">Typing text 'delete' into text field 'xpath://div[contains(@id,'root')]/div[1]/main/main/div/form/div[1]/div//child::input'.</msg>
<arg>${content_title_input}</arg>
<arg>${content_text}</arg>
<doc>Types the given ``text`` into the text field identified by ``locator``.</doc>
<status status="PASS" start="2025-05-29T19:54:29.798446" elapsed="0.224273"/>
</kw>
<kw name="Wait Until Element Is Visible" owner="SeleniumLibrary">
<arg>${DROPZONE_AREA}</arg>
<doc>Waits until the element ``locator`` is visible.</doc>
<status status="PASS" start="2025-05-29T19:54:30.023036" elapsed="0.032000"/>
</kw>
<kw name="Wait Until Element Is Enabled" owner="SeleniumLibrary">
<arg>${DROPZONE_AREA}</arg>
<doc>Waits until the element ``locator`` is enabled.</doc>
<status status="PASS" start="2025-05-29T19:54:30.055328" elapsed="0.035781"/>
</kw>
<kw name="Click Element" owner="SeleniumLibrary">
<msg time="2025-05-29T19:54:30.092237" level="INFO">Clicking element 'xpath://div[contains(@id,'root')]/div[1]/main/main/div/form/div[2]/div'.</msg>
<arg>${DROPZONE_AREA}</arg>
<doc>Click the element identified by ``locator``.</doc>
<status status="PASS" start="2025-05-29T19:54:30.091574" elapsed="0.125585"/>
</kw>
<kw name="Sleep" owner="BuiltIn">
<msg time="2025-05-29T19:54:31.220284" level="INFO">Slept 1 second.</msg>
<arg>1s</arg>
<doc>Pauses the test executed for the given time.</doc>
<status status="PASS" start="2025-05-29T19:54:30.217665" elapsed="1.003085"/>
</kw>
<kw name="Set Variable" owner="BuiltIn">
<msg time="2025-05-29T19:54:31.222226" level="INFO">${file_input} = css:input[type="file"][accept="image/*"]</msg>
<var>${file_input}</var>
<arg>css:input[type="file"][accept="image/*"]</arg>
<doc>Returns the given values which can then be assigned to a variables.</doc>
<status status="PASS" start="2025-05-29T19:54:31.221828" elapsed="0.000478"/>
</kw>
<kw name="Choose File" owner="SeleniumLibrary">
<msg time="2025-05-29T19:54:31.223107" level="INFO">Sending C:\SmartCliff-Admin-Project\Resources\about_us_images\Sunlit Park Walk.jpg to browser.</msg>
<arg>${file_input}</arg>
<arg>${IMAGE_PATH}</arg>
<doc>Inputs the ``file_path`` into the file input field ``locator``.</doc>
<status status="PASS" start="2025-05-29T19:54:31.222607" elapsed="0.046104"/>
</kw>
<kw name="Click Button" owner="SeleniumLibrary">
<msg time="2025-05-29T19:54:31.269299" level="INFO">Clicking button 'xpath://div[contains(@id,'root')]/div[1]/main/main/div/form/button'.</msg>
<arg>${submit_content}</arg>
<doc>Clicks the button identified by ``locator``.</doc>
<status status="PASS" start="2025-05-29T19:54:31.268955" elapsed="0.166981"/>
</kw>
<kw name="Sleep" owner="BuiltIn">
<msg time="2025-05-29T19:54:36.437031" level="INFO">Slept 5 seconds.</msg>
<arg>5s</arg>
<doc>Pauses the test executed for the given time.</doc>
<status status="PASS" start="2025-05-29T19:54:31.436327" elapsed="5.001012"/>
</kw>
<arg>${content_text}</arg>
<status status="PASS" start="2025-05-29T19:54:29.752602" elapsed="6.685033"/>
</kw>
<kw name="Check new row is added in about us panel" owner="AboutUsResource">
<kw name="Page Should Contain" owner="SeleniumLibrary">
<msg time="2025-05-29T19:54:36.468933" level="INFO">Current page contains text 'delete'.</msg>
<arg>${content_text}</arg>
<doc>Verifies that current page contains ``text``.</doc>
<status status="PASS" start="2025-05-29T19:54:36.439044" elapsed="0.030170"/>
</kw>
<arg>${content_text}</arg>
<status status="PASS" start="2025-05-29T19:54:36.438085" elapsed="0.031375"/>
</kw>
<kw name="delete the new row in about us panel" owner="AboutUsResource">
<kw name="Click Element" owner="SeleniumLibrary">
<msg time="2025-05-29T19:54:36.471621" level="INFO">Clicking element 'xpath=//td[contains(text(),'delete')]//following-sibling::td//button[2]'.</msg>
<arg>xpath=//td[contains(text(),'${content_text}')]//following-sibling::td//button[2]</arg>
<doc>Click the element identified by ``locator``.</doc>
<status status="PASS" start="2025-05-29T19:54:36.470868" elapsed="0.182834"/>
</kw>
<kw name="Click Button" owner="SeleniumLibrary">
<msg time="2025-05-29T19:54:36.654735" level="INFO">Clicking button 'xpath:/html/body/div[2]/div[3]/div/div[2]/button[2]'.</msg>
<arg>${del_again}</arg>
<doc>Clicks the button identified by ``locator``.</doc>
<status status="PASS" start="2025-05-29T19:54:36.654152" elapsed="0.155648"/>
</kw>
<kw name="Sleep" owner="BuiltIn">
<msg time="2025-05-29T19:54:37.810861" level="INFO">Slept 1 second.</msg>
<arg>1s</arg>
<doc>Pauses the test executed for the given time.</doc>
<status status="PASS" start="2025-05-29T19:54:36.810052" elapsed="1.001035"/>
</kw>
<arg>${content_text}</arg>
<status status="PASS" start="2025-05-29T19:54:36.469901" elapsed="1.341478"/>
</kw>
<kw name="the specified row should be removed in about us panel" owner="AboutUsResource">
<kw name="Page Should Not Contain" owner="SeleniumLibrary">
<msg time="2025-05-29T19:54:57.861437" level="INFO">Current page does not contain text 'delete'.</msg>
<arg>${content_text}</arg>
<doc>Verifies the current page does not contain ``text``.</doc>
<status status="PASS" start="2025-05-29T19:54:37.812050" elapsed="20.049541"/>
</kw>
<arg>${content_text}</arg>
<status status="PASS" start="2025-05-29T19:54:37.811627" elapsed="20.050110"/>
</kw>
<arg>${content_text}</arg>
<status status="PASS" start="2025-05-29T19:54:24.065778" elapsed="33.796068"/>
</kw>
<arg>'${test_case_name}' == 'add_valid'</arg>
<arg>Add Valid Row</arg>
<arg>${content_text}</arg>
<arg>ELSE IF</arg>
<arg>'${test_case_name}' == 'delete_valid'</arg>
<arg>Delete Valid Row</arg>
<arg>${content_text}</arg>
<arg>ELSE IF</arg>
<arg>'${test_case_name}' == 'empty_title'</arg>
<arg>Add row without title</arg>
<arg>${content_text}</arg>
<doc>Runs the given keyword with the given arguments, if ``condition`` is true.</doc>
<status status="PASS" start="2025-05-29T19:54:24.064740" elapsed="33.797183"/>
</kw>
<arg>content_text=delete</arg>
<arg>test_case_name=delete_valid</arg>
<status status="PASS" start="2025-05-29T19:54:24.063737" elapsed="33.798295"/>
</kw>
<kw name="Close browser session" owner="GenericResources" type="TEARDOWN">
<kw name="Close Browser" owner="SeleniumLibrary">
<doc>Closes the current browser.</doc>
<status status="PASS" start="2025-05-29T19:54:57.863012" elapsed="2.483970"/>
</kw>
<status status="PASS" start="2025-05-29T19:54:57.862628" elapsed="2.484761"/>
</kw>
<status status="PASS" start="2025-05-29T19:54:21.336763" elapsed="39.010991"/>
</test>
<test id="s1-s1-s2-t3" name="AboutUs panel row addition and deletion validation" line="15">
<kw name="Open the Browser with URL" owner="GenericResources" type="SETUP">
<kw name="Create Webdriver" owner="SeleniumLibrary">
<msg time="2025-05-29T19:55:00.351383" level="INFO">Creating an instance of the Chrome WebDriver.</msg>
<arg>${browser_name}</arg>
<doc>Creates an instance of Selenium WebDriver.</doc>
<status status="PASS" start="2025-05-29T19:55:00.351172" elapsed="1.550047"/>
</kw>
<kw name="Go To" owner="SeleniumLibrary">
<msg time="2025-05-29T19:55:01.902095" level="INFO">Opening url 'https://smart-cliff-admin.vercel.app/'</msg>
<arg>${url}</arg>
<doc>Navigates the current browser window to the provided ``url``.</doc>
<status status="PASS" start="2025-05-29T19:55:01.901758" elapsed="1.213828"/>
</kw>
<kw name="Maximize Browser Window" owner="SeleniumLibrary">
<doc>Maximizes current browser window.</doc>
<status status="PASS" start="2025-05-29T19:55:03.116149" elapsed="0.096056"/>
</kw>
<kw name="Set Selenium Implicit Wait" owner="SeleniumLibrary">
<arg>10</arg>
<doc>Sets the implicit wait value used by Selenium.</doc>
<status status="PASS" start="2025-05-29T19:55:03.212701" elapsed="0.002833"/>
</kw>
<status status="PASS" start="2025-05-29T19:55:00.350795" elapsed="2.865109"/>
</kw>
<kw name="validating multiple inputs on test form validation">
<kw name="Run Keyword If" owner="BuiltIn">
<kw name="Add row without title">
<kw name="Fill the valid Login Credentials" owner="GenericResources">
<kw name="Input Text" owner="SeleniumLibrary">
<msg time="2025-05-29T19:55:03.222207" level="INFO">Typing text 'abcraj@gmail.com' into text field 'xpath://input[@id='signin-email']'.</msg>
<arg>xpath://input[@id='signin-email']</arg>
<arg>${valid_username}</arg>
<doc>Types the given ``text`` into the text field identified by ``locator``.</doc>
<status status="PASS" start="2025-05-29T19:55:03.221565" elapsed="0.467732"/>
</kw>
<kw name="Input Password" owner="SeleniumLibrary">
<msg time="2025-05-29T19:55:03.690251" level="INFO">Typing password into text field 'xpath://input[@id='signin-password']'.</msg>
<msg time="2025-05-29T19:55:03.848269" level="INFO">Temporally setting log level to: NONE</msg>
<arg>xpath://input[@id='signin-password']</arg>
<arg>${valid_password}</arg>
<doc>Types the given password into the text field identified by ``locator``.</doc>
<status status="PASS" start="2025-05-29T19:55:03.689717" elapsed="0.314111"/>
</kw>
<kw name="Click Button" owner="SeleniumLibrary">
<msg time="2025-05-29T19:55:04.004350" level="INFO">Clicking button 'xpath://button[@id='signin-submit']'.</msg>
<arg>xpath://button[@id='signin-submit']</arg>
<doc>Clicks the button identified by ``locator``.</doc>
<status status="PASS" start="2025-05-29T19:55:04.004090" elapsed="0.146395"/>
</kw>
<status status="PASS" start="2025-05-29T19:55:03.219945" elapsed="0.930695"/>
</kw>
<kw name="click about us in side menu" owner="AboutUsResource">
<kw name="Wait Until Element Is Visible" owner="SeleniumLibrary">
<arg>${about_icon}</arg>
<arg>timeout=10s</arg>
<doc>Waits until the element ``locator`` is visible.</doc>
<status status="PASS" start="2025-05-29T19:55:04.151433" elapsed="3.336585"/>
</kw>
<kw name="Click Element" owner="SeleniumLibrary">
<msg time="2025-05-29T19:55:07.488859" level="INFO">Clicking element 'xpath://div[contains(@id,'drawer')]/div/ul/li[2]/div'.</msg>
<arg>${about_icon}</arg>
<doc>Click the element identified by ``locator``.</doc>
<status status="PASS" start="2025-05-29T19:55:07.488394" elapsed="0.149336"/>
</kw>
<kw name="Wait Until Element Is Visible" owner="SeleniumLibrary">
<arg>${about_us}</arg>
<arg>timeout=10s</arg>
<doc>Waits until the element ``locator`` is visible.</doc>
<status status="PASS" start="2025-05-29T19:55:07.638364" elapsed="0.270559"/>
</kw>
<kw name="Click Element" owner="SeleniumLibrary">
<msg time="2025-05-29T19:55:07.910083" level="INFO">Clicking element 'xpath://div[contains(@id,'drawer')]/div/ul/li[2]/div[2]/div/div/div/div[1]'.</msg>
<arg>${about_us}</arg>
<doc>Click the element identified by ``locator``.</doc>
<status status="PASS" start="2025-05-29T19:55:07.909477" elapsed="0.268164"/>
</kw>
<status status="PASS" start="2025-05-29T19:55:04.150889" elapsed="4.026981"/>
</kw>
<kw name="click add about us button" owner="AboutUsResource">
<kw name="Click Button" owner="SeleniumLibrary">
<msg time="2025-05-29T19:55:08.179398" level="INFO">Clicking button 'xpath://div[contains(@id,'root')]/div[1]/main/div[2]/div[1]/div[2]/button'.</msg>
<arg>${add_abt_us_btn}</arg>
<doc>Clicks the button identified by ``locator``.</doc>
<status status="PASS" start="2025-05-29T19:55:08.178940" elapsed="0.887749"/>
</kw>
<status status="PASS" start="2025-05-29T19:55:08.178168" elapsed="0.888728"/>
</kw>
<kw name="fill add about us form" owner="AboutUsResource">
<kw name="Wait Until Element Is Enabled" owner="SeleniumLibrary">
<arg>${content_title_input}</arg>
<doc>Waits until the element ``locator`` is enabled.</doc>
<status status="PASS" start="2025-05-29T19:55:09.067742" elapsed="0.047699"/>
</kw>
<kw name="Input Text" owner="SeleniumLibrary">
<msg time="2025-05-29T19:55:09.116397" level="INFO">Typing text '' into text field 'xpath://div[contains(@id,'root')]/div[1]/main/main/div/form/div[1]/div//child::input'.</msg>
<arg>${content_title_input}</arg>
<arg>${content_text}</arg>
<doc>Types the given ``text`` into the text field identified by ``locator``.</doc>
<status status="PASS" start="2025-05-29T19:55:09.115828" elapsed="0.117471"/>
</kw>
<kw name="Wait Until Element Is Visible" owner="SeleniumLibrary">
<arg>${DROPZONE_AREA}</arg>
<doc>Waits until the element ``locator`` is visible.</doc>
<status status="PASS" start="2025-05-29T19:55:09.233725" elapsed="0.034257"/>
</kw>
<kw name="Wait Until Element Is Enabled" owner="SeleniumLibrary">
<arg>${DROPZONE_AREA}</arg>
<doc>Waits until the element ``locator`` is enabled.</doc>
<status status="PASS" start="2025-05-29T19:55:09.268267" elapsed="0.036790"/>
</kw>
<kw name="Click Element" owner="SeleniumLibrary">
<msg time="2025-05-29T19:55:09.305875" level="INFO">Clicking element 'xpath://div[contains(@id,'root')]/div[1]/main/main/div/form/div[2]/div'.</msg>
<arg>${DROPZONE_AREA}</arg>
<doc>Click the element identified by ``locator``.</doc>
<status status="PASS" start="2025-05-29T19:55:09.305505" elapsed="0.116578"/>
</kw>
<kw name="Sleep" owner="BuiltIn">
<msg time="2025-05-29T19:55:10.423789" level="INFO">Slept 1 second.</msg>
<arg>1s</arg>
<doc>Pauses the test executed for the given time.</doc>
<status status="PASS" start="2025-05-29T19:55:09.422749" elapsed="1.001236"/>
</kw>
<kw name="Set Variable" owner="BuiltIn">
<msg time="2025-05-29T19:55:10.424634" level="INFO">${file_input} = css:input[type="file"][accept="image/*"]</msg>
<var>${file_input}</var>
<arg>css:input[type="file"][accept="image/*"]</arg>
<doc>Returns the given values which can then be assigned to a variables.</doc>
<status status="PASS" start="2025-05-29T19:55:10.424279" elapsed="0.000416"/>
</kw>
<kw name="Choose File" owner="SeleniumLibrary">
<msg time="2025-05-29T19:55:10.425596" level="INFO">Sending C:\SmartCliff-Admin-Project\Resources\about_us_images\Sunlit Park Walk.jpg to browser.</msg>
<arg>${file_input}</arg>
<arg>${IMAGE_PATH}</arg>
<doc>Inputs the ``file_path`` into the file input field ``locator``.</doc>
<status status="PASS" start="2025-05-29T19:55:10.424993" elapsed="0.042175"/>
</kw>
<kw name="Click Button" owner="SeleniumLibrary">
<msg time="2025-05-29T19:55:10.467727" level="INFO">Clicking button 'xpath://div[contains(@id,'root')]/div[1]/main/main/div/form/button'.</msg>
<arg>${submit_content}</arg>
<doc>Clicks the button identified by ``locator``.</doc>
<status status="PASS" start="2025-05-29T19:55:10.467415" elapsed="0.179391"/>
</kw>
<kw name="Sleep" owner="BuiltIn">
<msg time="2025-05-29T19:55:15.648349" level="INFO">Slept 5 seconds.</msg>
<arg>5s</arg>
<doc>Pauses the test executed for the given time.</doc>
<status status="PASS" start="2025-05-29T19:55:10.647100" elapsed="5.001538"/>
</kw>
<arg>${content_text}</arg>
<status status="PASS" start="2025-05-29T19:55:09.067202" elapsed="6.581693"/>
</kw>
<kw name="User should see title waring warning" owner="AboutUsResource">
<kw name="Page Should Contain" owner="SeleniumLibrary">
<msg time="2025-05-29T19:55:15.669934" level="INFO">Current page contains text 'Title is required'.</msg>
<arg>Title is required</arg>
<doc>Verifies that current page contains ``text``.</doc>
<status status="PASS" start="2025-05-29T19:55:15.650467" elapsed="0.019623"/>
</kw>
<status status="PASS" start="2025-05-29T19:55:15.649325" elapsed="0.021097"/>
</kw>
<arg>${content_text}</arg>
<status status="PASS" start="2025-05-29T19:55:03.219402" elapsed="12.451107"/>
</kw>
<arg>'${test_case_name}' == 'add_valid'</arg>
<arg>Add Valid Row</arg>
<arg>${content_text}</arg>
<arg>ELSE IF</arg>
<arg>'${test_case_name}' == 'delete_valid'</arg>
<arg>Delete Valid Row</arg>
<arg>${content_text}</arg>
<arg>ELSE IF</arg>
<arg>'${test_case_name}' == 'empty_title'</arg>
<arg>Add row without title</arg>
<arg>${content_text}</arg>
<doc>Runs the given keyword with the given arguments, if ``condition`` is true.</doc>
<status status="PASS" start="2025-05-29T19:55:03.218620" elapsed="12.451968"/>
</kw>
<arg>content_text=</arg>
<arg>test_case_name=empty_title</arg>
<status status="PASS" start="2025-05-29T19:55:03.217748" elapsed="12.452957"/>
</kw>
<kw name="Close browser session" owner="GenericResources" type="TEARDOWN">
<kw name="Close Browser" owner="SeleniumLibrary">
<doc>Closes the current browser.</doc>
<status status="PASS" start="2025-05-29T19:55:15.672063" elapsed="2.355908"/>
</kw>
<status status="PASS" start="2025-05-29T19:55:15.671413" elapsed="2.356833"/>
</kw>
<status status="PASS" start="2025-05-29T19:55:00.348611" elapsed="17.680063"/>
</test>
<test id="s1-s1-s2-t4" name="AboutUs panel row addition and deletion validation" line="15">
<kw name="Open the Browser with URL" owner="GenericResources" type="SETUP">
<kw name="Create Webdriver" owner="SeleniumLibrary">
<msg time="2025-05-29T19:55:18.032834" level="INFO">Creating an instance of the Chrome WebDriver.</msg>
<arg>${browser_name}</arg>
<doc>Creates an instance of Selenium WebDriver.</doc>
<status status="PASS" start="2025-05-29T19:55:18.032627" elapsed="1.525304"/>
</kw>
<kw name="Go To" owner="SeleniumLibrary">
<msg time="2025-05-29T19:55:19.558448" level="INFO">Opening url 'https://smart-cliff-admin.vercel.app/'</msg>
<arg>${url}</arg>
<doc>Navigates the current browser window to the provided ``url``.</doc>
<status status="PASS" start="2025-05-29T19:55:19.558218" elapsed="1.049894"/>
</kw>
<kw name="Maximize Browser Window" owner="SeleniumLibrary">
<doc>Maximizes current browser window.</doc>
<status status="PASS" start="2025-05-29T19:55:20.608599" elapsed="0.057741"/>
</kw>
<kw name="Set Selenium Implicit Wait" owner="SeleniumLibrary">
<arg>10</arg>
<doc>Sets the implicit wait value used by Selenium.</doc>
<status status="PASS" start="2025-05-29T19:55:20.666766" elapsed="0.003509"/>
</kw>
<status status="PASS" start="2025-05-29T19:55:18.032249" elapsed="2.638329"/>
</kw>
<kw name="validating multiple inputs on test form validation">
<kw name="Run Keyword If" owner="BuiltIn">
<arg>'${test_case_name}' == 'add_valid'</arg>
<arg>Add Valid Row</arg>
<arg>${content_text}</arg>
<arg>ELSE IF</arg>
<arg>'${test_case_name}' == 'delete_valid'</arg>
<arg>Delete Valid Row</arg>
<arg>${content_text}</arg>
<arg>ELSE IF</arg>
<arg>'${test_case_name}' == 'empty_title'</arg>
<arg>Add row without title</arg>
<arg>${content_text}</arg>
<doc>Runs the given keyword with the given arguments, if ``condition`` is true.</doc>
<status status="PASS" start="2025-05-29T19:55:20.672090" elapsed="0.000585"/>
</kw>
<arg>content_text=</arg>
<arg>test_case_name=empty_image</arg>
<status status="PASS" start="2025-05-29T19:55:20.671503" elapsed="0.001457"/>
</kw>
<kw name="Close browser session" owner="GenericResources" type="TEARDOWN">
<kw name="Close Browser" owner="SeleniumLibrary">
<doc>Closes the current browser.</doc>
<status status="PASS" start="2025-05-29T19:55:20.674671" elapsed="2.180149"/>
</kw>
<status status="PASS" start="2025-05-29T19:55:20.673860" elapsed="2.181218"/>
</kw>
<status status="PASS" start="2025-05-29T19:55:18.030018" elapsed="4.825449"/>
</test>
<doc>Test on About us</doc>
<status status="PASS" start="2025-05-29T19:53:34.019002" elapsed="108.837714"/>
</suite>
<suite id="s1-s1-s3" name="LoginTest" source="C:\SmartCliff-Admin-Project\Tests\LoginTest.robot">
<test id="s1-s1-s3-t1" name="Validate Login with" line="16">
<kw name="Open the Browser with URL" owner="GenericResources" type="SETUP">
<kw name="Create Webdriver" owner="SeleniumLibrary">
<msg time="2025-05-29T19:55:22.912718" level="INFO">Creating an instance of the Chrome WebDriver.</msg>
<arg>${browser_name}</arg>
<doc>Creates an instance of Selenium WebDriver.</doc>
<status status="PASS" start="2025-05-29T19:55:22.912210" elapsed="1.536640"/>
</kw>
<kw name="Go To" owner="SeleniumLibrary">
<msg time="2025-05-29T19:55:24.449495" level="INFO">Opening url 'https://smart-cliff-admin.vercel.app/'</msg>
<arg>${url}</arg>
<doc>Navigates the current browser window to the provided ``url``.</doc>
<status status="PASS" start="2025-05-29T19:55:24.449205" elapsed="1.012415"/>
</kw>
<kw name="Maximize Browser Window" owner="SeleniumLibrary">
<doc>Maximizes current browser window.</doc>
<status status="PASS" start="2025-05-29T19:55:25.462119" elapsed="0.082032"/>
</kw>
<kw name="Set Selenium Implicit Wait" owner="SeleniumLibrary">
<arg>10</arg>
<doc>Sets the implicit wait value used by Selenium.</doc>
<status status="PASS" start="2025-05-29T19:55:25.544556" elapsed="0.004289"/>
</kw>
<status status="PASS" start="2025-05-29T19:55:22.911374" elapsed="2.637905"/>
</kw>
<kw name="Validate Login in SmartCliff">
<kw name="Fill the login form" owner="LoginResource">
<kw name="Input Text" owner="SeleniumLibrary">
<msg time="2025-05-29T19:55:25.553412" level="INFO">Typing text 'abcraj@gmail.com' into text field 'xpath://input[@id='signin-email']'.</msg>
<arg>xpath://input[@id='signin-email']</arg>
<arg>${email}</arg>
<doc>Types the given ``text`` into the text field identified by ``locator``.</doc>
<status status="PASS" start="2025-05-29T19:55:25.552838" elapsed="0.433892"/>
</kw>
<kw name="Input Password" owner="SeleniumLibrary">
<msg time="2025-05-29T19:55:25.987521" level="INFO">Typing password into text field 'xpath://input[@id='signin-password']'.</msg>
<msg time="2025-05-29T19:55:26.055649" level="INFO">Temporally setting log level to: NONE</msg>
<arg>xpath://input[@id='signin-password']</arg>
<arg>${password}</arg>
<doc>Types the given password into the text field identified by ``locator``.</doc>
<status status="PASS" start="2025-05-29T19:55:25.987079" elapsed="0.354276"/>
</kw>
<kw name="Click Button" owner="SeleniumLibrary">
<msg time="2025-05-29T19:55:26.341876" level="INFO">Clicking button 'xpath://button[@id='signin-submit']'.</msg>
<arg>xpath://button[@id='signin-submit']</arg>
<doc>Clicks the button identified by ``locator``.</doc>
<status status="PASS" start="2025-05-29T19:55:26.341606" elapsed="0.141782"/>
</kw>
<arg>${email}</arg>
<arg>${password}</arg>
<status status="PASS" start="2025-05-29T19:55:25.551895" elapsed="0.931707"/>
</kw>
<if>
<branch type="IF" condition="'${email}' == '' and '${password}'==''">
<kw name="Verify the user get error message by both email and password field empty" owner="LoginResource">
<status status="NOT RUN" start="2025-05-29T19:55:26.484390" elapsed="0.000096"/>
</kw>
<status status="NOT RUN" start="2025-05-29T19:55:26.483794" elapsed="0.000776"/>
</branch>
<branch type="ELSE IF" condition="'${email}' == ''">
<kw name="Verify the user get the error message by email field empty" owner="LoginResource">
<status status="NOT RUN" start="2025-05-29T19:55:26.484981" elapsed="0.000045"/>
</kw>
<status status="NOT RUN" start="2025-05-29T19:55:26.484654" elapsed="0.000420"/>
</branch>
<branch type="ELSE IF" condition="'${password}' == ''">
<kw name="Verify the user get error message by password field empty" owner="LoginResource">
<status status="NOT RUN" start="2025-05-29T19:55:26.485351" elapsed="0.000039"/>
</kw>
<status status="NOT RUN" start="2025-05-29T19:55:26.485122" elapsed="0.000312"/>
</branch>
<branch type="ELSE IF" condition="'${email}' != '' and '${password}' != ''">
<kw name="Verify the user is successfully logged in" owner="LoginResource">
<kw name="Element Text Should Be" owner="SeleniumLibrary">
<msg time="2025-05-29T19:55:26.486371" level="INFO">Verifying element 'xpath://h5[@class='MuiTypography-root MuiTypography-h5 css-1f7j8xw']' contains exact text 'Admin Panel Instructions'.</msg>
<arg>${instruction}</arg>
<arg>Admin Panel Instructions</arg>
<doc>Verifies that element ``locator`` contains exact the text ``expected``.</doc>
<status status="PASS" start="2025-05-29T19:55:26.486121" elapsed="3.439523"/>
</kw>
<status status="PASS" start="2025-05-29T19:55:26.485736" elapsed="3.440158"/>
</kw>
<status status="PASS" start="2025-05-29T19:55:26.485483" elapsed="3.440498"/>
</branch>
<status status="PASS" start="2025-05-29T19:55:26.483742" elapsed="3.442340"/>
</if>
<arg>email=abcraj@gmail.com</arg>
<arg>password=Divraj@123</arg>
<status status="PASS" start="2025-05-29T19:55:25.550857" elapsed="4.375330"/>
</kw>
<kw name="Close browser session" owner="GenericResources" type="TEARDOWN">
<kw name="Close Browser" owner="SeleniumLibrary">
<doc>Closes the current browser.</doc>
<status status="PASS" start="2025-05-29T19:55:29.927539" elapsed="2.328718"/>
</kw>
<status status="PASS" start="2025-05-29T19:55:29.926969" elapsed="2.329626"/>
</kw>
<status status="PASS" start="2025-05-29T19:55:22.909312" elapsed="9.347676"/>
</test>
<test id="s1-s1-s3-t2" name="Validate Login with" line="16">
<kw name="Open the Browser with URL" owner="GenericResources" type="SETUP">
<kw name="Create Webdriver" owner="SeleniumLibrary">
<msg time="2025-05-29T19:55:32.260590" level="INFO">Creating an instance of the Chrome WebDriver.</msg>
<arg>${browser_name}</arg>
<doc>Creates an instance of Selenium WebDriver.</doc>
<status status="PASS" start="2025-05-29T19:55:32.260377" elapsed="1.579997"/>
</kw>
<kw name="Go To" owner="SeleniumLibrary">
<msg time="2025-05-29T19:55:33.840891" level="INFO">Opening url 'https://smart-cliff-admin.vercel.app/'</msg>
<arg>${url}</arg>
<doc>Navigates the current browser window to the provided ``url``.</doc>
<status status="PASS" start="2025-05-29T19:55:33.840645" elapsed="1.322097"/>
</kw>
<kw name="Maximize Browser Window" owner="SeleniumLibrary">
<doc>Maximizes current browser window.</doc>
<status status="PASS" start="2025-05-29T19:55:35.163197" elapsed="0.081147"/>
</kw>
<kw name="Set Selenium Implicit Wait" owner="SeleniumLibrary">
<arg>10</arg>
<doc>Sets the implicit wait value used by Selenium.</doc>
<status status="PASS" start="2025-05-29T19:55:35.244952" elapsed="0.003249"/>
</kw>
<status status="PASS" start="2025-05-29T19:55:32.259990" elapsed="2.988605"/>
</kw>
<kw name="Validate Login in SmartCliff">
<kw name="Fill the login form" owner="LoginResource">
<kw name="Input Text" owner="SeleniumLibrary">
<msg time="2025-05-29T19:55:35.251497" level="INFO">Typing text '' into text field 'xpath://input[@id='signin-email']'.</msg>
<arg>xpath://input[@id='signin-email']</arg>
<arg>${email}</arg>
<doc>Types the given ``text`` into the text field identified by ``locator``.</doc>
<status status="PASS" start="2025-05-29T19:55:35.251044" elapsed="0.303702"/>
</kw>
<kw name="Input Password" owner="SeleniumLibrary">
<msg time="2025-05-29T19:55:35.555392" level="INFO">Typing password into text field 'xpath://input[@id='signin-password']'.</msg>
<msg time="2025-05-29T19:55:35.612514" level="INFO">Temporally setting log level to: NONE</msg>
<arg>xpath://input[@id='signin-password']</arg>
<arg>${password}</arg>
<doc>Types the given password into the text field identified by ``locator``.</doc>
<status status="PASS" start="2025-05-29T19:55:35.555037" elapsed="0.220788"/>
</kw>
<kw name="Click Button" owner="SeleniumLibrary">
<msg time="2025-05-29T19:55:35.776857" level="INFO">Clicking button 'xpath://button[@id='signin-submit']'.</msg>
<arg>xpath://button[@id='signin-submit']</arg>
<doc>Clicks the button identified by ``locator``.</doc>
<status status="PASS" start="2025-05-29T19:55:35.776347" elapsed="0.189851"/>
</kw>
<arg>${email}</arg>
<arg>${password}</arg>
<status status="PASS" start="2025-05-29T19:55:35.250415" elapsed="0.716030"/>
</kw>
<if>
<branch type="IF" condition="'${email}' == '' and '${password}'==''">
<kw name="Verify the user get error message by both email and password field empty" owner="LoginResource">
<kw name="Element Text Should Be" owner="SeleniumLibrary">
<msg time="2025-05-29T19:55:35.968029" level="INFO">Verifying element 'xpath://p[@id='signin-email-helper-text']' contains exact text 'Email is required'.</msg>
<arg>${error_message_in_email}</arg>
<arg>Email is required</arg>
<doc>Verifies that element ``locator`` contains exact the text ``expected``.</doc>
<status status="PASS" start="2025-05-29T19:55:35.967690" elapsed="0.033278"/>
</kw>
<kw name="Element Text Should Be" owner="SeleniumLibrary">
<msg time="2025-05-29T19:55:36.001581" level="INFO">Verifying element 'xpath://p[@id='signin-password-helper-text']' contains exact text 'Password is required'.</msg>
<arg>${error_message_in_password}</arg>
<arg>Password is required</arg>
<doc>Verifies that element ``locator`` contains exact the text ``expected``.</doc>
<status status="PASS" start="2025-05-29T19:55:36.001246" elapsed="0.024178"/>
</kw>
<status status="PASS" start="2025-05-29T19:55:35.967228" elapsed="0.058346"/>
</kw>
<status status="PASS" start="2025-05-29T19:55:35.966670" elapsed="0.058963"/>
</branch>
<branch type="ELSE IF" condition="'${email}' == ''">
<kw name="Verify the user get the error message by email field empty" owner="LoginResource">
<status status="NOT RUN" start="2025-05-29T19:55:36.025932" elapsed="0.000047"/>
</kw>
<status status="NOT RUN" start="2025-05-29T19:55:36.025700" elapsed="0.000327"/>
</branch>
<branch type="ELSE IF" condition="'${password}' == ''">
<kw name="Verify the user get error message by password field empty" owner="LoginResource">
<status status="NOT RUN" start="2025-05-29T19:55:36.026235" elapsed="0.000042"/>
</kw>
<status status="NOT RUN" start="2025-05-29T19:55:36.026077" elapsed="0.000271"/>
</branch>
<branch type="ELSE IF" condition="'${email}' != '' and '${password}' != ''">
<kw name="Verify the user is successfully logged in" owner="LoginResource">
<status status="NOT RUN" start="2025-05-29T19:55:36.026557" elapsed="0.000041"/>
</kw>
<status status="NOT RUN" start="2025-05-29T19:55:36.026400" elapsed="0.000244"/>
</branch>
<status status="PASS" start="2025-05-29T19:55:35.966614" elapsed="0.060079"/>
</if>
<arg>email=</arg>
<arg>password=</arg>
<status status="PASS" start="2025-05-29T19:55:35.249653" elapsed="0.777119"/>
</kw>
<kw name="Close browser session" owner="GenericResources" type="TEARDOWN">
<kw name="Close Browser" owner="SeleniumLibrary">
<doc>Closes the current browser.</doc>
<status status="PASS" start="2025-05-29T19:55:36.027984" elapsed="2.246223"/>
</kw>
<status status="PASS" start="2025-05-29T19:55:36.027515" elapsed="2.246966"/>
</kw>
<status status="PASS" start="2025-05-29T19:55:32.257878" elapsed="6.016956"/>
</test>
<test id="s1-s1-s3-t3" name="Validate Login with" line="16">
<kw name="Open the Browser with URL" owner="GenericResources" type="SETUP">
<kw name="Create Webdriver" owner="SeleniumLibrary">
<msg time="2025-05-29T19:55:38.278322" level="INFO">Creating an instance of the Chrome WebDriver.</msg>
<arg>${browser_name}</arg>
<doc>Creates an instance of Selenium WebDriver.</doc>
[...]
<status status="PASS" start="2025-05-29T20:06:04.130358" elapsed="1.143408"/>
</kw>
<kw name="Maximize Browser Window" owner="SeleniumLibrary">
<doc>Maximizes current browser window.</doc>
<status status="PASS" start="2025-05-29T20:06:05.274194" elapsed="0.068572"/>
</kw>
<kw name="Set Selenium Implicit Wait" owner="SeleniumLibrary">
<arg>10</arg>
<doc>Sets the implicit wait value used by Selenium.</doc>
<status status="PASS" start="2025-05-29T20:06:05.343326" elapsed="0.002407"/>
</kw>
<status status="PASS" start="2025-05-29T20:06:02.493496" elapsed="2.852600"/>
</kw>
<kw name="Crud operation in Vission and Mission">
<if>
<branch type="IF" condition="'${descriptiontext}'==&quot;Welcome to the smartcliff&quot;">
<kw name="Fill the valid Login Credentials" owner="GenericResources">
<status status="NOT RUN" start="2025-05-29T20:06:05.348357" elapsed="0.000103"/>
</kw>
<kw name="Verify Vision Added" owner="Vision_MissionResources">
<arg>${descriptiontext}</arg>
<status status="NOT RUN" start="2025-05-29T20:06:05.348899" elapsed="0.000114"/>
</kw>
<status status="NOT RUN" start="2025-05-29T20:06:05.347796" elapsed="0.001321"/>
</branch>
<branch type="ELSE IF" condition="'${descriptiontext}'==&quot;Welcome to the Kiot&quot;">
<kw name="Fill the valid Login Credentials" owner="GenericResources">
<status status="NOT RUN" start="2025-05-29T20:06:05.349837" elapsed="0.000118"/>
</kw>
<kw name="Click the about in the menu list" owner="Vision_MissionResources">
<status status="NOT RUN" start="2025-05-29T20:06:05.350321" elapsed="0.000104"/>
</kw>
<kw name="click the vision&amp;Mission in the list" owner="Vision_MissionResources">
<status status="NOT RUN" start="2025-05-29T20:06:05.350803" elapsed="0.000135"/>
</kw>
<kw name="click the add vision and Mission" owner="Vision_MissionResources">
<status status="NOT RUN" start="2025-05-29T20:06:05.351178" elapsed="0.000049"/>
</kw>
<kw name="click the Mission in the dropdown" owner="Vision_MissionResources">
<status status="NOT RUN" start="2025-05-29T20:06:05.351393" elapsed="0.000039"/>
</kw>
<kw name="add the Description in the textarea" owner="Vision_MissionResources">
<arg>${descriptiontext}</arg>
<status status="NOT RUN" start="2025-05-29T20:06:05.351567" elapsed="0.000038"/>
</kw>
<kw name="click the add content" owner="Vision_MissionResources">
<arg>${descriptiontext}</arg>
<status status="NOT RUN" start="2025-05-29T20:06:05.351853" elapsed="0.000069"/>
</kw>
<status status="NOT RUN" start="2025-05-29T20:06:05.349207" elapsed="0.002810"/>
</branch>
<branch type="ELSE IF" condition="'${descriptiontext}'==&quot;IronMan&quot;">
<kw name="Fill the valid Login Credentials" owner="GenericResources">
<kw name="Input Text" owner="SeleniumLibrary">
<msg time="2025-05-29T20:06:05.353863" level="INFO">Typing text 'abcraj@gmail.com' into text field 'xpath://input[@id='signin-email']'.</msg>
<arg>xpath://input[@id='signin-email']</arg>
<arg>${valid_username}</arg>
<doc>Types the given ``text`` into the text field identified by ``locator``.</doc>
<status status="PASS" start="2025-05-29T20:06:05.353336" elapsed="0.439353"/>
</kw>
<kw name="Input Password" owner="SeleniumLibrary">
<msg time="2025-05-29T20:06:05.793561" level="INFO">Typing password into text field 'xpath://input[@id='signin-password']'.</msg>
<msg time="2025-05-29T20:06:05.842380" level="INFO">Temporally setting log level to: NONE</msg>
<arg>xpath://input[@id='signin-password']</arg>
<arg>${valid_password}</arg>
<doc>Types the given password into the text field identified by ``locator``.</doc>
<status status="PASS" start="2025-05-29T20:06:05.793093" elapsed="0.178631"/>
</kw>
<kw name="Click Button" owner="SeleniumLibrary">
<msg time="2025-05-29T20:06:05.972389" level="INFO">Clicking button 'xpath://button[@id='signin-submit']'.</msg>
<arg>xpath://button[@id='signin-submit']</arg>
<doc>Clicks the button identified by ``locator``.</doc>
<status status="PASS" start="2025-05-29T20:06:05.972116" elapsed="0.150534"/>
</kw>
<status status="PASS" start="2025-05-29T20:06:05.352689" elapsed="0.770367"/>
</kw>
<kw name="Click the about in the menu list" owner="Vision_MissionResources">
<kw name="Sleep" owner="BuiltIn">
<msg time="2025-05-29T20:06:08.124499" level="INFO">Slept 2 seconds.</msg>
<arg>2s</arg>
<doc>Pauses the test executed for the given time.</doc>
<status status="PASS" start="2025-05-29T20:06:06.124004" elapsed="2.000737"/>
</kw>
<kw name="Click Element" owner="SeleniumLibrary">
<msg time="2025-05-29T20:06:08.126096" level="INFO">Clicking element 'xpath://button[contains(@class,'MuiIconButton-root')]'.</msg>
<arg>${MenuButton}</arg>
<doc>Click the element identified by ``locator``.</doc>
<status status="PASS" start="2025-05-29T20:06:08.125320" elapsed="1.760554"/>
</kw>
<kw name="Click Element" owner="SeleniumLibrary">
<msg time="2025-05-29T20:06:09.887093" level="INFO">Clicking element 'xpath://span[contains(text(),'About')]'.</msg>
<msg time="2025-05-29T20:06:10.286840" level="INFO" html="true">&lt;/td&gt;&lt;/tr&gt;&lt;tr&gt;&lt;td colspan="3"&gt;&lt;a href="selenium-screenshot-3.png"&gt;&lt;img src="selenium-screenshot-3.png" width="800px"&gt;&lt;/a&gt;</msg>
<msg time="2025-05-29T20:06:10.287211" level="FAIL">ElementNotInteractableException: Message: element not interactable: element has zero size
  (Session info: chrome=136.0.7103.114)
Stacktrace:
	GetHandleVerifier [0x00007FF7F4B3CF45+75717]
	GetHandleVerifier [0x00007FF7F4B3CFA0+75808]
	(No symbol) [0x00007FF7F4908F9A]
	(No symbol) [0x00007FF7F4960D2B]
	(No symbol) [0x00007FF7F4952394]
	(No symbol) [0x00007FF7F498737A]
	(No symbol) [0x00007FF7F4951C46]
	(No symbol) [0x00007FF7F4987590]
	(No symbol) [0x00007FF7F49AF39C]
	(No symbol) [0x00007FF7F4987153]
	(No symbol) [0x00007FF7F4950421]
	(No symbol) [0x00007FF7F49511B3]
	GetHandleVerifier [0x00007FF7F4E3D71D+3223453]
	GetHandleVerifier [0x00007FF7F4E37CC2+3200322]
	GetHandleVerifier [0x00007FF7F4E55AF3+3322739]
	GetHandleVerifier [0x00007FF7F4B56A1A+180890]
	GetHandleVerifier [0x00007FF7F4B5E11F+211359]
	GetHandleVerifier [0x00007FF7F4B45294+109332]
	GetHandleVerifier [0x00007FF7F4B45442+109762]
	GetHandleVerifier [0x00007FF7F4B2BA59+4825]
	BaseThreadInitThunk [0x00007FFC4FB2259D+29]
	RtlUserThreadStart [0x00007FFC519AAF78+40]
</msg>
<arg>${AboutinMenu}</arg>
<doc>Click the element identified by ``locator``.</doc>
<status status="FAIL" start="2025-05-29T20:06:09.886390" elapsed="0.402809">ElementNotInteractableException: Message: element not interactable: element has zero size
  (Session info: chrome=136.0.7103.114)
Stacktrace:
	GetHandleVerifier [0x00007FF7F4B3CF45+75717]
	GetHandleVerifier [0x00007FF7F4B3CFA0+75808]
	(No symbol) [0x00007FF7F4908F9A]
	(No symbol) [0x00007FF7F4960D2B]
	(No symbol) [0x00007FF7F4952394]
	(No symbol) [0x00007FF7F498737A]
	(No symbol) [0x00007FF7F4951C46]
	(No symbol) [0x00007FF7F4987590]
	(No symbol) [0x00007FF7F49AF39C]
	(No symbol) [0x00007FF7F4987153]
	(No symbol) [0x00007FF7F4950421]
	(No symbol) [0x00007FF7F49511B3]
	GetHandleVerifier [0x00007FF7F4E3D71D+3223453]
	GetHandleVerifier [0x00007FF7F4E37CC2+3200322]
	GetHandleVerifier [0x00007FF7F4E55AF3+3322739]
	GetHandleVerifier [0x00007FF7F4B56A1A+180890]
	GetHandleVerifier [0x00007FF7F4B5E11F+211359]
	GetHandleVerifier [0x00007FF7F4B45294+109332]
	GetHandleVerifier [0x00007FF7F4B45442+109762]
	GetHandleVerifier [0x00007FF7F4B2BA59+4825]
	BaseThreadInitThunk [0x00007FFC4FB2259D+29]
	RtlUserThreadStart [0x00007FFC519AAF78+40]
</status>
</kw>
<status status="FAIL" start="2025-05-29T20:06:06.123555" elapsed="4.165939">ElementNotInteractableException: Message: element not interactable: element has zero size
  (Session info: chrome=136.0.7103.114)
Stacktrace:
	GetHandleVerifier [0x00007FF7F4B3CF45+75717]
	GetHandleVerifier [0x00007FF7F4B3CFA0+75808]
	(No symbol) [0x00007FF7F4908F9A]
	(No symbol) [0x00007FF7F4960D2B]
	(No symbol) [0x00007FF7F4952394]
	(No symbol) [0x00007FF7F498737A]
	(No symbol) [0x00007FF7F4951C46]
	(No symbol) [0x00007FF7F4987590]
	(No symbol) [0x00007FF7F49AF39C]
	(No symbol) [0x00007FF7F4987153]
	(No symbol) [0x00007FF7F4950421]
	(No symbol) [0x00007FF7F49511B3]
	GetHandleVerifier [0x00007FF7F4E3D71D+3223453]
	GetHandleVerifier [0x00007FF7F4E37CC2+3200322]
	GetHandleVerifier [0x00007FF7F4E55AF3+3322739]
	GetHandleVerifier [0x00007FF7F4B56A1A+180890]
	GetHandleVerifier [0x00007FF7F4B5E11F+211359]
	GetHandleVerifier [0x00007FF7F4B45294+109332]
	GetHandleVerifier [0x00007FF7F4B45442+109762]
	GetHandleVerifier [0x00007FF7F4B2BA59+4825]
	BaseThreadInitThunk [0x00007FFC4FB2259D+29]
	RtlUserThreadStart [0x00007FFC519AAF78+40]
</status>
</kw>
<kw name="click the vision&amp;Mission in the list" owner="Vision_MissionResources">
<status status="NOT RUN" start="2025-05-29T20:06:10.289792" elapsed="0.000057"/>
</kw>
<kw name="click the add vision and Mission" owner="Vision_MissionResources">
<status status="NOT RUN" start="2025-05-29T20:06:10.290002" elapsed="0.000038"/>
</kw>
<kw name="add the Description in the textarea" owner="Vision_MissionResources">
<arg>${descriptiontext}</arg>
<status status="NOT RUN" start="2025-05-29T20:06:10.290175" elapsed="0.000039"/>
</kw>
<kw name="add the content in the vission" owner="Vision_MissionResources">
<status status="NOT RUN" start="2025-05-29T20:06:10.290360" elapsed="0.000038"/>
</kw>
<kw name="click the search bar and enter the description" owner="Vision_MissionResources">
<arg>${descriptiontext}</arg>
<status status="NOT RUN" start="2025-05-29T20:06:10.290542" elapsed="0.000039"/>
</kw>
<kw name="Verify the search bar" owner="Vision_MissionResources">
<arg>${descriptiontext}</arg>
<status status="NOT RUN" start="2025-05-29T20:06:10.290717" elapsed="0.000038"/>
</kw>
<kw name="Delete the description from the table" owner="Vision_MissionResources">
<arg>${descriptiontext}</arg>
<status status="NOT RUN" start="2025-05-29T20:06:10.290903" elapsed="0.000042"/>
</kw>
<status status="FAIL" start="2025-05-29T20:06:05.352128" elapsed="4.938897">ElementNotInteractableException: Message: element not interactable: element has zero size
  (Session info: chrome=136.0.7103.114)
Stacktrace:
	GetHandleVerifier [0x00007FF7F4B3CF45+75717]
	GetHandleVerifier [0x00007FF7F4B3CFA0+75808]
	(No symbol) [0x00007FF7F4908F9A]
	(No symbol) [0x00007FF7F4960D2B]
	(No symbol) [0x00007FF7F4952394]
	(No symbol) [0x00007FF7F498737A]
	(No symbol) [0x00007FF7F4951C46]
	(No symbol) [0x00007FF7F4987590]
	(No symbol) [0x00007FF7F49AF39C]
	(No symbol) [0x00007FF7F4987153]
	(No symbol) [0x00007FF7F4950421]
	(No symbol) [0x00007FF7F49511B3]
	GetHandleVerifier [0x00007FF7F4E3D71D+3223453]
	GetHandleVerifier [0x00007FF7F4E37CC2+3200322]
	GetHandleVerifier [0x00007FF7F4E55AF3+3322739]
	GetHandleVerifier [0x00007FF7F4B56A1A+180890]
	GetHandleVerifier [0x00007FF7F4B5E11F+211359]
	GetHandleVerifier [0x00007FF7F4B45294+109332]
	GetHandleVerifier [0x00007FF7F4B45442+109762]
	GetHandleVerifier [0x00007FF7F4B2BA59+4825]
	BaseThreadInitThunk [0x00007FFC4FB2259D+29]
	RtlUserThreadStart [0x00007FFC519AAF78+40]
</status>
</branch>
<branch type="ELSE IF" condition="'${descriptiontext}'==&quot;Batman&quot;">
<kw name="Fill the valid Login Credentials" owner="GenericResources">
<status status="NOT RUN" start="2025-05-29T20:06:10.291281" elapsed="0.000038"/>
</kw>
<kw name="Click the about in the menu list" owner="Vision_MissionResources">
<status status="NOT RUN" start="2025-05-29T20:06:10.291466" elapsed="0.000036"/>
</kw>
<kw name="click the vision&amp;Mission in the list" owner="Vision_MissionResources">
<status status="NOT RUN" start="2025-05-29T20:06:10.291642" elapsed="0.000037"/>
</kw>
<kw name="click the add vision and Mission" owner="Vision_MissionResources">
<status status="NOT RUN" start="2025-05-29T20:06:10.292050" elapsed="0.000050"/>
</kw>
<kw name="click the Mission in the dropdown" owner="Vision_MissionResources">
<status status="NOT RUN" start="2025-05-29T20:06:10.292259" elapsed="0.000038"/>
</kw>
<kw name="add the Description in the textarea" owner="Vision_MissionResources">
<arg>${descriptiontext}</arg>
<status status="NOT RUN" start="2025-05-29T20:06:10.292435" elapsed="0.000187"/>
</kw>
<kw name="add the content in the vission" owner="Vision_MissionResources">
<status status="NOT RUN" start="2025-05-29T20:06:10.292962" elapsed="0.000085"/>
</kw>
<kw name="add the text to edit in vission" owner="Vision_MissionResources">
<arg>${descriptiontext}</arg>
<status status="NOT RUN" start="2025-05-29T20:06:10.293517" elapsed="0.000135"/>
</kw>
<status status="NOT RUN" start="2025-05-29T20:06:10.291112" elapsed="0.002642"/>
</branch>
<status status="FAIL" start="2025-05-29T20:06:05.347735" elapsed="4.946107">ElementNotInteractableException: Message: element not interactable: element has zero size
  (Session info: chrome=136.0.7103.114)
Stacktrace:
	GetHandleVerifier [0x00007FF7F4B3CF45+75717]
	GetHandleVerifier [0x00007FF7F4B3CFA0+75808]
	(No symbol) [0x00007FF7F4908F9A]
	(No symbol) [0x00007FF7F4960D2B]
	(No symbol) [0x00007FF7F4952394]
	(No symbol) [0x00007FF7F498737A]
	(No symbol) [0x00007FF7F4951C46]
	(No symbol) [0x00007FF7F4987590]
	(No symbol) [0x00007FF7F49AF39C]
	(No symbol) [0x00007FF7F4987153]
	(No symbol) [0x00007FF7F4950421]
	(No symbol) [0x00007FF7F49511B3]
	GetHandleVerifier [0x00007FF7F4E3D71D+3223453]
	GetHandleVerifier [0x00007FF7F4E37CC2+3200322]
	GetHandleVerifier [0x00007FF7F4E55AF3+3322739]
	GetHandleVerifier [0x00007FF7F4B56A1A+180890]
	GetHandleVerifier [0x00007FF7F4B5E11F+211359]
	GetHandleVerifier [0x00007FF7F4B45294+109332]
	GetHandleVerifier [0x00007FF7F4B45442+109762]
	GetHandleVerifier [0x00007FF7F4B2BA59+4825]
	BaseThreadInitThunk [0x00007FFC4FB2259D+29]
	RtlUserThreadStart [0x00007FFC519AAF78+40]
</status>
</if>
<arg>descriptiontext=IronMan</arg>
<status status="FAIL" start="2025-05-29T20:06:05.347077" elapsed="4.946973">ElementNotInteractableException: Message: element not interactable: element has zero size
  (Session info: chrome=136.0.7103.114)
Stacktrace:
	GetHandleVerifier [0x00007FF7F4B3CF45+75717]
	GetHandleVerifier [0x00007FF7F4B3CFA0+75808]
	(No symbol) [0x00007FF7F4908F9A]
	(No symbol) [0x00007FF7F4960D2B]
	(No symbol) [0x00007FF7F4952394]
	(No symbol) [0x00007FF7F498737A]
	(No symbol) [0x00007FF7F4951C46]
	(No symbol) [0x00007FF7F4987590]
	(No symbol) [0x00007FF7F49AF39C]
	(No symbol) [0x00007FF7F4987153]
	(No symbol) [0x00007FF7F4950421]
	(No symbol) [0x00007FF7F49511B3]
	GetHandleVerifier [0x00007FF7F4E3D71D+3223453]
	GetHandleVerifier [0x00007FF7F4E37CC2+3200322]
	GetHandleVerifier [0x00007FF7F4E55AF3+3322739]
	GetHandleVerifier [0x00007FF7F4B56A1A+180890]
	GetHandleVerifier [0x00007FF7F4B5E11F+211359]
	GetHandleVerifier [0x00007FF7F4B45294+109332]
	GetHandleVerifier [0x00007FF7F4B45442+109762]
	GetHandleVerifier [0x00007FF7F4B2BA59+4825]
	BaseThreadInitThunk [0x00007FFC4FB2259D+29]
	RtlUserThreadStart [0x00007FFC519AAF78+40]
</status>
</kw>
<kw name="Close browser session" owner="GenericResources" type="TEARDOWN">
<kw name="Close Browser" owner="SeleniumLibrary">
<doc>Closes the current browser.</doc>
<status status="PASS" start="2025-05-29T20:06:10.295860" elapsed="2.344527"/>
</kw>
<status status="PASS" start="2025-05-29T20:06:10.295282" elapsed="2.345391"/>
</kw>
<status status="FAIL" start="2025-05-29T20:06:02.491430" elapsed="10.149694">ElementNotInteractableException: Message: element not interactable: element has zero size
  (Session info: chrome=136.0.7103.114)
Stacktrace:
	GetHandleVerifier [0x00007FF7F4B3CF45+75717]
	GetHandleVerifier [0x00007FF7F4B3CFA0+75808]
	(No symbol) [0x00007FF7F4908F9A]
	(No symbol) [0x00007FF7F4960D2B]
	(No symbol) [0x00007FF7F4952394]
	(No symbol) [0x00007FF7F498737A]
	(No symbol) [0x00007FF7F4951C46]
	(No symbol) [0x00007FF7F4987590]
	(No symbol) [0x00007FF7F49AF39C]
	(No symbol) [0x00007FF7F4987153]
	(No symbol) [0x00007FF7F4950421]
	(No symbol) [0x00007FF7F49511B3]
	GetHandleVerifier [0x00007FF7F4E3D71D+3223453]
	GetHandleVerifier [0x00007FF7F4E37CC2+3200322]
	GetHandleVerifier [0x00007FF7F4E55AF3+3322739]
	GetHandleVerifier [0x00007FF7F4B56A1A+180890]
	GetHandleVerifier [0x00007FF7F4B5E11F+211359]
	GetHandleVerifier [0x00007FF7F4B45294+109332]
	GetHandleVerifier [0x00007FF7F4B45442+109762]
	GetHandleVerifier [0x00007FF7F4B2BA59+4825]
	BaseThreadInitThunk [0x00007FFC4FB2259D+29]
	RtlUserThreadStart [0x00007FFC519AAF78+40]
</status>
</test>
<doc>Tests for Vision &amp; Mission functionality</doc>
<status status="FAIL" start="2025-05-29T20:03:30.905797" elapsed="161.737824"/>
</suite>
<status status="FAIL" start="2025-05-29T19:52:57.295125" elapsed="795.350021"/>
</suite>
<status status="FAIL" start="2025-05-29T19:52:57.236991" elapsed="795.409467"/>
</suite>
<statistics>
<total>
<stat pass="27" fail="2" skip="0">All Tests</stat>
</total>
<tag>
</tag>
<suite>
<stat name="SmartCliff-Admin-Project" id="s1" pass="27" fail="2" skip="0">SmartCliff-Admin-Project</stat>
<stat name="Tests" id="s1-s1" pass="27" fail="2" skip="0">SmartCliff-Admin-Project.Tests</stat>
<stat name="AboutUs Test" id="s1-s1-s1" pass="3" fail="0" skip="0">SmartCliff-Admin-Project.Tests.AboutUs Test</stat>
<stat name="AboutUs Test Excel" id="s1-s1-s2" pass="4" fail="0" skip="0">SmartCliff-Admin-Project.Tests.AboutUs Test Excel</stat>
<stat name="LoginTest" id="s1-s1-s3" pass="4" fail="0" skip="0">SmartCliff-Admin-Project.Tests.LoginTest</stat>
<stat name="LogoutTest" id="s1-s1-s4" pass="1" fail="0" skip="0">SmartCliff-Admin-Project.Tests.LogoutTest</stat>
<stat name="ShineTest" id="s1-s1-s5" pass="10" fail="0" skip="0">SmartCliff-Admin-Project.Tests.ShineTest</stat>
<stat name="Vision Mission" id="s1-s1-s6" pass="2" fail="1" skip="0">SmartCliff-Admin-Project.Tests.Vision Mission</stat>
<stat name="Vission Mission Excel" id="s1-s1-s7" pass="3" fail="1" skip="0">SmartCliff-Admin-Project.Tests.Vission Mission Excel</stat>
</suite>
</statistics>
<errors>
<msg time="2025-05-29T19:52:57.164489" level="WARN">Error in file 'C:\SmartCliff-Admin-Project\Resources\AboutUsResource.robot' on line 84: The '[Return]' setting is deprecated. Use the 'RETURN' statement instead.</msg>
<msg time="2025-05-29T19:52:57.854494" level="WARN">Error in file 'C:\SmartCliff-Admin-Project\Resources\AboutUsResource.robot' on line 84: The '[Return]' setting is deprecated. Use the 'RETURN' statement instead.</msg>
<msg time="2025-05-29T19:54:21.336854" level="WARN">Multiple tests with name 'AboutUs panel row addition and deletion validation' executed in suite 'SmartCliff-Admin-Project.Tests.AboutUs Test Excel'.</msg>
<msg time="2025-05-29T19:55:00.348698" level="WARN">Multiple tests with name 'AboutUs panel row addition and deletion validation' executed in suite 'SmartCliff-Admin-Project.Tests.AboutUs Test Excel'.</msg>
<msg time="2025-05-29T19:55:18.030127" level="WARN">Multiple tests with name 'AboutUs panel row addition and deletion validation' executed in suite 'SmartCliff-Admin-Project.Tests.AboutUs Test Excel'.</msg>
<msg time="2025-05-29T19:55:32.257972" level="WARN">Multiple tests with name 'Validate Login with' executed in suite 'SmartCliff-Admin-Project.Tests.LoginTest'.</msg>
<msg time="2025-05-29T19:55:38.275882" level="WARN">Multiple tests with name 'Validate Login with' executed in suite 'SmartCliff-Admin-Project.Tests.LoginTest'.</msg>
<msg time="2025-05-29T19:55:43.973518" level="WARN">Multiple tests with name 'Validate Login with' executed in suite 'SmartCliff-Admin-Project.Tests.LoginTest'.</msg>
<msg time="2025-05-29T20:04:16.719575" level="WARN">Multiple tests with name 'Verify the Vision and Mission' executed in suite 'SmartCliff-Admin-Project.Tests.Vission Mission Excel'.</msg>
<msg time="2025-05-29T20:05:19.341806" level="WARN">Multiple tests with name 'Verify the Vision and Mission' executed in suite 'SmartCliff-Admin-Project.Tests.Vission Mission Excel'.</msg>
<msg time="2025-05-29T20:06:02.491495" level="WARN">Multiple tests with name 'Verify the Vision and Mission' executed in suite 'SmartCliff-Admin-Project.Tests.Vission Mission Excel'.</msg>
</errors>
</robot>
