<?xml version="1.0" encoding="UTF-8"?>
<robot generator="Robot 7.2.2 (Python 3.13.3 on win32)" generated="2025-06-02T12:27:01.202283" rpa="false" schemaversion="5">
<suite id="s1" name="ShineTest" source="C:\Users\Lenovo\Desktop\SmartCliff-Admin\Tests\ShineTest.robot">
<test id="s1-t1" name="Verify the shine panel" line="9">
<kw name="Open the Browser with URL" owner="GenericResources" type="SETUP">
<kw name="Evaluate" owner="BuiltIn">
<msg time="2025-06-02T12:27:01.456265" level="INFO">${options} = &lt;selenium.webdriver.chrome.options.Options object at 0x0000021E00E923C0&gt;</msg>
<var>${options}</var>
<arg>sys.modules['selenium.webdriver'].ChromeOptions()</arg>
<arg>sys, selenium.webdriver</arg>
<doc>Evaluates the given expression in Python and returns the result.</doc>
<status status="PASS" start="2025-06-02T12:27:01.455992" elapsed="0.000310"/>
</kw>
<kw name="Call Method" owner="BuiltIn">
<arg>${options}</arg>
<arg>add_argument</arg>
<arg>--headless</arg>
<doc>Calls the named method of the given object with the provided arguments.</doc>
<status status="PASS" start="2025-06-02T12:27:01.456429" elapsed="0.000126"/>
</kw>
<kw name="Create Webdriver" owner="SeleniumLibrary">
<msg time="2025-06-02T12:27:01.456826" level="INFO">Creating an instance of the Chrome WebDriver.</msg>
<arg>${browser_name}</arg>
<arg>options=${options}</arg>
<doc>Creates an instance of Selenium WebDriver.</doc>
<status status="PASS" start="2025-06-02T12:27:01.456658" elapsed="1.315855"/>
</kw>
<kw name="Go To" owner="SeleniumLibrary">
<msg time="2025-06-02T12:27:02.772951" level="INFO">Opening url 'https://smart-cliff-admin.vercel.app/'</msg>
<arg>${url}</arg>
<doc>Navigates the current browser window to the provided ``url``.</doc>
<status status="PASS" start="2025-06-02T12:27:02.772730" elapsed="2.700527"/>
</kw>
<kw name="Maximize Browser Window" owner="SeleniumLibrary">
<doc>Maximizes current browser window.</doc>
<status status="PASS" start="2025-06-02T12:27:05.473449" elapsed="0.050711"/>
</kw>
<kw name="Set Selenium Implicit Wait" owner="SeleniumLibrary">
<arg>10</arg>
<doc>Sets the implicit wait value used by Selenium.</doc>
<status status="PASS" start="2025-06-02T12:27:05.524337" elapsed="0.001317"/>
</kw>
<status status="PASS" start="2025-06-02T12:27:01.455430" elapsed="4.070361"/>
</kw>
<kw name="Fill the valid Login Credentials" owner="GenericResources">
<kw name="Input Text" owner="SeleniumLibrary">
<msg time="2025-06-02T12:27:05.527058" level="INFO">Typing text 'abcraj@gmail.com' into text field 'xpath://input[@id='signin-email']'.</msg>
<arg>xpath://input[@id='signin-email']</arg>
<arg>${valid_username}</arg>
<doc>Types the given ``text`` into the text field identified by ``locator``.</doc>
<status status="PASS" start="2025-06-02T12:27:05.526641" elapsed="0.299980"/>
</kw>
<kw name="Input Password" owner="SeleniumLibrary">
<msg time="2025-06-02T12:27:05.827039" level="INFO">Typing password into text field 'xpath://input[@id='signin-password']'.</msg>
<msg time="2025-06-02T12:27:05.868336" level="INFO">Temporally setting log level to: NONE</msg>
<arg>xpath://input[@id='signin-password']</arg>
<arg>${valid_password}</arg>
<doc>Types the given password into the text field identified by ``locator``.</doc>
<status status="PASS" start="2025-06-02T12:27:05.826802" elapsed="0.142517"/>
</kw>
<kw name="Click Button" owner="SeleniumLibrary">
<msg time="2025-06-02T12:27:05.969766" level="INFO">Clicking button 'xpath://button[@id='signin-submit']'.</msg>
<arg>xpath://button[@id='signin-submit']</arg>
<doc>Clicks the button identified by ``locator``.</doc>
<status status="PASS" start="2025-06-02T12:27:05.969505" elapsed="0.117498"/>
</kw>
<status status="PASS" start="2025-06-02T12:27:05.526286" elapsed="0.560917"/>
</kw>
<kw name="Click the menu in the home page" owner="ShineResource">
<kw name="Wait Until Element Is Visible" owner="SeleniumLibrary">
<arg>${app_bar}</arg>
<arg>timeout=10s</arg>
<doc>Waits until the element ``locator`` is visible.</doc>
<status status="PASS" start="2025-06-02T12:27:06.088901" elapsed="4.482300"/>
</kw>
<kw name="Click Element" owner="SeleniumLibrary">
<msg time="2025-06-02T12:27:10.571803" level="INFO">Clicking element 'xpath://button[@class='MuiButtonBase-root MuiIconButton-root MuiIconButton-colorInherit MuiIconButton-edgeStart MuiIconButton-sizeMedium css-q6oun']'.</msg>
<arg>${app_bar}</arg>
<doc>Click the element identified by ``locator``.</doc>
<status status="PASS" start="2025-06-02T12:27:10.571461" elapsed="0.097157"/>
</kw>
<status status="PASS" start="2025-06-02T12:27:06.088425" elapsed="4.580346"/>
</kw>
<kw name="Click the about in the Menubar" owner="ShineResource">
<kw name="Wait Until Element Is Visible" owner="SeleniumLibrary">
<arg>${about_element}</arg>
<doc>Waits until the element ``locator`` is visible.</doc>
<status status="PASS" start="2025-06-02T12:27:10.669961" elapsed="0.028242"/>
</kw>
<kw name="Click Element" owner="SeleniumLibrary">
<msg time="2025-06-02T12:27:10.698717" level="INFO">Clicking element 'xpath:(//span[contains(@class,'MuiListItemText-primary')])[2]'.</msg>
<arg>${about_element}</arg>
<doc>Click the element identified by ``locator``.</doc>
<status status="PASS" start="2025-06-02T12:27:10.698425" elapsed="0.098965"/>
</kw>
<status status="PASS" start="2025-06-02T12:27:10.669310" elapsed="0.128195"/>
</kw>
<kw name="Click the shrine element in the about" owner="ShineResource">
<kw name="Wait Until Element Is Visible" owner="SeleniumLibrary">
<arg>${shrine_element}</arg>
<doc>Waits until the element ``locator`` is visible.</doc>
<status status="PASS" start="2025-06-02T12:27:10.798218" elapsed="0.259007"/>
</kw>
<kw name="Click Element" owner="SeleniumLibrary">
<msg time="2025-06-02T12:27:11.057715" level="INFO">Clicking element 'xpath://div[@class='MuiButtonBase-root MuiListItemButton-root MuiListItemButton-gutters MuiListItemButton-root MuiListItemButton-gutters css-6poya9'][3]'.</msg>
<arg>${shrine_element}</arg>
<doc>Click the element identified by ``locator``.</doc>
<status status="PASS" start="2025-06-02T12:27:11.057442" elapsed="0.165499"/>
</kw>
<status status="PASS" start="2025-06-02T12:27:10.797972" elapsed="0.425112"/>
</kw>
<kw name="Verify agin it redirected into shine page" owner="ShineResource">
<kw name="Element Text Should Be" owner="SeleniumLibrary">
<msg time="2025-06-02T12:27:11.223942" level="INFO">Verifying element 'xpath://h4[@class='MuiTypography-root MuiTypography-h4 css-6ubyw9']' contains exact text 'SHINE PANEL'.</msg>
<arg>${shine_panel}</arg>
<arg>SHINE PANEL</arg>
<doc>Verifies that element ``locator`` contains exact the text ``expected``.</doc>
<status status="PASS" start="2025-06-02T12:27:11.223761" elapsed="0.756293"/>
</kw>
<status status="PASS" start="2025-06-02T12:27:11.223502" elapsed="0.756671"/>
</kw>
<kw name="Close browser session" owner="GenericResources" type="TEARDOWN">
<kw name="Close Browser" owner="SeleniumLibrary">
<doc>Closes the current browser.</doc>
<status status="PASS" start="2025-06-02T12:27:11.981080" elapsed="2.180392"/>
</kw>
<status status="PASS" start="2025-06-02T12:27:11.980756" elapsed="2.181064"/>
</kw>
<tag>regression</tag>
<status status="PASS" start="2025-06-02T12:27:01.454631" elapsed="12.707875"/>
</test>
<test id="s1-t2" name="Validate the shrine panel element in the about" line="17">
<kw name="Open the Browser with URL" owner="GenericResources" type="SETUP">
<kw name="Evaluate" owner="BuiltIn">
<msg time="2025-06-02T12:27:14.166153" level="INFO">${options} = &lt;selenium.webdriver.chrome.options.Options object at 0x0000021E00F4C7D0&gt;</msg>
<var>${options}</var>
<arg>sys.modules['selenium.webdriver'].ChromeOptions()</arg>
<arg>sys, selenium.webdriver</arg>
<doc>Evaluates the given expression in Python and returns the result.</doc>
<status status="PASS" start="2025-06-02T12:27:14.165589" elapsed="0.000667"/>
</kw>
<kw name="Call Method" owner="BuiltIn">
<arg>${options}</arg>
<arg>add_argument</arg>
<arg>--headless</arg>
<doc>Calls the named method of the given object with the provided arguments.</doc>
<status status="PASS" start="2025-06-02T12:27:14.166476" elapsed="0.000266"/>
</kw>
<kw name="Create Webdriver" owner="SeleniumLibrary">
<msg time="2025-06-02T12:27:14.167627" level="INFO">Creating an instance of the Chrome WebDriver.</msg>
<arg>${browser_name}</arg>
<arg>options=${options}</arg>
<doc>Creates an instance of Selenium WebDriver.</doc>
<status status="PASS" start="2025-06-02T12:27:14.167265" elapsed="1.284003"/>
</kw>
<kw name="Go To" owner="SeleniumLibrary">
<msg time="2025-06-02T12:27:15.451608" level="INFO">Opening url 'https://smart-cliff-admin.vercel.app/'</msg>
<arg>${url}</arg>
<doc>Navigates the current browser window to the provided ``url``.</doc>
<status status="PASS" start="2025-06-02T12:27:15.451446" elapsed="2.682391"/>
</kw>
<kw name="Maximize Browser Window" owner="SeleniumLibrary">
<doc>Maximizes current browser window.</doc>
<status status="PASS" start="2025-06-02T12:27:18.134026" elapsed="0.027847"/>
</kw>
<kw name="Set Selenium Implicit Wait" owner="SeleniumLibrary">
<arg>10</arg>
<doc>Sets the implicit wait value used by Selenium.</doc>
<status status="PASS" start="2025-06-02T12:27:18.162104" elapsed="0.001163"/>
</kw>
<status status="PASS" start="2025-06-02T12:27:14.165082" elapsed="3.998300"/>
</kw>
<kw name="Fill the valid Login Credentials" owner="GenericResources">
<kw name="Input Text" owner="SeleniumLibrary">
<msg time="2025-06-02T12:27:18.164323" level="INFO">Typing text 'abcraj@gmail.com' into text field 'xpath://input[@id='signin-email']'.</msg>
<arg>xpath://input[@id='signin-email']</arg>
<arg>${valid_username}</arg>
<doc>Types the given ``text`` into the text field identified by ``locator``.</doc>
<status status="PASS" start="2025-06-02T12:27:18.164078" elapsed="0.212743"/>
</kw>
<kw name="Input Password" owner="SeleniumLibrary">
<msg time="2025-06-02T12:27:18.377251" level="INFO">Typing password into text field 'xpath://input[@id='signin-password']'.</msg>
<msg time="2025-06-02T12:27:18.487868" level="INFO">Temporally setting log level to: NONE</msg>
<arg>xpath://input[@id='signin-password']</arg>
<arg>${valid_password}</arg>
<doc>Types the given password into the text field identified by ``locator``.</doc>
<status status="PASS" start="2025-06-02T12:27:18.376996" elapsed="0.229205"/>
</kw>
<kw name="Click Button" owner="SeleniumLibrary">
<msg time="2025-06-02T12:27:18.606536" level="INFO">Clicking button 'xpath://button[@id='signin-submit']'.</msg>
<arg>xpath://button[@id='signin-submit']</arg>
<doc>Clicks the button identified by ``locator``.</doc>
<status status="PASS" start="2025-06-02T12:27:18.606370" elapsed="0.087833"/>
</kw>
<status status="PASS" start="2025-06-02T12:27:18.163777" elapsed="0.530582"/>
</kw>
<kw name="Click the menu in the home page" owner="ShineResource">
<kw name="Wait Until Element Is Visible" owner="SeleniumLibrary">
<arg>${app_bar}</arg>
<arg>timeout=10s</arg>
<doc>Waits until the element ``locator`` is visible.</doc>
<status status="PASS" start="2025-06-02T12:27:18.695330" elapsed="4.229068"/>
</kw>
<kw name="Click Element" owner="SeleniumLibrary">
<msg time="2025-06-02T12:27:22.924787" level="INFO">Clicking element 'xpath://button[@class='MuiButtonBase-root MuiIconButton-root MuiIconButton-colorInherit MuiIconButton-edgeStart MuiIconButton-sizeMedium css-q6oun']'.</msg>
<arg>${app_bar}</arg>
<doc>Click the element identified by ``locator``.</doc>
<status status="PASS" start="2025-06-02T12:27:22.924573" elapsed="0.071416"/>
</kw>
<status status="PASS" start="2025-06-02T12:27:18.695001" elapsed="4.301168"/>
</kw>
<kw name="Click the about in the Menubar" owner="ShineResource">
<kw name="Wait Until Element Is Visible" owner="SeleniumLibrary">
<arg>${about_element}</arg>
<doc>Waits until the element ``locator`` is visible.</doc>
<status status="PASS" start="2025-06-02T12:27:22.997934" elapsed="0.029204"/>
</kw>
<kw name="Click Element" owner="SeleniumLibrary">
<msg time="2025-06-02T12:27:23.027638" level="INFO">Clicking element 'xpath:(//span[contains(@class,'MuiListItemText-primary')])[2]'.</msg>
<arg>${about_element}</arg>
<doc>Click the element identified by ``locator``.</doc>
<status status="PASS" start="2025-06-02T12:27:23.027373" elapsed="0.117716"/>
</kw>
<status status="PASS" start="2025-06-02T12:27:22.997527" elapsed="0.147668"/>
</kw>
<kw name="Click the shrine element in the about" owner="ShineResource">
<kw name="Wait Until Element Is Visible" owner="SeleniumLibrary">
<arg>${shrine_element}</arg>
<doc>Waits until the element ``locator`` is visible.</doc>
<status status="PASS" start="2025-06-02T12:27:23.145887" elapsed="0.280300"/>
</kw>
<kw name="Click Element" owner="SeleniumLibrary">
<msg time="2025-06-02T12:27:23.426586" level="INFO">Clicking element 'xpath://div[@class='MuiButtonBase-root MuiListItemButton-root MuiListItemButton-gutters MuiListItemButton-root MuiListItemButton-gutters css-6poya9'][3]'.</msg>
<arg>${shrine_element}</arg>
<doc>Click the element identified by ``locator``.</doc>
<status status="PASS" start="2025-06-02T12:27:23.426360" elapsed="0.109490"/>
</kw>
<status status="PASS" start="2025-06-02T12:27:23.145641" elapsed="0.390483"/>
</kw>
<kw name="Click the add shrine in the shrine page" owner="ShineResource">
<kw name="Click Element" owner="SeleniumLibrary">
<msg time="2025-06-02T12:27:23.537309" level="INFO">Clicking element 'xpath://button[@class='MuiButtonBase-root MuiButton-root MuiButton-contained MuiButton-containedPrimary MuiButton-sizeMedium MuiButton-containedSizeMedium MuiButton-root MuiButton-contained MuiButton-containedPrimary MuiButton-sizeMedium MuiButton-containedSizeMedium css-ssnmq7']'.</msg>
<arg>${add_shrine}</arg>
<doc>Click the element identified by ``locator``.</doc>
<status status="PASS" start="2025-06-02T12:27:23.537039" elapsed="0.826519"/>
</kw>
<status status="PASS" start="2025-06-02T12:27:23.536707" elapsed="0.826956"/>
</kw>
<kw name="Click the back in the add shrine page" owner="ShineResource">
<kw name="Click Element" owner="SeleniumLibrary">
<msg time="2025-06-02T12:27:24.364783" level="INFO">Clicking element 'xpath://button[@class='MuiButtonBase-root MuiButton-root MuiButton-outlined MuiButton-outlinedPrimary MuiButton-sizeMedium MuiButton-outlinedSizeMedium MuiButton-root MuiButton-outlined MuiButton-outlinedPrimary MuiButton-sizeMedium MuiButton-outlinedSizeMedium css-79xub']'.</msg>
<arg>${back}</arg>
<doc>Click the element identified by ``locator``.</doc>
<status status="PASS" start="2025-06-02T12:27:24.364553" elapsed="0.150125"/>
</kw>
<status status="PASS" start="2025-06-02T12:27:24.364232" elapsed="0.150560"/>
</kw>
<kw name="Verify agin it redirected into shine page" owner="ShineResource">
<kw name="Element Text Should Be" owner="SeleniumLibrary">
<msg time="2025-06-02T12:27:24.515651" level="INFO">Verifying element 'xpath://h4[@class='MuiTypography-root MuiTypography-h4 css-6ubyw9']' contains exact text 'SHINE PANEL'.</msg>
<arg>${shine_panel}</arg>
<arg>SHINE PANEL</arg>
<doc>Verifies that element ``locator`` contains exact the text ``expected``.</doc>
<status status="PASS" start="2025-06-02T12:27:24.515399" elapsed="0.704530"/>
</kw>
<status status="PASS" start="2025-06-02T12:27:24.515131" elapsed="0.704957"/>
</kw>
<kw name="Close browser session" owner="GenericResources" type="TEARDOWN">
<kw name="Close Browser" owner="SeleniumLibrary">
<doc>Closes the current browser.</doc>
<status status="PASS" start="2025-06-02T12:27:25.221017" elapsed="2.157472"/>
</kw>
<status status="PASS" start="2025-06-02T12:27:25.220706" elapsed="2.158067"/>
</kw>
<tag>regression</tag>
<status status="PASS" start="2025-06-02T12:27:14.164008" elapsed="13.215604"/>
</test>
<test id="s1-t3" name="Fill without entering title in the shrine" line="27">
<kw name="Open the Browser with URL" owner="GenericResources" type="SETUP">
<kw name="Evaluate" owner="BuiltIn">
<msg time="2025-06-02T12:27:27.382600" level="INFO">${options} = &lt;selenium.webdriver.chrome.options.Options object at 0x0000021E00E22AD0&gt;</msg>
<var>${options}</var>
<arg>sys.modules['selenium.webdriver'].ChromeOptions()</arg>
<arg>sys, selenium.webdriver</arg>
<doc>Evaluates the given expression in Python and returns the result.</doc>
<status status="PASS" start="2025-06-02T12:27:27.382151" elapsed="0.000508"/>
</kw>
<kw name="Call Method" owner="BuiltIn">
<arg>${options}</arg>
<arg>add_argument</arg>
<arg>--headless</arg>
<doc>Calls the named method of the given object with the provided arguments.</doc>
<status status="PASS" start="2025-06-02T12:27:27.383044" elapsed="0.000228"/>
</kw>
<kw name="Create Webdriver" owner="SeleniumLibrary">
<msg time="2025-06-02T12:27:27.383764" level="INFO">Creating an instance of the Chrome WebDriver.</msg>
<arg>${browser_name}</arg>
<arg>options=${options}</arg>
<doc>Creates an instance of Selenium WebDriver.</doc>
<status status="PASS" start="2025-06-02T12:27:27.383464" elapsed="1.267591"/>
</kw>
<kw name="Go To" owner="SeleniumLibrary">
<msg time="2025-06-02T12:27:28.651399" level="INFO">Opening url 'https://smart-cliff-admin.vercel.app/'</msg>
<arg>${url}</arg>
<doc>Navigates the current browser window to the provided ``url``.</doc>
<status status="PASS" start="2025-06-02T12:27:28.651230" elapsed="2.666666"/>
</kw>
<kw name="Maximize Browser Window" owner="SeleniumLibrary">
<doc>Maximizes current browser window.</doc>
<status status="PASS" start="2025-06-02T12:27:31.318125" elapsed="0.047935"/>
</kw>
<kw name="Set Selenium Implicit Wait" owner="SeleniumLibrary">
<arg>10</arg>
<doc>Sets the implicit wait value used by Selenium.</doc>
<status status="PASS" start="2025-06-02T12:27:31.366230" elapsed="0.001354"/>
</kw>
<status status="PASS" start="2025-06-02T12:27:27.381707" elapsed="3.986056"/>
</kw>
<kw name="Fill the valid Login Credentials" owner="GenericResources">
<kw name="Input Text" owner="SeleniumLibrary">
<msg time="2025-06-02T12:27:31.368608" level="INFO">Typing text 'abcraj@gmail.com' into text field 'xpath://input[@id='signin-email']'.</msg>
<arg>xpath://input[@id='signin-email']</arg>
<arg>${valid_username}</arg>
<doc>Types the given ``text`` into the text field identified by ``locator``.</doc>
<status status="PASS" start="2025-06-02T12:27:31.368382" elapsed="0.258171"/>
</kw>
<kw name="Input Password" owner="SeleniumLibrary">
<msg time="2025-06-02T12:27:31.626969" level="INFO">Typing password into text field 'xpath://input[@id='signin-password']'.</msg>
<msg time="2025-06-02T12:27:31.657858" level="INFO">Temporally setting log level to: NONE</msg>
<arg>xpath://input[@id='signin-password']</arg>
<arg>${valid_password}</arg>
<doc>Types the given password into the text field identified by ``locator``.</doc>
<status status="PASS" start="2025-06-02T12:27:31.626731" elapsed="0.113526"/>
</kw>
<kw name="Click Button" owner="SeleniumLibrary">
<msg time="2025-06-02T12:27:31.740596" level="INFO">Clicking button 'xpath://button[@id='signin-submit']'.</msg>
<arg>xpath://button[@id='signin-submit']</arg>
<doc>Clicks the button identified by ``locator``.</doc>
<status status="PASS" start="2025-06-02T12:27:31.740426" elapsed="0.087608"/>
</kw>
<status status="PASS" start="2025-06-02T12:27:31.368156" elapsed="0.459990"/>
</kw>
<kw name="Click the menu in the home page" owner="ShineResource">
<kw name="Wait Until Element Is Visible" owner="SeleniumLibrary">
<arg>${app_bar}</arg>
<arg>timeout=10s</arg>
<doc>Waits until the element ``locator`` is visible.</doc>
<status status="PASS" start="2025-06-02T12:27:31.828911" elapsed="4.194237"/>
</kw>
<kw name="Click Element" owner="SeleniumLibrary">
<msg time="2025-06-02T12:27:36.023712" level="INFO">Clicking element 'xpath://button[@class='MuiButtonBase-root MuiIconButton-root MuiIconButton-colorInherit MuiIconButton-edgeStart MuiIconButton-sizeMedium css-q6oun']'.</msg>
<arg>${app_bar}</arg>
<doc>Click the element identified by ``locator``.</doc>
<status status="PASS" start="2025-06-02T12:27:36.023432" elapsed="0.096996"/>
</kw>
<status status="PASS" start="2025-06-02T12:27:31.828637" elapsed="4.291967"/>
</kw>
<kw name="Click the about in the Menubar" owner="ShineResource">
<kw name="Wait Until Element Is Visible" owner="SeleniumLibrary">
<arg>${about_element}</arg>
<doc>Waits until the element ``locator`` is visible.</doc>
<status status="PASS" start="2025-06-02T12:27:36.121528" elapsed="0.024656"/>
</kw>
<kw name="Click Element" owner="SeleniumLibrary">
<msg time="2025-06-02T12:27:36.146587" level="INFO">Clicking element 'xpath:(//span[contains(@class,'MuiListItemText-primary')])[2]'.</msg>
<arg>${about_element}</arg>
<doc>Click the element identified by ``locator``.</doc>
<status status="PASS" start="2025-06-02T12:27:36.146360" elapsed="0.116922"/>
</kw>
<status status="PASS" start="2025-06-02T12:27:36.121135" elapsed="0.142283"/>
</kw>
<kw name="Click the shrine element in the about" owner="ShineResource">
<kw name="Wait Until Element Is Visible" owner="SeleniumLibrary">
<arg>${shrine_element}</arg>
<doc>Waits until the element ``locator`` is visible.</doc>
<status status="PASS" start="2025-06-02T12:27:36.264264" elapsed="0.266251"/>
</kw>
<kw name="Click Element" owner="SeleniumLibrary">
<msg time="2025-06-02T12:27:36.530903" level="INFO">Clicking element 'xpath://div[@class='MuiButtonBase-root MuiListItemButton-root MuiListItemButton-gutters MuiListItemButton-root MuiListItemButton-gutters css-6poya9'][3]'.</msg>
<arg>${shrine_element}</arg>
<doc>Click the element identified by ``locator``.</doc>
<status status="PASS" start="2025-06-02T12:27:36.530679" elapsed="0.112515"/>
</kw>
<status status="PASS" start="2025-06-02T12:27:36.263899" elapsed="0.379450"/>
</kw>
<kw name="Click the add shrine in the shrine page" owner="ShineResource">
<kw name="Click Element" owner="SeleniumLibrary">
<msg time="2025-06-02T12:27:36.645018" level="INFO">Clicking element 'xpath://button[@class='MuiButtonBase-root MuiButton-root MuiButton-contained MuiButton-containedPrimary MuiButton-sizeMedium MuiButton-containedSizeMedium MuiButton-root MuiButton-contained MuiButton-containedPrimary MuiButton-sizeMedium MuiButton-containedSizeMedium css-ssnmq7']'.</msg>
<arg>${add_shrine}</arg>
<doc>Click the element identified by ``locator``.</doc>
<status status="PASS" start="2025-06-02T12:27:36.644784" elapsed="1.154840"/>
</kw>
<status status="PASS" start="2025-06-02T12:27:36.644446" elapsed="1.155323"/>
</kw>
<kw name="Close browser session" owner="GenericResources" type="TEARDOWN">
<kw name="Close Browser" owner="SeleniumLibrary">
<doc>Closes the current browser.</doc>
<status status="PASS" start="2025-06-02T12:27:37.800487" elapsed="2.170968"/>
</kw>
<status status="PASS" start="2025-06-02T12:27:37.800211" elapsed="2.171520"/>
</kw>
<tag>regression</tag>
<status status="PASS" start="2025-06-02T12:27:27.380793" elapsed="12.591496"/>
</test>
<test id="s1-t4" name="Search and Assert the title in the shine panel" line="35">
<kw name="Open the Browser with URL" owner="GenericResources" type="SETUP">
<kw name="Evaluate" owner="BuiltIn">
<msg time="2025-06-02T12:27:39.975278" level="INFO">${options} = &lt;selenium.webdriver.chrome.options.Options object at 0x0000021E00E1EB10&gt;</msg>
<var>${options}</var>
<arg>sys.modules['selenium.webdriver'].ChromeOptions()</arg>
<arg>sys, selenium.webdriver</arg>
<doc>Evaluates the given expression in Python and returns the result.</doc>
<status status="PASS" start="2025-06-02T12:27:39.974838" elapsed="0.000497"/>
</kw>
<kw name="Call Method" owner="BuiltIn">
<arg>${options}</arg>
<arg>add_argument</arg>
<arg>--headless</arg>
<doc>Calls the named method of the given object with the provided arguments.</doc>
<status status="PASS" start="2025-06-02T12:27:39.975552" elapsed="0.000222"/>
</kw>
<kw name="Create Webdriver" owner="SeleniumLibrary">
<msg time="2025-06-02T12:27:39.976212" level="INFO">Creating an instance of the Chrome WebDriver.</msg>
<arg>${browser_name}</arg>
<arg>options=${options}</arg>
<doc>Creates an instance of Selenium WebDriver.</doc>
<status status="PASS" start="2025-06-02T12:27:39.975949" elapsed="1.301123"/>
</kw>
<kw name="Go To" owner="SeleniumLibrary">
<msg time="2025-06-02T12:27:41.277510" level="INFO">Opening url 'https://smart-cliff-admin.vercel.app/'</msg>
<arg>${url}</arg>
<doc>Navigates the current browser window to the provided ``url``.</doc>
<status status="PASS" start="2025-06-02T12:27:41.277339" elapsed="2.662949"/>
</kw>
<kw name="Maximize Browser Window" owner="SeleniumLibrary">
<doc>Maximizes current browser window.</doc>
<status status="PASS" start="2025-06-02T12:27:43.940523" elapsed="0.053208"/>
</kw>
<kw name="Set Selenium Implicit Wait" owner="SeleniumLibrary">
<arg>10</arg>
<doc>Sets the implicit wait value used by Selenium.</doc>
<status status="PASS" start="2025-06-02T12:27:43.993976" elapsed="0.001268"/>
</kw>
<status status="PASS" start="2025-06-02T12:27:39.974389" elapsed="4.020997"/>
</kw>
<kw name="Fill the valid Login Credentials" owner="GenericResources">
<kw name="Input Text" owner="SeleniumLibrary">
<msg time="2025-06-02T12:27:43.996300" level="INFO">Typing text 'abcraj@gmail.com' into text field 'xpath://input[@id='signin-email']'.</msg>
<arg>xpath://input[@id='signin-email']</arg>
<arg>${valid_username}</arg>
<doc>Types the given ``text`` into the text field identified by ``locator``.</doc>
<status status="PASS" start="2025-06-02T12:27:43.996061" elapsed="0.308877"/>
</kw>
<kw name="Input Password" owner="SeleniumLibrary">
<msg time="2025-06-02T12:27:44.305390" level="INFO">Typing password into text field 'xpath://input[@id='signin-password']'.</msg>
<msg time="2025-06-02T12:27:44.345019" level="INFO">Temporally setting log level to: NONE</msg>
<arg>xpath://input[@id='signin-password']</arg>
<arg>${valid_password}</arg>
<doc>Types the given password into the text field identified by ``locator``.</doc>
<status status="PASS" start="2025-06-02T12:27:44.305129" elapsed="0.122235"/>
</kw>
<kw name="Click Button" owner="SeleniumLibrary">
<msg time="2025-06-02T12:27:44.427726" level="INFO">Clicking button 'xpath://button[@id='signin-submit']'.</msg>
<arg>xpath://button[@id='signin-submit']</arg>
<doc>Clicks the button identified by ``locator``.</doc>
<status status="PASS" start="2025-06-02T12:27:44.427550" elapsed="0.100121"/>
</kw>
<status status="PASS" start="2025-06-02T12:27:43.995778" elapsed="0.532037"/>
</kw>
<kw name="Click the menu in the home page" owner="ShineResource">
<kw name="Wait Until Element Is Visible" owner="SeleniumLibrary">
<arg>${app_bar}</arg>
<arg>timeout=10s</arg>
<doc>Waits until the element ``locator`` is visible.</doc>
<status status="PASS" start="2025-06-02T12:27:44.528610" elapsed="4.925131"/>
</kw>
<kw name="Click Element" owner="SeleniumLibrary">
<msg time="2025-06-02T12:27:49.454121" level="INFO">Clicking element 'xpath://button[@class='MuiButtonBase-root MuiIconButton-root MuiIconButton-colorInherit MuiIconButton-edgeStart MuiIconButton-sizeMedium css-q6oun']'.</msg>
<arg>${app_bar}</arg>
<doc>Click the element identified by ``locator``.</doc>
<status status="PASS" start="2025-06-02T12:27:49.453914" elapsed="0.076901"/>
</kw>
<status status="PASS" start="2025-06-02T12:27:44.528252" elapsed="5.002720"/>
</kw>
<kw name="Click the about in the Menubar" owner="ShineResource">
<kw name="Wait Until Element Is Visible" owner="SeleniumLibrary">
<arg>${about_element}</arg>
<doc>Waits until the element ``locator`` is visible.</doc>
<status status="PASS" start="2025-06-02T12:27:49.531790" elapsed="0.027763"/>
</kw>
<kw name="Click Element" owner="SeleniumLibrary">
<msg time="2025-06-02T12:27:49.559913" level="INFO">Clicking element 'xpath:(//span[contains(@class,'MuiListItemText-primary')])[2]'.</msg>
<arg>${about_element}</arg>
<doc>Click the element identified by ``locator``.</doc>
<status status="PASS" start="2025-06-02T12:27:49.559718" elapsed="0.103774"/>
</kw>
<status status="PASS" start="2025-06-02T12:27:49.531445" elapsed="0.132211"/>
</kw>
<kw name="Click the shrine element in the about" owner="ShineResource">
<kw name="Wait Until Element Is Visible" owner="SeleniumLibrary">
<arg>${shrine_element}</arg>
<doc>Waits until the element ``locator`` is visible.</doc>
<status status="PASS" start="2025-06-02T12:27:49.664451" elapsed="0.275143"/>
</kw>
<kw name="Click Element" owner="SeleniumLibrary">
<msg time="2025-06-02T12:27:49.940035" level="INFO">Clicking element 'xpath://div[@class='MuiButtonBase-root MuiListItemButton-root MuiListItemButton-gutters MuiListItemButton-root MuiListItemButton-gutters css-6poya9'][3]'.</msg>
<arg>${shrine_element}</arg>
<doc>Click the element identified by ``locator``.</doc>
<status status="PASS" start="2025-06-02T12:27:49.939798" elapsed="0.116444"/>
</kw>
<status status="PASS" start="2025-06-02T12:27:49.664101" elapsed="0.392252"/>
</kw>
<kw name="Send input to the search box" owner="ShineResource">
<kw name="Click Element" owner="SeleniumLibrary">
<msg time="2025-06-02T12:27:50.057221" level="INFO">Clicking element 'xpath://*[@id="root"]/div[1]/main/div[2]/div[1]/div[1]/div/div'.</msg>
<arg>xpath://*[@id="root"]/div[1]/main/div[2]/div[1]/div[1]/div/div</arg>
<doc>Click the element identified by ``locator``.</doc>
<status status="PASS" start="2025-06-02T12:27:50.057011" elapsed="1.355581"/>
</kw>
<kw name="Press Keys" owner="SeleniumLibrary">
<msg time="2025-06-02T12:27:51.413121" level="INFO">Sending key(s) ('Testing',) to xpath://*[@id="root"]/div[1]/main/div[2]/div[1]/div[1]/div/div element.</msg>
<msg time="2025-06-02T12:27:51.699612" level="INFO">Sending keys Testing</msg>
<arg>xpath://*[@id="root"]/div[1]/main/div[2]/div[1]/div[1]/div/div</arg>
<arg>Testing</arg>
<doc>Simulates the user pressing key(s) to an element or on the active browser.</doc>
<status status="PASS" start="2025-06-02T12:27:51.412774" elapsed="0.654804"/>
</kw>
<status status="PASS" start="2025-06-02T12:27:50.056667" elapsed="2.011023"/>
</kw>
<kw name="Verify the title in the shine panel" owner="ShineResource">
<kw name="Page Should Contain" owner="SeleniumLibrary">
<msg time="2025-06-02T12:27:52.088312" level="INFO">Current page contains text 'Testing'.</msg>
<arg>Testing</arg>
<doc>Verifies that current page contains ``text``.</doc>
<status status="PASS" start="2025-06-02T12:27:52.068407" elapsed="0.020011"/>
</kw>
<status status="PASS" start="2025-06-02T12:27:52.068177" elapsed="0.020331"/>
</kw>
<kw name="Close browser session" owner="GenericResources" type="TEARDOWN">
<kw name="Close Browser" owner="SeleniumLibrary">
<doc>Closes the current browser.</doc>
<status status="PASS" start="2025-06-02T12:27:52.089392" elapsed="2.188566"/>
</kw>
<status status="PASS" start="2025-06-02T12:27:52.089135" elapsed="2.189144"/>
</kw>
<tag>regression</tag>
<status status="PASS" start="2025-06-02T12:27:39.973483" elapsed="14.305444"/>
</test>
<test id="s1-t5" name="Edit and assert the title in the shrine page and delete" line="44">
<kw name="Open the Browser with URL" owner="GenericResources" type="SETUP">
<kw name="Evaluate" owner="BuiltIn">
<msg time="2025-06-02T12:27:54.283051" level="INFO">${options} = &lt;selenium.webdriver.chrome.options.Options object at 0x0000021E00E1FCE0&gt;</msg>
<var>${options}</var>
<arg>sys.modules['selenium.webdriver'].ChromeOptions()</arg>
<arg>sys, selenium.webdriver</arg>
<doc>Evaluates the given expression in Python and returns the result.</doc>
<status status="PASS" start="2025-06-02T12:27:54.282587" elapsed="0.000526"/>
</kw>
<kw name="Call Method" owner="BuiltIn">
<arg>${options}</arg>
<arg>add_argument</arg>
<arg>--headless</arg>
<doc>Calls the named method of the given object with the provided arguments.</doc>
<status status="PASS" start="2025-06-02T12:27:54.283348" elapsed="0.000221"/>
</kw>
<kw name="Create Webdriver" owner="SeleniumLibrary">
<msg time="2025-06-02T12:27:54.283998" level="INFO">Creating an instance of the Chrome WebDriver.</msg>
<arg>${browser_name}</arg>
<arg>options=${options}</arg>
<doc>Creates an instance of Selenium WebDriver.</doc>
<status status="PASS" start="2025-06-02T12:27:54.283742" elapsed="1.282071"/>
</kw>
<kw name="Go To" owner="SeleniumLibrary">
<msg time="2025-06-02T12:27:55.566299" level="INFO">Opening url 'https://smart-cliff-admin.vercel.app/'</msg>
<arg>${url}</arg>
<doc>Navigates the current browser window to the provided ``url``.</doc>
<status status="PASS" start="2025-06-02T12:27:55.566080" elapsed="2.647571"/>
</kw>
<kw name="Maximize Browser Window" owner="SeleniumLibrary">
<doc>Maximizes current browser window.</doc>
<status status="PASS" start="2025-06-02T12:27:58.213948" elapsed="0.034127"/>
</kw>
<kw name="Set Selenium Implicit Wait" owner="SeleniumLibrary">
<arg>10</arg>
<doc>Sets the implicit wait value used by Selenium.</doc>
<status status="PASS" start="2025-06-02T12:27:58.248300" elapsed="0.001185"/>
</kw>
<status status="PASS" start="2025-06-02T12:27:54.282093" elapsed="3.967501"/>
</kw>
<kw name="Fill the valid Login Credentials" owner="GenericResources">
<kw name="Input Text" owner="SeleniumLibrary">
<msg time="2025-06-02T12:27:58.250502" level="INFO">Typing text 'abcraj@gmail.com' into text field 'xpath://input[@id='signin-email']'.</msg>
<arg>xpath://input[@id='signin-email']</arg>
<arg>${valid_username}</arg>
<doc>Types the given ``text`` into the text field identified by ``locator``.</doc>
<status status="PASS" start="2025-06-02T12:27:58.250266" elapsed="0.219325"/>
</kw>
<kw name="Input Password" owner="SeleniumLibrary">
<msg time="2025-06-02T12:27:58.470006" level="INFO">Typing password into text field 'xpath://input[@id='signin-password']'.</msg>
<msg time="2025-06-02T12:27:58.584256" level="INFO">Temporally setting log level to: NONE</msg>
<arg>xpath://input[@id='signin-password']</arg>
<arg>${valid_password}</arg>
<doc>Types the given password into the text field identified by ``locator``.</doc>
<status status="PASS" start="2025-06-02T12:27:58.469775" elapsed="0.220542"/>
</kw>
<kw name="Click Button" owner="SeleniumLibrary">
<msg time="2025-06-02T12:27:58.690784" level="INFO">Clicking button 'xpath://button[@id='signin-submit']'.</msg>
<arg>xpath://button[@id='signin-submit']</arg>
<doc>Clicks the button identified by ``locator``.</doc>
<status status="PASS" start="2025-06-02T12:27:58.690543" elapsed="0.092899"/>
</kw>
<status status="PASS" start="2025-06-02T12:27:58.249974" elapsed="0.533632"/>
</kw>
<kw name="Click the menu in the home page" owner="ShineResource">
<kw name="Wait Until Element Is Visible" owner="SeleniumLibrary">
<arg>${app_bar}</arg>
<arg>timeout=10s</arg>
<doc>Waits until the element ``locator`` is visible.</doc>
<status status="PASS" start="2025-06-02T12:27:58.785129" elapsed="6.497042"/>
</kw>
<kw name="Click Element" owner="SeleniumLibrary">
<msg time="2025-06-02T12:28:05.282700" level="INFO">Clicking element 'xpath://button[@class='MuiButtonBase-root MuiIconButton-root MuiIconButton-colorInherit MuiIconButton-edgeStart MuiIconButton-sizeMedium css-q6oun']'.</msg>
<arg>${app_bar}</arg>
<doc>Click the element identified by ``locator``.</doc>
<status status="PASS" start="2025-06-02T12:28:05.282412" elapsed="0.077670"/>
</kw>
<status status="PASS" start="2025-06-02T12:27:58.784674" elapsed="6.575517"/>
</kw>
<kw name="Click the about in the Menubar" owner="ShineResource">
<kw name="Wait Until Element Is Visible" owner="SeleniumLibrary">
<arg>${about_element}</arg>
<doc>Waits until the element ``locator`` is visible.</doc>
<status status="PASS" start="2025-06-02T12:28:05.361032" elapsed="0.024187"/>
</kw>
<kw name="Click Element" owner="SeleniumLibrary">
<msg time="2025-06-02T12:28:05.385605" level="INFO">Clicking element 'xpath:(//span[contains(@class,'MuiListItemText-primary')])[2]'.</msg>
<arg>${about_element}</arg>
<doc>Click the element identified by ``locator``.</doc>
<status status="PASS" start="2025-06-02T12:28:05.385392" elapsed="0.112112"/>
</kw>
<status status="PASS" start="2025-06-02T12:28:05.360693" elapsed="0.136920"/>
</kw>
<kw name="Click the shrine element in the about" owner="ShineResource">
<kw name="Wait Until Element Is Visible" owner="SeleniumLibrary">
<arg>${shrine_element}</arg>
<doc>Waits until the element ``locator`` is visible.</doc>
<status status="PASS" start="2025-06-02T12:28:05.498350" elapsed="0.260458"/>
</kw>
<kw name="Click Element" owner="SeleniumLibrary">
<msg time="2025-06-02T12:28:05.759266" level="INFO">Clicking element 'xpath://div[@class='MuiButtonBase-root MuiListItemButton-root MuiListItemButton-gutters MuiListItemButton-root MuiListItemButton-gutters css-6poya9'][3]'.</msg>
<arg>${shrine_element}</arg>
<doc>Click the element identified by ``locator``.</doc>
<status status="PASS" start="2025-06-02T12:28:05.759020" elapsed="0.107006"/>
</kw>
<status status="PASS" start="2025-06-02T12:28:05.498024" elapsed="0.368154"/>
</kw>
<kw name="Click edit title in the shrine page" owner="ShineResource">
<kw name="Click Element" owner="SeleniumLibrary">
<msg time="2025-06-02T12:28:05.867060" level="INFO">Clicking element 'xpath://*[@id="root"]/div[1]/main/div[2]/div[2]/div/table/tbody/tr[2]/td[5]/div/button[1]'.</msg>
<arg>${edit_shrine}</arg>
<doc>Click the element identified by ``locator``.</doc>
<status status="PASS" start="2025-06-02T12:28:05.866849" elapsed="1.000515"/>
</kw>
<status status="PASS" start="2025-06-02T12:28:05.866594" elapsed="1.000882"/>
</kw>
<kw name="Send input to the title edit element" owner="ShineResource">
<kw name="Click Element" owner="SeleniumLibrary">
<msg time="2025-06-02T12:28:06.868393" level="INFO">Clicking element 'xpath://input[@class="MuiInputBase-input MuiOutlinedInput-input css-1x5jdmq"]'.</msg>
<arg>${edit_title}</arg>
<doc>Click the element identified by ``locator``.</doc>
<status status="PASS" start="2025-06-02T12:28:06.868129" elapsed="0.812489"/>
</kw>
<kw name="Press Keys" owner="SeleniumLibrary">
<msg time="2025-06-02T12:28:07.681265" level="INFO">Sending key(s) ('s',) to xpath://input[@class='MuiInputBase-input MuiOutlinedInput-input css-1x5jdmq'] element.</msg>
<msg time="2025-06-02T12:28:07.989767" level="INFO">Sending key s</msg>
<arg>${add_title}</arg>
<arg>s</arg>
<doc>Simulates the user pressing key(s) to an element or on the active browser.</doc>
<status status="PASS" start="2025-06-02T12:28:07.680811" elapsed="0.340363"/>
</kw>
<status status="PASS" start="2025-06-02T12:28:06.867882" elapsed="1.153421"/>
</kw>
<kw name="Click the update shrine button" owner="ShineResource">
<kw name="Click Element" owner="SeleniumLibrary">
<msg time="2025-06-02T12:28:08.022325" level="INFO">Clicking element 'xpath://button[text()='Update Shine']'.</msg>
<arg>${update_shine}</arg>
<doc>Click the element identified by ``locator``.</doc>
<status status="PASS" start="2025-06-02T12:28:08.022141" elapsed="0.116126"/>
</kw>
<status status="PASS" start="2025-06-02T12:28:08.021878" elapsed="0.116494"/>
</kw>
<kw name="Assert the edit title heading" owner="ShineResource">
<kw name="Page Should Contain" owner="SeleniumLibrary">
<msg time="2025-06-02T12:28:11.607441" level="INFO">Current page contains text 'Testings'.</msg>
<arg>Testings</arg>
<doc>Verifies that current page contains ``text``.</doc>
<status status="PASS" start="2025-06-02T12:28:08.139200" elapsed="3.468448"/>
</kw>
<status status="PASS" start="2025-06-02T12:28:08.138851" elapsed="3.468938"/>
</kw>
<kw name="Close browser session" owner="GenericResources" type="TEARDOWN">
<kw name="Close Browser" owner="SeleniumLibrary">
<doc>Closes the current browser.</doc>
<status status="PASS" start="2025-06-02T12:28:11.609035" elapsed="2.189294"/>
</kw>
<status status="PASS" start="2025-06-02T12:28:11.608731" elapsed="2.189860"/>
</kw>
<tag>regression</tag>
<status status="PASS" start="2025-06-02T12:27:54.280901" elapsed="19.518275"/>
</test>
<doc>Shine page tests</doc>
<status status="PASS" start="2025-06-02T12:27:01.203806" elapsed="72.596908"/>
</suite>
<statistics>
<total>
<stat pass="5" fail="0" skip="0">All Tests</stat>
</total>
<tag>
<stat pass="5" fail="0" skip="0">regression</stat>
</tag>
<suite>
<stat name="ShineTest" id="s1" pass="5" fail="0" skip="0">ShineTest</stat>
</suite>
</statistics>
<errors>
</errors>
</robot>
