<?xml version="1.0" encoding="UTF-8"?>
<robot generator="Robot 7.2.2 (Python 3.13.3 on win32)" generated="2025-05-28T16:50:56.576221" rpa="false" schemaversion="5">
<suite id="s1" name="Tests" source="C:\Users\Lenovo\Desktop\SmartCliff-Admin\Tests">
<suite id="s1-s1" name="AboutUsTest" source="C:\Users\Lenovo\Desktop\SmartCliff-Admin\Tests\AboutUsTest.robot">
<test id="s1-s1-t1" name="Validate row addition in about us panel" line="12">
<kw name="Open the Browser with URL" owner="GenericResources" type="SETUP">
<kw name="Create Webdriver" owner="SeleniumLibrary">
<msg time="2025-05-28T16:50:56.945577" level="INFO">Creating an instance of the Chrome WebDriver.</msg>
<arg>${browser_name}</arg>
<doc>Creates an instance of Selenium WebDriver.</doc>
<status status="PASS" start="2025-05-28T16:50:56.945305" elapsed="1.583701"/>
</kw>
<kw name="Go To" owner="SeleniumLibrary">
<msg time="2025-05-28T16:50:58.530391" level="INFO">Opening url 'https://smart-cliff-admin.vercel.app/'</msg>
<arg>${url}</arg>
<doc>Navigates the current browser window to the provided ``url``.</doc>
<status status="PASS" start="2025-05-28T16:50:58.529620" elapsed="2.655585"/>
</kw>
<kw name="Maximize Browser Window" owner="SeleniumLibrary">
<doc>Maximizes current browser window.</doc>
<status status="PASS" start="2025-05-28T16:51:01.185555" elapsed="0.065052"/>
</kw>
<kw name="Set Selenium Implicit Wait" owner="SeleniumLibrary">
<arg>10</arg>
<doc>Sets the implicit wait value used by Selenium.</doc>
<status status="PASS" start="2025-05-28T16:51:01.250915" elapsed="0.008108"/>
</kw>
<status status="PASS" start="2025-05-28T16:50:56.944621" elapsed="4.314616"/>
</kw>
<kw name="Fill the valid Login Credentials" owner="GenericResources">
<kw name="Input Text" owner="SeleniumLibrary">
<msg time="2025-05-28T16:51:01.261102" level="INFO">Typing text 'abcraj@gmail.com' into text field 'xpath://input[@id='signin-email']'.</msg>
<arg>xpath://input[@id='signin-email']</arg>
<arg>${valid_username}</arg>
<doc>Types the given ``text`` into the text field identified by ``locator``.</doc>
<status status="PASS" start="2025-05-28T16:51:01.260289" elapsed="0.863230"/>
</kw>
<kw name="Input Password" owner="SeleniumLibrary">
<msg time="2025-05-28T16:51:02.125412" level="INFO">Typing password into text field 'xpath://input[@id='signin-password']'.</msg>
<msg time="2025-05-28T16:51:02.224905" level="INFO">Temporally setting log level to: NONE</msg>
<arg>xpath://input[@id='signin-password']</arg>
<arg>${valid_password}</arg>
<doc>Types the given password into the text field identified by ``locator``.</doc>
<status status="PASS" start="2025-05-28T16:51:02.124162" elapsed="0.488333"/>
</kw>
<kw name="Click Button" owner="SeleniumLibrary">
<msg time="2025-05-28T16:51:02.614599" level="INFO">Clicking button 'xpath://button[@id='signin-submit']'.</msg>
<arg>xpath://button[@id='signin-submit']</arg>
<doc>Clicks the button identified by ``locator``.</doc>
<status status="PASS" start="2025-05-28T16:51:02.613286" elapsed="0.515211"/>
</kw>
<status status="PASS" start="2025-05-28T16:51:01.259594" elapsed="1.869135"/>
</kw>
<kw name="click about us in side menu" owner="AboutUsResource">
<kw name="Wait Until Element Is Visible" owner="SeleniumLibrary">
<arg>${about_icon}</arg>
<doc>Waits until the element ``locator`` is visible.</doc>
<status status="PASS" start="2025-05-28T16:51:03.129751" elapsed="6.996661"/>
</kw>
<kw name="Click Element" owner="SeleniumLibrary">
<msg time="2025-05-28T16:51:10.127392" level="INFO">Clicking element 'xpath://*[@id="drawer"]/div/ul/li[2]/div'.</msg>
<arg>${about_icon}</arg>
<doc>Click the element identified by ``locator``.</doc>
<status status="PASS" start="2025-05-28T16:51:10.126819" elapsed="0.245736"/>
</kw>
<kw name="Wait Until Element Is Visible" owner="SeleniumLibrary">
<arg>${about_us}</arg>
<doc>Waits until the element ``locator`` is visible.</doc>
<status status="PASS" start="2025-05-28T16:51:10.372980" elapsed="0.063063"/>
</kw>
<kw name="Click Element" owner="SeleniumLibrary">
<msg time="2025-05-28T16:51:10.437035" level="INFO">Clicking element 'xpath://*[@id="drawer"]/div/ul/li[2]/div[2]/div/div/div/div[1]'.</msg>
<arg>${about_us}</arg>
<doc>Click the element identified by ``locator``.</doc>
<status status="PASS" start="2025-05-28T16:51:10.436447" elapsed="0.274680"/>
</kw>
<status status="PASS" start="2025-05-28T16:51:03.129075" elapsed="7.582269"/>
</kw>
<kw name="click add about us button" owner="AboutUsResource">
<kw name="Click Button" owner="SeleniumLibrary">
<msg time="2025-05-28T16:51:10.712658" level="INFO">Clicking button 'xpath://*[@id="root"]/div[1]/main/div[2]/div[1]/div[2]/button'.</msg>
<arg>${add_abt_us_btn}</arg>
<doc>Clicks the button identified by ``locator``.</doc>
<status status="PASS" start="2025-05-28T16:51:10.712216" elapsed="1.215509"/>
</kw>
<status status="PASS" start="2025-05-28T16:51:10.711637" elapsed="1.216315"/>
</kw>
<kw name="fill add about us form" owner="AboutUsResource">
<kw name="Wait Until Element Is Not Visible" owner="SeleniumLibrary">
<arg>${toast}</arg>
<arg>timeout=10s</arg>
<doc>Waits until the element ``locator`` is not visible.</doc>
<status status="PASS" start="2025-05-28T16:51:11.928823" elapsed="14.329747"/>
</kw>
<kw name="Input Text" owner="SeleniumLibrary">
<msg time="2025-05-28T16:51:26.259505" level="INFO">Typing text 'hello saranya' into text field 'xpath=//*[@id="root"]/div[1]/main/main/div/form/div[1]/div//input'.</msg>
<arg>${content_title_input}</arg>
<arg>${content_text}</arg>
<doc>Types the given ``text`` into the text field identified by ``locator``.</doc>
<status status="PASS" start="2025-05-28T16:51:26.258842" elapsed="0.522042"/>
</kw>
<kw name="Wait Until Element Is Visible" owner="SeleniumLibrary">
<arg>${DROPZONE_AREA}</arg>
<doc>Waits until the element ``locator`` is visible.</doc>
<status status="PASS" start="2025-05-28T16:51:26.781400" elapsed="0.030221"/>
</kw>
<kw name="Wait Until Element Is Enabled" owner="SeleniumLibrary">
<arg>${DROPZONE_AREA}</arg>
<doc>Waits until the element ``locator`` is enabled.</doc>
<status status="PASS" start="2025-05-28T16:51:26.811881" elapsed="0.029068"/>
</kw>
<kw name="Click Element" owner="SeleniumLibrary">
<msg time="2025-05-28T16:51:26.841901" level="INFO">Clicking element 'xpath://*[@id="root"]/div[1]/main/main/div/form/div[2]/div'.</msg>
<arg>${DROPZONE_AREA}</arg>
<doc>Click the element identified by ``locator``.</doc>
<status status="PASS" start="2025-05-28T16:51:26.841234" elapsed="0.081834"/>
</kw>
<kw name="Sleep" owner="BuiltIn">
<msg time="2025-05-28T16:51:27.924419" level="INFO">Slept 1 second.</msg>
<arg>1s</arg>
<doc>Pauses the test executed for the given time.</doc>
<status status="PASS" start="2025-05-28T16:51:26.923375" elapsed="1.001199"/>
</kw>
<kw name="Set Variable" owner="BuiltIn">
<msg time="2025-05-28T16:51:27.925344" level="INFO">${file_input} = css:input[type="file"][accept="image/*"]</msg>
<var>${file_input}</var>
<arg>css:input[type="file"][accept="image/*"]</arg>
<doc>Returns the given values which can then be assigned to a variables.</doc>
<status status="PASS" start="2025-05-28T16:51:27.924837" elapsed="0.000564"/>
</kw>
<kw name="Choose File" owner="SeleniumLibrary">
<msg time="2025-05-28T16:51:27.926034" level="INFO">Sending C:\Users\Lenovo\Desktop\SmartCliff-Admin\Resources\about_us_images\Sunlit Park Walk.jpg to browser.</msg>
<arg>${file_input}</arg>
<arg>${IMAGE_PATH}</arg>
<doc>Inputs the ``file_path`` into the file input field ``locator``.</doc>
<status status="PASS" start="2025-05-28T16:51:27.925604" elapsed="0.054396"/>
</kw>
<kw name="Click Button" owner="SeleniumLibrary">
<msg time="2025-05-28T16:51:27.980948" level="INFO">Clicking button 'xpath://*[@id="root"]/div[1]/main/main/div/form/button'.</msg>
<arg>${submit_content}</arg>
<doc>Clicks the button identified by ``locator``.</doc>
<status status="PASS" start="2025-05-28T16:51:27.980328" elapsed="0.242252"/>
</kw>
<kw name="Sleep" owner="BuiltIn">
<msg time="2025-05-28T16:51:33.223603" level="INFO">Slept 5 seconds.</msg>
<arg>5s</arg>
<doc>Pauses the test executed for the given time.</doc>
<status status="PASS" start="2025-05-28T16:51:28.222831" elapsed="5.001289"/>
</kw>
<status status="PASS" start="2025-05-28T16:51:11.928271" elapsed="21.296076"/>
</kw>
<kw name="Check new row is added in about us panel" owner="AboutUsResource">
<kw name="Page Should Contain" owner="SeleniumLibrary">
<msg time="2025-05-28T16:51:33.249304" level="INFO">Current page contains text 'hello saranya'.</msg>
<arg>${content_text}</arg>
<doc>Verifies that current page contains ``text``.</doc>
<status status="PASS" start="2025-05-28T16:51:33.225401" elapsed="0.024090"/>
</kw>
<status status="PASS" start="2025-05-28T16:51:33.224657" elapsed="0.024972"/>
</kw>
<kw name="delete the new row in about us panel" owner="AboutUsResource">
<kw name="Click Element" owner="SeleniumLibrary">
<msg time="2025-05-28T16:51:33.250885" level="INFO">Clicking element 'xpath=//td[contains(text(),'hello saranya')]//following-sibling::td//button[2]'.</msg>
<arg>xpath=//td[contains(text(),'${content_text}')]//following-sibling::td//button[2]</arg>
<doc>Click the element identified by ``locator``.</doc>
<status status="PASS" start="2025-05-28T16:51:33.250408" elapsed="0.192156"/>
</kw>
<kw name="Click Button" owner="SeleniumLibrary">
<msg time="2025-05-28T16:51:33.443952" level="INFO">Clicking button 'xpath:/html/body/div[2]/div[3]/div/div[2]/button[2]'.</msg>
<arg>${del_again}</arg>
<doc>Clicks the button identified by ``locator``.</doc>
<status status="PASS" start="2025-05-28T16:51:33.443168" elapsed="0.139951"/>
</kw>
<kw name="Sleep" owner="BuiltIn">
<msg time="2025-05-28T16:51:34.584223" level="INFO">Slept 1 second.</msg>
<arg>1s</arg>
<doc>Pauses the test executed for the given time.</doc>
<status status="PASS" start="2025-05-28T16:51:33.583364" elapsed="1.001049"/>
</kw>
<kw name="Page Should Not Contain" owner="SeleniumLibrary">
<msg time="2025-05-28T16:51:54.693808" level="INFO">Current page does not contain text 'hello saranya'.</msg>
<arg>${content_text}</arg>
<doc>Verifies the current page does not contain ``text``.</doc>
<status status="PASS" start="2025-05-28T16:51:34.584732" elapsed="20.109249"/>
</kw>
<status status="PASS" start="2025-05-28T16:51:33.249866" elapsed="21.444351"/>
</kw>
<kw name="Logout From Current Session" owner="LogoutResource">
<kw name="Wait Until Element Is Not Visible" owner="SeleniumLibrary">
<arg>${toast}</arg>
<arg>timeout=15s</arg>
<doc>Waits until the element ``locator`` is not visible.</doc>
<status status="PASS" start="2025-05-28T16:51:54.695704" elapsed="10.029042"/>
</kw>
<kw name="Set Variable" owner="BuiltIn">
<msg time="2025-05-28T16:52:04.725683" level="INFO">${logout_success} = False</msg>
<var>${logout_success}</var>
<arg>False</arg>
<doc>Returns the given values which can then be assigned to a variables.</doc>
<status status="PASS" start="2025-05-28T16:52:04.725105" elapsed="0.000650"/>
</kw>
<while condition="${RETRY_COUNT} &lt; ${MAX_RETRIES}">
<iter>
<kw name="Click Element" owner="SeleniumLibrary">
<msg time="2025-05-28T16:52:04.727502" level="INFO">Clicking element 'xpath://*[@id="appbar"]/div/button[2]'.</msg>
<arg>${user_icon}</arg>
<doc>Click the element identified by ``locator``.</doc>
<status status="PASS" start="2025-05-28T16:52:04.727006" elapsed="0.175598"/>
</kw>
<kw name="Wait Until Element Is Visible" owner="SeleniumLibrary">
<arg>${logout_btn}</arg>
<arg>timeout=5s</arg>
<doc>Waits until the element ``locator`` is visible.</doc>
<status status="PASS" start="2025-05-28T16:52:04.903248" elapsed="0.033545"/>
</kw>
<kw name="Click Element" owner="SeleniumLibrary">
<msg time="2025-05-28T16:52:04.937592" level="INFO">Clicking element 'xpath://*[@id="account-menu"]/div[3]/ul/li[2]'.</msg>
<arg>${logout_btn}</arg>
<doc>Click the element identified by ``locator``.</doc>
<status status="PASS" start="2025-05-28T16:52:04.937081" elapsed="1.343964"/>
</kw>
<kw name="Run Keyword And Return Status" owner="BuiltIn">
<kw name="Page Should Contain Element" owner="SeleniumLibrary">
<msg time="2025-05-28T16:52:06.707313" level="INFO">Current page contains element 'xpath://*[@id="signin-submit"]'.</msg>
<arg>${login_btn}</arg>
<doc>Verifies that element ``locator`` is found on the current page.</doc>
<status status="PASS" start="2025-05-28T16:52:06.283069" elapsed="0.424466"/>
</kw>
<msg time="2025-05-28T16:52:06.707869" level="INFO">${logout_success} = True</msg>
<var>${logout_success}</var>
<arg>Page Should Contain Element</arg>
<arg>${login_btn}</arg>
<doc>Runs the given keyword with given arguments and returns the status as a Boolean value.</doc>
<status status="PASS" start="2025-05-28T16:52:06.281794" elapsed="0.426151"/>
</kw>
<kw name="Get Location" owner="SeleniumLibrary">
<msg time="2025-05-28T16:52:06.720848" level="INFO">${url} = https://smart-cliff-admin.vercel.app/</msg>
<var>${url}</var>
<doc>Returns the current browser window URL.</doc>
<status status="PASS" start="2025-05-28T16:52:06.708288" elapsed="0.012683"/>
</kw>
<kw name="Log To Console" owner="BuiltIn">
<arg>Current URL: ${url}</arg>
<doc>Logs the given message to the console.</doc>
<status status="PASS" start="2025-05-28T16:52:06.721367" elapsed="0.001134"/>
</kw>
<kw name="Exit For Loop If" owner="BuiltIn">
<msg time="2025-05-28T16:52:06.723541" level="INFO">Exiting for loop altogether.</msg>
<arg>${logout_success}</arg>
<doc>Stops executing the enclosing FOR loop if the ``condition`` is true.</doc>
<status status="PASS" start="2025-05-28T16:52:06.722857" elapsed="0.000891"/>
</kw>
<kw name="Sleep" owner="BuiltIn">
<arg>1s</arg>
<doc>Pauses the test executed for the given time.</doc>
<status status="NOT RUN" start="2025-05-28T16:52:06.724203" elapsed="0.000347"/>
</kw>
<kw name="Evaluate" owner="BuiltIn">
<var>${RETRY_COUNT}</var>
<arg>${RETRY_COUNT} + 1</arg>
<doc>Evaluates the given expression in Python and returns the result.</doc>
<status status="NOT RUN" start="2025-05-28T16:52:06.724896" elapsed="0.000284"/>
</kw>
<status status="PASS" start="2025-05-28T16:52:04.725932" elapsed="1.999404"/>
</iter>
<status status="PASS" start="2025-05-28T16:52:04.725927" elapsed="1.999603"/>
</while>
<if>
<branch type="IF" condition="not ${logout_success}">
<kw name="Fail" owner="BuiltIn">
<arg>Logout failed after ${MAX_RETRIES} retries</arg>
<doc>Fails the test with the given message and optionally alters its tags.</doc>
<status status="NOT RUN" start="2025-05-28T16:52:06.726684" elapsed="0.000251"/>
</kw>
<status status="NOT RUN" start="2025-05-28T16:52:06.725846" elapsed="0.001277"/>
</branch>
<status status="PASS" start="2025-05-28T16:52:06.725777" elapsed="0.001490"/>
</if>
<status status="PASS" start="2025-05-28T16:51:54.694837" elapsed="12.032580"/>
</kw>
<kw name="Close browser session" owner="GenericResources" type="TEARDOWN">
<kw name="Close Browser" owner="SeleniumLibrary">
<doc>Closes the current browser.</doc>
<status status="PASS" start="2025-05-28T16:52:06.728969" elapsed="2.273166"/>
</kw>
<status status="PASS" start="2025-05-28T16:52:06.727946" elapsed="2.274432"/>
</kw>
<status status="PASS" start="2025-05-28T16:50:56.943777" elapsed="72.058693"/>
</test>
<doc>Test on About us</doc>
<status status="PASS" start="2025-05-28T16:50:56.627058" elapsed="72.382127"/>
</suite>
<status status="PASS" start="2025-05-28T16:50:56.612515" elapsed="72.397558"/>
</suite>
<statistics>
<total>
<stat pass="1" fail="0" skip="0">All Tests</stat>
</total>
<tag>
</tag>
<suite>
<stat name="Tests" id="s1" pass="1" fail="0" skip="0">Tests</stat>
<stat name="AboutUsTest" id="s1-s1" pass="1" fail="0" skip="0">Tests.AboutUsTest</stat>
</suite>
</statistics>
<errors>
</errors>
</robot>
